<?xml version="1.0" encoding="UTF-8"?>
<coverage generated="1710513315916" clover="3.2.0">
  <project timestamp="1710513315916" name="All files">
    <metrics statements="565" coveredstatements="445" conditionals="242" coveredconditionals="160" methods="143" coveredmethods="101" elements="950" coveredelements="706" complexity="0" loc="565" ncloc="565" packages="27" files="57" classes="57"/>
    <package name="components.Characters.CharactersSmallList">
      <metrics statements="21" coveredstatements="17" conditionals="11" coveredconditionals="7" methods="4" coveredmethods="3"/>
      <file name="CharactersSmallList.module.scss" path="C:\Users\user\YandexDisk\Cloud projects\comics-shop\src\components\Characters\CharactersSmallList\CharactersSmallList.module.scss">
        <metrics statements="10" coveredstatements="6" conditionals="6" coveredconditionals="4" methods="2" coveredmethods="1"/>
        <line num="1" count="5" type="stmt"/>
        <line num="3" count="5" type="cond" truecount="3" falsecount="1"/>
        <line num="4" count="5" type="stmt"/>
        <line num="7" count="5" type="stmt"/>
        <line num="9" count="13" type="cond" truecount="1" falsecount="1"/>
        <line num="10" count="13" type="stmt"/>
        <line num="12" count="0" type="stmt"/>
        <line num="16" count="0" type="stmt"/>
        <line num="20" count="0" type="stmt"/>
        <line num="23" count="0" type="stmt"/>
      </file>
      <file name="CharactersSmallList.tsx" path="C:\Users\user\YandexDisk\Cloud projects\comics-shop\src\components\Characters\CharactersSmallList\CharactersSmallList.tsx">
        <metrics statements="11" coveredstatements="11" conditionals="5" coveredconditionals="3" methods="2" coveredmethods="2"/>
        <line num="2" count="5" type="stmt"/>
        <line num="4" count="5" type="stmt"/>
        <line num="5" count="5" type="stmt"/>
        <line num="11" count="5" type="stmt"/>
        <line num="15" count="5" type="stmt"/>
        <line num="16" count="5" type="stmt"/>
        <line num="18" count="5" type="stmt"/>
        <line num="28" count="5" type="cond" truecount="0" falsecount="1"/>
        <line num="30" count="5" type="stmt"/>
        <line num="51" count="2" type="stmt"/>
        <line num="70" count="5" type="stmt"/>
      </file>
    </package>
    <package name="components.Comics.ComicCard">
      <metrics statements="29" coveredstatements="25" conditionals="8" coveredconditionals="6" methods="5" coveredmethods="4"/>
      <file name="ComicCard.module.scss" path="C:\Users\user\YandexDisk\Cloud projects\comics-shop\src\components\Comics\ComicCard\ComicCard.module.scss">
        <metrics statements="10" coveredstatements="6" conditionals="6" coveredconditionals="4" methods="2" coveredmethods="1"/>
        <line num="1" count="5" type="stmt"/>
        <line num="3" count="5" type="cond" truecount="3" falsecount="1"/>
        <line num="4" count="5" type="stmt"/>
        <line num="7" count="5" type="stmt"/>
        <line num="9" count="132" type="cond" truecount="1" falsecount="1"/>
        <line num="10" count="132" type="stmt"/>
        <line num="12" count="0" type="stmt"/>
        <line num="16" count="0" type="stmt"/>
        <line num="20" count="0" type="stmt"/>
        <line num="23" count="0" type="stmt"/>
      </file>
      <file name="ComicCard.tsx" path="C:\Users\user\YandexDisk\Cloud projects\comics-shop\src\components\Comics\ComicCard\ComicCard.tsx">
        <metrics statements="19" coveredstatements="19" conditionals="2" coveredconditionals="2" methods="3" coveredmethods="3"/>
        <line num="1" count="5" type="stmt"/>
        <line num="2" count="5" type="stmt"/>
        <line num="4" count="5" type="stmt"/>
        <line num="9" count="5" type="stmt"/>
        <line num="10" count="5" type="stmt"/>
        <line num="11" count="5" type="stmt"/>
        <line num="17" count="5" type="stmt"/>
        <line num="18" count="9" type="stmt"/>
        <line num="19" count="9" type="stmt"/>
        <line num="20" count="9" type="stmt"/>
        <line num="22" count="9" type="stmt"/>
        <line num="32" count="9" type="stmt"/>
        <line num="33" count="2" type="stmt"/>
        <line num="34" count="2" type="stmt"/>
        <line num="37" count="9" type="stmt"/>
        <line num="38" count="2" type="stmt"/>
        <line num="39" count="2" type="stmt"/>
        <line num="42" count="9" type="stmt"/>
        <line num="100" count="5" type="stmt"/>
      </file>
    </package>
    <package name="components.Comics.ComicFilter">
      <metrics statements="21" coveredstatements="17" conditionals="6" coveredconditionals="4" methods="11" coveredmethods="10"/>
      <file name="ComicFilter.module.scss" path="C:\Users\user\YandexDisk\Cloud projects\comics-shop\src\components\Comics\ComicFilter\ComicFilter.module.scss">
        <metrics statements="10" coveredstatements="6" conditionals="6" coveredconditionals="4" methods="2" coveredmethods="1"/>
        <line num="1" count="6" type="stmt"/>
        <line num="3" count="6" type="cond" truecount="3" falsecount="1"/>
        <line num="4" count="6" type="stmt"/>
        <line num="7" count="6" type="stmt"/>
        <line num="9" count="18" type="cond" truecount="1" falsecount="1"/>
        <line num="10" count="18" type="stmt"/>
        <line num="12" count="0" type="stmt"/>
        <line num="16" count="0" type="stmt"/>
        <line num="20" count="0" type="stmt"/>
        <line num="23" count="0" type="stmt"/>
      </file>
      <file name="ComicFilter.tsx" path="C:\Users\user\YandexDisk\Cloud projects\comics-shop\src\components\Comics\ComicFilter\ComicFilter.tsx">
        <metrics statements="11" coveredstatements="11" conditionals="0" coveredconditionals="0" methods="9" coveredmethods="9"/>
        <line num="2" count="6" type="stmt"/>
        <line num="3" count="6" type="stmt"/>
        <line num="4" count="6" type="stmt"/>
        <line num="5" count="6" type="stmt"/>
        <line num="12" count="6" type="stmt"/>
        <line num="13" count="6" type="stmt"/>
        <line num="19" count="2" type="stmt"/>
        <line num="33" count="2" type="stmt"/>
        <line num="47" count="2" type="stmt"/>
        <line num="67" count="1" type="stmt"/>
        <line num="74" count="6" type="stmt"/>
      </file>
    </package>
    <package name="components.Comics.ComicList">
      <metrics statements="19" coveredstatements="15" conditionals="9" coveredconditionals="7" methods="4" coveredmethods="3"/>
      <file name="ComicsList.module.scss" path="C:\Users\user\YandexDisk\Cloud projects\comics-shop\src\components\Comics\ComicList\ComicsList.module.scss">
        <metrics statements="10" coveredstatements="6" conditionals="6" coveredconditionals="4" methods="2" coveredmethods="1"/>
        <line num="1" count="5" type="stmt"/>
        <line num="3" count="5" type="cond" truecount="3" falsecount="1"/>
        <line num="4" count="5" type="stmt"/>
        <line num="7" count="5" type="stmt"/>
        <line num="9" count="6" type="cond" truecount="1" falsecount="1"/>
        <line num="10" count="6" type="stmt"/>
        <line num="12" count="0" type="stmt"/>
        <line num="16" count="0" type="stmt"/>
        <line num="20" count="0" type="stmt"/>
        <line num="23" count="0" type="stmt"/>
      </file>
      <file name="ComicsList.tsx" path="C:\Users\user\YandexDisk\Cloud projects\comics-shop\src\components\Comics\ComicList\ComicsList.tsx">
        <metrics statements="9" coveredstatements="9" conditionals="3" coveredconditionals="3" methods="2" coveredmethods="2"/>
        <line num="2" count="5" type="stmt"/>
        <line num="3" count="5" type="stmt"/>
        <line num="4" count="5" type="stmt"/>
        <line num="11" count="5" type="stmt"/>
        <line num="12" count="4" type="cond" truecount="3" falsecount="0"/>
        <line num="13" count="2" type="stmt"/>
        <line num="21" count="2" type="stmt"/>
        <line num="27" count="1" type="stmt"/>
        <line num="33" count="5" type="stmt"/>
      </file>
    </package>
    <package name="components.Creators.CreatorsList">
      <metrics statements="20" coveredstatements="16" conditionals="11" coveredconditionals="7" methods="4" coveredmethods="3"/>
      <file name="CreatorsList.module.scss" path="C:\Users\user\YandexDisk\Cloud projects\comics-shop\src\components\Creators\CreatorsList\CreatorsList.module.scss">
        <metrics statements="10" coveredstatements="6" conditionals="6" coveredconditionals="4" methods="2" coveredmethods="1"/>
        <line num="1" count="6" type="stmt"/>
        <line num="3" count="6" type="cond" truecount="3" falsecount="1"/>
        <line num="4" count="6" type="stmt"/>
        <line num="7" count="6" type="stmt"/>
        <line num="9" count="7" type="cond" truecount="1" falsecount="1"/>
        <line num="10" count="7" type="stmt"/>
        <line num="12" count="0" type="stmt"/>
        <line num="16" count="0" type="stmt"/>
        <line num="20" count="0" type="stmt"/>
        <line num="23" count="0" type="stmt"/>
      </file>
      <file name="CreatorsList.tsx" path="C:\Users\user\YandexDisk\Cloud projects\comics-shop\src\components\Creators\CreatorsList\CreatorsList.tsx">
        <metrics statements="10" coveredstatements="10" conditionals="5" coveredconditionals="3" methods="2" coveredmethods="2"/>
        <line num="2" count="6" type="stmt"/>
        <line num="3" count="6" type="stmt"/>
        <line num="8" count="6" type="stmt"/>
        <line num="9" count="4" type="stmt"/>
        <line num="10" count="4" type="stmt"/>
        <line num="12" count="4" type="stmt"/>
        <line num="22" count="4" type="cond" truecount="0" falsecount="1"/>
        <line num="24" count="4" type="stmt"/>
        <line num="47" count="1" type="stmt"/>
        <line num="57" count="6" type="stmt"/>
      </file>
    </package>
    <package name="components.Layout.Navbar">
      <metrics statements="18" coveredstatements="14" conditionals="12" coveredconditionals="10" methods="6" coveredmethods="5"/>
      <file name="Navbar.module.scss" path="C:\Users\user\YandexDisk\Cloud projects\comics-shop\src\components\Layout\Navbar\Navbar.module.scss">
        <metrics statements="10" coveredstatements="6" conditionals="6" coveredconditionals="4" methods="2" coveredmethods="1"/>
        <line num="1" count="1" type="stmt"/>
        <line num="3" count="1" type="cond" truecount="3" falsecount="1"/>
        <line num="4" count="1" type="stmt"/>
        <line num="7" count="1" type="stmt"/>
        <line num="9" count="37" type="cond" truecount="1" falsecount="1"/>
        <line num="10" count="37" type="stmt"/>
        <line num="12" count="0" type="stmt"/>
        <line num="16" count="0" type="stmt"/>
        <line num="20" count="0" type="stmt"/>
        <line num="23" count="0" type="stmt"/>
      </file>
      <file name="Navbar.tsx" path="C:\Users\user\YandexDisk\Cloud projects\comics-shop\src\components\Layout\Navbar\Navbar.tsx">
        <metrics statements="8" coveredstatements="8" conditionals="6" coveredconditionals="6" methods="4" coveredmethods="4"/>
        <line num="1" count="1" type="stmt"/>
        <line num="2" count="1" type="stmt"/>
        <line num="4" count="1" type="stmt"/>
        <line num="5" count="5" type="stmt"/>
        <line num="21" count="8" type="cond" truecount="2" falsecount="0"/>
        <line num="35" count="8" type="cond" truecount="2" falsecount="0"/>
        <line num="49" count="8" type="cond" truecount="2" falsecount="0"/>
        <line num="65" count="1" type="stmt"/>
      </file>
    </package>
    <package name="components.UI.Card">
      <metrics statements="15" coveredstatements="11" conditionals="6" coveredconditionals="4" methods="3" coveredmethods="2"/>
      <file name="Card.module.scss" path="C:\Users\user\YandexDisk\Cloud projects\comics-shop\src\components\UI\Card\Card.module.scss">
        <metrics statements="10" coveredstatements="6" conditionals="6" coveredconditionals="4" methods="2" coveredmethods="1"/>
        <line num="1" count="6" type="stmt"/>
        <line num="3" count="6" type="cond" truecount="3" falsecount="1"/>
        <line num="4" count="6" type="stmt"/>
        <line num="7" count="6" type="stmt"/>
        <line num="9" count="14" type="cond" truecount="1" falsecount="1"/>
        <line num="10" count="14" type="stmt"/>
        <line num="12" count="0" type="stmt"/>
        <line num="16" count="0" type="stmt"/>
        <line num="20" count="0" type="stmt"/>
        <line num="23" count="0" type="stmt"/>
      </file>
      <file name="Card.tsx" path="C:\Users\user\YandexDisk\Cloud projects\comics-shop\src\components\UI\Card\Card.tsx">
        <metrics statements="5" coveredstatements="5" conditionals="0" coveredconditionals="0" methods="1" coveredmethods="1"/>
        <line num="2" count="6" type="stmt"/>
        <line num="10" count="6" type="stmt"/>
        <line num="11" count="14" type="stmt"/>
        <line num="13" count="14" type="stmt"/>
        <line num="20" count="6" type="stmt"/>
      </file>
    </package>
    <package name="components.UI.Carousel">
      <metrics statements="50" coveredstatements="42" conditionals="22" coveredconditionals="16" methods="14" coveredmethods="12"/>
      <file name="Carousel.module.scss" path="C:\Users\user\YandexDisk\Cloud projects\comics-shop\src\components\UI\Carousel\Carousel.module.scss">
        <metrics statements="10" coveredstatements="6" conditionals="6" coveredconditionals="4" methods="2" coveredmethods="1"/>
        <line num="1" count="5" type="stmt"/>
        <line num="3" count="5" type="cond" truecount="3" falsecount="1"/>
        <line num="4" count="5" type="stmt"/>
        <line num="7" count="5" type="stmt"/>
        <line num="9" count="105" type="cond" truecount="1" falsecount="1"/>
        <line num="10" count="105" type="stmt"/>
        <line num="12" count="0" type="stmt"/>
        <line num="16" count="0" type="stmt"/>
        <line num="20" count="0" type="stmt"/>
        <line num="23" count="0" type="stmt"/>
      </file>
      <file name="Carousel.tsx" path="C:\Users\user\YandexDisk\Cloud projects\comics-shop\src\components\UI\Carousel\Carousel.tsx">
        <metrics statements="20" coveredstatements="20" conditionals="10" coveredconditionals="8" methods="8" coveredmethods="8"/>
        <line num="1" count="5" type="stmt"/>
        <line num="3" count="5" type="stmt"/>
        <line num="4" count="5" type="stmt"/>
        <line num="5" count="5" type="stmt"/>
        <line num="6" count="5" type="stmt"/>
        <line num="16" count="5" type="stmt"/>
        <line num="23" count="21" type="stmt"/>
        <line num="24" count="21" type="stmt"/>
        <line num="26" count="21" type="stmt"/>
        <line num="27" count="1" type="stmt"/>
        <line num="28" count="1" type="cond" truecount="1" falsecount="1"/>
        <line num="32" count="21" type="stmt"/>
        <line num="33" count="2" type="stmt"/>
        <line num="34" count="2" type="cond" truecount="1" falsecount="1"/>
        <line num="38" count="21" type="stmt"/>
        <line num="39" count="18" type="cond" truecount="2" falsecount="0"/>
        <line num="43" count="18" type="stmt"/>
        <line num="46" count="21" type="stmt"/>
        <line num="56" count="63" type="stmt"/>
        <line num="79" count="5" type="stmt"/>
      </file>
      <file name="CarouselSlide.module.scss" path="C:\Users\user\YandexDisk\Cloud projects\comics-shop\src\components\UI\Carousel\CarouselSlide.module.scss">
        <metrics statements="10" coveredstatements="6" conditionals="6" coveredconditionals="4" methods="2" coveredmethods="1"/>
        <line num="1" count="5" type="stmt"/>
        <line num="3" count="5" type="cond" truecount="3" falsecount="1"/>
        <line num="4" count="5" type="stmt"/>
        <line num="7" count="5" type="stmt"/>
        <line num="9" count="504" type="cond" truecount="1" falsecount="1"/>
        <line num="10" count="504" type="stmt"/>
        <line num="12" count="0" type="stmt"/>
        <line num="16" count="0" type="stmt"/>
        <line num="20" count="0" type="stmt"/>
        <line num="23" count="0" type="stmt"/>
      </file>
      <file name="CarouselSlide.tsx" path="C:\Users\user\YandexDisk\Cloud projects\comics-shop\src\components\UI\Carousel\CarouselSlide.tsx">
        <metrics statements="9" coveredstatements="9" conditionals="0" coveredconditionals="0" methods="2" coveredmethods="2"/>
        <line num="2" count="5" type="stmt"/>
        <line num="4" count="5" type="stmt"/>
        <line num="13" count="5" type="stmt"/>
        <line num="20" count="63" type="stmt"/>
        <line num="23" count="63" type="stmt"/>
        <line num="30" count="63" type="stmt"/>
        <line num="32" count="63" type="stmt"/>
        <line num="54" count="252" type="stmt"/>
        <line num="64" count="5" type="stmt"/>
      </file>
      <file name="images.ts" path="C:\Users\user\YandexDisk\Cloud projects\comics-shop\src\components\UI\Carousel\images.ts">
        <metrics statements="1" coveredstatements="1" conditionals="0" coveredconditionals="0" methods="0" coveredmethods="0"/>
        <line num="3" count="5" type="stmt"/>
      </file>
    </package>
    <package name="components.UI.CartButton">
      <metrics statements="15" coveredstatements="11" conditionals="10" coveredconditionals="8" methods="3" coveredmethods="2"/>
      <file name="CartButton.module.scss" path="C:\Users\user\YandexDisk\Cloud projects\comics-shop\src\components\UI\CartButton\CartButton.module.scss">
        <metrics statements="10" coveredstatements="6" conditionals="6" coveredconditionals="4" methods="2" coveredmethods="1"/>
        <line num="1" count="5" type="stmt"/>
        <line num="3" count="5" type="cond" truecount="3" falsecount="1"/>
        <line num="4" count="5" type="stmt"/>
        <line num="7" count="5" type="stmt"/>
        <line num="9" count="11" type="cond" truecount="1" falsecount="1"/>
        <line num="10" count="11" type="stmt"/>
        <line num="12" count="0" type="stmt"/>
        <line num="16" count="0" type="stmt"/>
        <line num="20" count="0" type="stmt"/>
        <line num="23" count="0" type="stmt"/>
      </file>
      <file name="CartButton.tsx" path="C:\Users\user\YandexDisk\Cloud projects\comics-shop\src\components\UI\CartButton\CartButton.tsx">
        <metrics statements="5" coveredstatements="5" conditionals="4" coveredconditionals="4" methods="1" coveredmethods="1"/>
        <line num="2" count="5" type="stmt"/>
        <line num="8" count="5" type="stmt"/>
        <line num="14" count="11" type="stmt"/>
        <line num="16" count="11" type="stmt"/>
        <line num="56" count="5" type="stmt"/>
      </file>
    </package>
    <package name="components.UI.Error">
      <metrics statements="14" coveredstatements="7" conditionals="6" coveredconditionals="3" methods="3" coveredmethods="0"/>
      <file name="Error.module.scss" path="C:\Users\user\YandexDisk\Cloud projects\comics-shop\src\components\UI\Error\Error.module.scss">
        <metrics statements="10" coveredstatements="4" conditionals="6" coveredconditionals="3" methods="2" coveredmethods="0"/>
        <line num="1" count="5" type="stmt"/>
        <line num="3" count="5" type="cond" truecount="3" falsecount="1"/>
        <line num="4" count="5" type="stmt"/>
        <line num="7" count="5" type="stmt"/>
        <line num="9" count="0" type="cond" truecount="0" falsecount="2"/>
        <line num="10" count="0" type="stmt"/>
        <line num="12" count="0" type="stmt"/>
        <line num="16" count="0" type="stmt"/>
        <line num="20" count="0" type="stmt"/>
        <line num="23" count="0" type="stmt"/>
      </file>
      <file name="Error.tsx" path="C:\Users\user\YandexDisk\Cloud projects\comics-shop\src\components\UI\Error\Error.tsx">
        <metrics statements="4" coveredstatements="3" conditionals="0" coveredconditionals="0" methods="1" coveredmethods="0"/>
        <line num="1" count="5" type="stmt"/>
        <line num="6" count="5" type="stmt"/>
        <line num="7" count="0" type="stmt"/>
        <line num="15" count="5" type="stmt"/>
      </file>
    </package>
    <package name="components.UI.FavoriteButton">
      <metrics statements="15" coveredstatements="11" conditionals="10" coveredconditionals="8" methods="3" coveredmethods="2"/>
      <file name="FavoriteButton.module.scss" path="C:\Users\user\YandexDisk\Cloud projects\comics-shop\src\components\UI\FavoriteButton\FavoriteButton.module.scss">
        <metrics statements="10" coveredstatements="6" conditionals="6" coveredconditionals="4" methods="2" coveredmethods="1"/>
        <line num="1" count="5" type="stmt"/>
        <line num="3" count="5" type="cond" truecount="3" falsecount="1"/>
        <line num="4" count="5" type="stmt"/>
        <line num="7" count="5" type="stmt"/>
        <line num="9" count="11" type="cond" truecount="1" falsecount="1"/>
        <line num="10" count="11" type="stmt"/>
        <line num="12" count="0" type="stmt"/>
        <line num="16" count="0" type="stmt"/>
        <line num="20" count="0" type="stmt"/>
        <line num="23" count="0" type="stmt"/>
      </file>
      <file name="FavoriteButton.tsx" path="C:\Users\user\YandexDisk\Cloud projects\comics-shop\src\components\UI\FavoriteButton\FavoriteButton.tsx">
        <metrics statements="5" coveredstatements="5" conditionals="4" coveredconditionals="4" methods="1" coveredmethods="1"/>
        <line num="2" count="5" type="stmt"/>
        <line num="8" count="5" type="stmt"/>
        <line num="14" count="11" type="stmt"/>
        <line num="16" count="11" type="stmt"/>
        <line num="42" count="5" type="stmt"/>
      </file>
    </package>
    <package name="components.UI.Input">
      <metrics statements="18" coveredstatements="14" conditionals="6" coveredconditionals="4" methods="4" coveredmethods="2"/>
      <file name="Input.module.scss" path="C:\Users\user\YandexDisk\Cloud projects\comics-shop\src\components\UI\Input\Input.module.scss">
        <metrics statements="10" coveredstatements="6" conditionals="6" coveredconditionals="4" methods="2" coveredmethods="1"/>
        <line num="1" count="6" type="stmt"/>
        <line num="3" count="6" type="cond" truecount="3" falsecount="1"/>
        <line num="4" count="6" type="stmt"/>
        <line num="7" count="6" type="stmt"/>
        <line num="9" count="6" type="cond" truecount="1" falsecount="1"/>
        <line num="10" count="6" type="stmt"/>
        <line num="12" count="0" type="stmt"/>
        <line num="16" count="0" type="stmt"/>
        <line num="20" count="0" type="stmt"/>
        <line num="23" count="0" type="stmt"/>
      </file>
      <file name="Input.tsx" path="C:\Users\user\YandexDisk\Cloud projects\comics-shop\src\components\UI\Input\Input.tsx">
        <metrics statements="8" coveredstatements="8" conditionals="0" coveredconditionals="0" methods="2" coveredmethods="1"/>
        <line num="1" count="6" type="stmt"/>
        <line num="2" count="6" type="stmt"/>
        <line num="6" count="6" type="stmt"/>
        <line num="8" count="6" type="stmt"/>
        <line num="9" count="6" type="stmt"/>
        <line num="11" count="6" type="stmt"/>
        <line num="13" count="6" type="stmt"/>
        <line num="17" count="6" type="stmt"/>
      </file>
    </package>
    <package name="components.UI.Loader">
      <metrics statements="14" coveredstatements="10" conditionals="6" coveredconditionals="4" methods="3" coveredmethods="2"/>
      <file name="Loader.module.scss" path="C:\Users\user\YandexDisk\Cloud projects\comics-shop\src\components\UI\Loader\Loader.module.scss">
        <metrics statements="10" coveredstatements="6" conditionals="6" coveredconditionals="4" methods="2" coveredmethods="1"/>
        <line num="1" count="5" type="stmt"/>
        <line num="3" count="5" type="cond" truecount="3" falsecount="1"/>
        <line num="4" count="5" type="stmt"/>
        <line num="7" count="5" type="stmt"/>
        <line num="9" count="2" type="cond" truecount="1" falsecount="1"/>
        <line num="10" count="2" type="stmt"/>
        <line num="12" count="0" type="stmt"/>
        <line num="16" count="0" type="stmt"/>
        <line num="20" count="0" type="stmt"/>
        <line num="23" count="0" type="stmt"/>
      </file>
      <file name="Loader.tsx" path="C:\Users\user\YandexDisk\Cloud projects\comics-shop\src\components\UI\Loader\Loader.tsx">
        <metrics statements="4" coveredstatements="4" conditionals="0" coveredconditionals="0" methods="1" coveredmethods="1"/>
        <line num="1" count="5" type="stmt"/>
        <line num="3" count="5" type="stmt"/>
        <line num="4" count="2" type="stmt"/>
        <line num="16" count="5" type="stmt"/>
      </file>
    </package>
    <package name="components.UI.NextButton">
      <metrics statements="15" coveredstatements="11" conditionals="6" coveredconditionals="4" methods="3" coveredmethods="2"/>
      <file name="NextButton.module.scss" path="C:\Users\user\YandexDisk\Cloud projects\comics-shop\src\components\UI\NextButton\NextButton.module.scss">
        <metrics statements="10" coveredstatements="6" conditionals="6" coveredconditionals="4" methods="2" coveredmethods="1"/>
        <line num="1" count="5" type="stmt"/>
        <line num="3" count="5" type="cond" truecount="3" falsecount="1"/>
        <line num="4" count="5" type="stmt"/>
        <line num="7" count="5" type="stmt"/>
        <line num="9" count="46" type="cond" truecount="1" falsecount="1"/>
        <line num="10" count="46" type="stmt"/>
        <line num="12" count="0" type="stmt"/>
        <line num="16" count="0" type="stmt"/>
        <line num="20" count="0" type="stmt"/>
        <line num="23" count="0" type="stmt"/>
      </file>
      <file name="NextButton.tsx" path="C:\Users\user\YandexDisk\Cloud projects\comics-shop\src\components\UI\NextButton\NextButton.tsx">
        <metrics statements="5" coveredstatements="5" conditionals="0" coveredconditionals="0" methods="1" coveredmethods="1"/>
        <line num="2" count="5" type="stmt"/>
        <line num="8" count="5" type="stmt"/>
        <line num="13" count="23" type="stmt"/>
        <line num="15" count="23" type="stmt"/>
        <line num="22" count="5" type="stmt"/>
      </file>
    </package>
    <package name="components.UI.PrevButton">
      <metrics statements="15" coveredstatements="11" conditionals="6" coveredconditionals="4" methods="3" coveredmethods="2"/>
      <file name="PrevButton.module.scss" path="C:\Users\user\YandexDisk\Cloud projects\comics-shop\src\components\UI\PrevButton\PrevButton.module.scss">
        <metrics statements="10" coveredstatements="6" conditionals="6" coveredconditionals="4" methods="2" coveredmethods="1"/>
        <line num="1" count="5" type="stmt"/>
        <line num="3" count="5" type="cond" truecount="3" falsecount="1"/>
        <line num="4" count="5" type="stmt"/>
        <line num="7" count="5" type="stmt"/>
        <line num="9" count="46" type="cond" truecount="1" falsecount="1"/>
        <line num="10" count="46" type="stmt"/>
        <line num="12" count="0" type="stmt"/>
        <line num="16" count="0" type="stmt"/>
        <line num="20" count="0" type="stmt"/>
        <line num="23" count="0" type="stmt"/>
      </file>
      <file name="PrevButton.tsx" path="C:\Users\user\YandexDisk\Cloud projects\comics-shop\src\components\UI\PrevButton\PrevButton.tsx">
        <metrics statements="5" coveredstatements="5" conditionals="0" coveredconditionals="0" methods="1" coveredmethods="1"/>
        <line num="2" count="5" type="stmt"/>
        <line num="8" count="5" type="stmt"/>
        <line num="13" count="23" type="stmt"/>
        <line num="15" count="23" type="stmt"/>
        <line num="22" count="5" type="stmt"/>
      </file>
    </package>
    <package name="components.UI.Select">
      <metrics statements="22" coveredstatements="18" conditionals="9" coveredconditionals="7" methods="6" coveredmethods="5"/>
      <file name="Select.module.scss" path="C:\Users\user\YandexDisk\Cloud projects\comics-shop\src\components\UI\Select\Select.module.scss">
        <metrics statements="10" coveredstatements="6" conditionals="6" coveredconditionals="4" methods="2" coveredmethods="1"/>
        <line num="1" count="6" type="stmt"/>
        <line num="3" count="6" type="cond" truecount="3" falsecount="1"/>
        <line num="4" count="6" type="stmt"/>
        <line num="7" count="6" type="stmt"/>
        <line num="9" count="36" type="cond" truecount="1" falsecount="1"/>
        <line num="10" count="36" type="stmt"/>
        <line num="12" count="0" type="stmt"/>
        <line num="16" count="0" type="stmt"/>
        <line num="20" count="0" type="stmt"/>
        <line num="23" count="0" type="stmt"/>
      </file>
      <file name="Select.tsx" path="C:\Users\user\YandexDisk\Cloud projects\comics-shop\src\components\UI\Select\Select.tsx">
        <metrics statements="12" coveredstatements="12" conditionals="3" coveredconditionals="3" methods="4" coveredmethods="4"/>
        <line num="1" count="6" type="stmt"/>
        <line num="2" count="6" type="stmt"/>
        <line num="16" count="6" type="stmt"/>
        <line num="24" count="18" type="stmt"/>
        <line num="25" count="18" type="stmt"/>
        <line num="27" count="18" type="stmt"/>
        <line num="28" count="15" type="cond" truecount="1" falsecount="0"/>
        <line num="29" count="15" type="stmt"/>
        <line num="36" count="18" type="stmt"/>
        <line num="43" count="6" type="stmt"/>
        <line num="50" count="90" type="stmt"/>
        <line num="59" count="6" type="stmt"/>
      </file>
    </package>
    <package name="hooks">
      <metrics statements="59" coveredstatements="57" conditionals="24" coveredconditionals="24" methods="16" coveredmethods="16"/>
      <file name="useFetching.ts" path="C:\Users\user\YandexDisk\Cloud projects\comics-shop\src\hooks\useFetching.ts">
        <metrics statements="14" coveredstatements="12" conditionals="0" coveredconditionals="0" methods="2" coveredmethods="2"/>
        <line num="2" count="6" type="stmt"/>
        <line num="3" count="6" type="stmt"/>
        <line num="12" count="6" type="stmt"/>
        <line num="15" count="9" type="stmt"/>
        <line num="16" count="9" type="stmt"/>
        <line num="18" count="9" type="stmt"/>
        <line num="20" count="4" type="stmt"/>
        <line num="21" count="4" type="stmt"/>
        <line num="22" count="4" type="stmt"/>
        <line num="23" count="4" type="stmt"/>
        <line num="25" count="0" type="stmt"/>
        <line num="26" count="0" type="stmt"/>
        <line num="28" count="2" type="stmt"/>
        <line num="34" count="9" type="stmt"/>
      </file>
      <file name="useInput.ts" path="C:\Users\user\YandexDisk\Cloud projects\comics-shop\src\hooks\useInput.ts">
        <metrics statements="14" coveredstatements="14" conditionals="2" coveredconditionals="2" methods="4" coveredmethods="4"/>
        <line num="1" count="1" type="stmt"/>
        <line num="14" count="1" type="stmt"/>
        <line num="15" count="9" type="stmt"/>
        <line num="16" count="9" type="stmt"/>
        <line num="18" count="9" type="stmt"/>
        <line num="19" count="9" type="cond" truecount="2" falsecount="0"/>
        <line num="20" count="9" type="stmt"/>
        <line num="21" count="3" type="stmt"/>
        <line num="22" count="9" type="stmt"/>
        <line num="23" count="9" type="stmt"/>
        <line num="24" count="1" type="stmt"/>
        <line num="25" count="1" type="stmt"/>
        <line num="27" count="9" type="stmt"/>
        <line num="36" count="1" type="stmt"/>
      </file>
      <file name="useObserver.ts" path="C:\Users\user\YandexDisk\Cloud projects\comics-shop\src\hooks\useObserver.ts">
        <metrics statements="12" coveredstatements="12" conditionals="10" coveredconditionals="10" methods="4" coveredmethods="4"/>
        <line num="1" count="6" type="stmt"/>
        <line num="23" count="6" type="stmt"/>
        <line num="30" count="8" type="stmt"/>
        <line num="31" count="8" type="stmt"/>
        <line num="33" count="8" type="stmt"/>
        <line num="34" count="8" type="cond" truecount="1" falsecount="0"/>
        <line num="36" count="6" type="stmt"/>
        <line num="38" count="5" type="cond" truecount="3" falsecount="0"/>
        <line num="46" count="6" type="cond" truecount="1" falsecount="0"/>
        <line num="48" count="6" type="stmt"/>
        <line num="49" count="6" type="cond" truecount="1" falsecount="0"/>
        <line num="53" count="8" type="stmt"/>
      </file>
      <file name="useSortingAndSearching.ts" path="C:\Users\user\YandexDisk\Cloud projects\comics-shop\src\hooks\useSortingAndSearching.ts">
        <metrics statements="19" coveredstatements="19" conditionals="12" coveredconditionals="12" methods="6" coveredmethods="6"/>
        <line num="1" count="6" type="stmt"/>
        <line num="9" count="6" type="stmt"/>
        <line num="13" count="9" type="stmt"/>
        <line num="14" count="8" type="cond" truecount="1" falsecount="0"/>
        <line num="15" count="6" type="stmt"/>
        <line num="16" count="19" type="cond" truecount="3" falsecount="0"/>
        <line num="18" count="13" type="stmt"/>
        <line num="20" count="4" type="stmt"/>
        <line num="22" count="2" type="stmt"/>
        <line num="27" count="2" type="stmt"/>
        <line num="30" count="9" type="stmt"/>
        <line num="41" count="6" type="stmt"/>
        <line num="44" count="5" type="stmt"/>
        <line num="46" count="5" type="stmt"/>
        <line num="47" count="4" type="stmt"/>
        <line num="48" count="9" type="cond" truecount="1" falsecount="0"/>
        <line num="49" count="6" type="cond" truecount="3" falsecount="0"/>
        <line num="50" count="6" type="stmt"/>
        <line num="56" count="5" type="stmt"/>
      </file>
    </package>
    <package name="pages">
      <metrics statements="14" coveredstatements="12" conditionals="0" coveredconditionals="0" methods="4" coveredmethods="2"/>
      <file name="Cart.tsx" path="C:\Users\user\YandexDisk\Cloud projects\comics-shop\src\pages\Cart.tsx">
        <metrics statements="3" coveredstatements="2" conditionals="0" coveredconditionals="0" methods="1" coveredmethods="0"/>
        <line num="1" count="5" type="stmt"/>
        <line num="2" count="0" type="stmt"/>
        <line num="5" count="5" type="stmt"/>
      </file>
      <file name="ComicsBySeries.tsx" path="C:\Users\user\YandexDisk\Cloud projects\comics-shop\src\pages\ComicsBySeries.tsx">
        <metrics statements="3" coveredstatements="2" conditionals="0" coveredconditionals="0" methods="1" coveredmethods="0"/>
        <line num="1" count="5" type="stmt"/>
        <line num="2" count="0" type="stmt"/>
        <line num="5" count="5" type="stmt"/>
      </file>
      <file name="Home.tsx" path="C:\Users\user\YandexDisk\Cloud projects\comics-shop\src\pages\Home.tsx">
        <metrics statements="5" coveredstatements="5" conditionals="0" coveredconditionals="0" methods="1" coveredmethods="1"/>
        <line num="1" count="5" type="stmt"/>
        <line num="2" count="5" type="stmt"/>
        <line num="4" count="5" type="stmt"/>
        <line num="5" count="15" type="stmt"/>
        <line num="12" count="5" type="stmt"/>
      </file>
      <file name="MyComicsZone.tsx" path="C:\Users\user\YandexDisk\Cloud projects\comics-shop\src\pages\MyComicsZone.tsx">
        <metrics statements="3" coveredstatements="3" conditionals="0" coveredconditionals="0" methods="1" coveredmethods="1"/>
        <line num="1" count="5" type="stmt"/>
        <line num="2" count="1" type="stmt"/>
        <line num="5" count="5" type="stmt"/>
      </file>
    </package>
    <package name="pages.Characters">
      <metrics statements="3" coveredstatements="3" conditionals="0" coveredconditionals="0" methods="1" coveredmethods="1"/>
      <file name="Characters.tsx" path="C:\Users\user\YandexDisk\Cloud projects\comics-shop\src\pages\Characters\Characters.tsx">
        <metrics statements="3" coveredstatements="3" conditionals="0" coveredconditionals="0" methods="1" coveredmethods="1"/>
        <line num="1" count="5" type="stmt"/>
        <line num="2" count="1" type="stmt"/>
        <line num="5" count="5" type="stmt"/>
      </file>
    </package>
    <package name="pages.Characters.SingleCharacter">
      <metrics statements="3" coveredstatements="3" conditionals="0" coveredconditionals="0" methods="1" coveredmethods="1"/>
      <file name="SingleCharacter.tsx" path="C:\Users\user\YandexDisk\Cloud projects\comics-shop\src\pages\Characters\SingleCharacter\SingleCharacter.tsx">
        <metrics statements="3" coveredstatements="3" conditionals="0" coveredconditionals="0" methods="1" coveredmethods="1"/>
        <line num="1" count="5" type="stmt"/>
        <line num="2" count="1" type="stmt"/>
        <line num="5" count="5" type="stmt"/>
      </file>
    </package>
    <package name="pages.Comics">
      <metrics statements="30" coveredstatements="23" conditionals="12" coveredconditionals="6" methods="9" coveredmethods="3"/>
      <file name="Comics.tsx" path="C:\Users\user\YandexDisk\Cloud projects\comics-shop\src\pages\Comics\Comics.tsx">
        <metrics statements="30" coveredstatements="23" conditionals="12" coveredconditionals="6" methods="9" coveredmethods="3"/>
        <line num="1" count="5" type="stmt"/>
        <line num="2" count="5" type="stmt"/>
        <line num="3" count="5" type="stmt"/>
        <line num="4" count="5" type="stmt"/>
        <line num="5" count="5" type="stmt"/>
        <line num="6" count="5" type="stmt"/>
        <line num="7" count="5" type="stmt"/>
        <line num="8" count="5" type="stmt"/>
        <line num="9" count="5" type="stmt"/>
        <line num="11" count="5" type="stmt"/>
        <line num="13" count="5" type="stmt"/>
        <line num="14" count="2" type="stmt"/>
        <line num="15" count="2" type="stmt"/>
        <line num="16" count="2" type="stmt"/>
        <line num="18" count="2" type="stmt"/>
        <line num="24" count="2" type="stmt"/>
        <line num="31" count="2" type="stmt"/>
        <line num="36" count="1" type="stmt"/>
        <line num="37" count="0" type="stmt"/>
        <line num="38" count="0" type="stmt"/>
        <line num="40" count="0" type="stmt"/>
        <line num="53" count="0" type="stmt"/>
        <line num="55" count="0" type="stmt"/>
        <line num="56" count="0" type="stmt"/>
        <line num="61" count="2" type="stmt"/>
        <line num="62" count="0" type="stmt"/>
        <line num="68" count="2" type="stmt"/>
        <line num="69" count="1" type="stmt"/>
        <line num="72" count="2" type="stmt"/>
        <line num="91" count="5" type="stmt"/>
      </file>
    </package>
    <package name="pages.Comics.SingleComic">
      <metrics statements="59" coveredstatements="40" conditionals="37" coveredconditionals="18" methods="12" coveredmethods="4"/>
      <file name="SingleComic.module.scss" path="C:\Users\user\YandexDisk\Cloud projects\comics-shop\src\pages\Comics\SingleComic\SingleComic.module.scss">
        <metrics statements="10" coveredstatements="6" conditionals="6" coveredconditionals="4" methods="2" coveredmethods="1"/>
        <line num="1" count="5" type="stmt"/>
        <line num="3" count="5" type="cond" truecount="3" falsecount="1"/>
        <line num="4" count="5" type="stmt"/>
        <line num="7" count="5" type="stmt"/>
        <line num="9" count="32" type="cond" truecount="1" falsecount="1"/>
        <line num="10" count="32" type="stmt"/>
        <line num="12" count="0" type="stmt"/>
        <line num="16" count="0" type="stmt"/>
        <line num="20" count="0" type="stmt"/>
        <line num="23" count="0" type="stmt"/>
      </file>
      <file name="SingleComic.tsx" path="C:\Users\user\YandexDisk\Cloud projects\comics-shop\src\pages\Comics\SingleComic\SingleComic.tsx">
        <metrics statements="49" coveredstatements="34" conditionals="31" coveredconditionals="14" methods="10" coveredmethods="3"/>
        <line num="1" count="5" type="stmt"/>
        <line num="2" count="5" type="stmt"/>
        <line num="3" count="5" type="stmt"/>
        <line num="4" count="5" type="stmt"/>
        <line num="5" count="5" type="stmt"/>
        <line num="6" count="5" type="stmt"/>
        <line num="7" count="5" type="stmt"/>
        <line num="8" count="5" type="stmt"/>
        <line num="9" count="5" type="stmt"/>
        <line num="10" count="5" type="stmt"/>
        <line num="11" count="5" type="stmt"/>
        <line num="12" count="5" type="stmt"/>
        <line num="13" count="5" type="stmt"/>
        <line num="15" count="5" type="stmt"/>
        <line num="16" count="5" type="stmt"/>
        <line num="22" count="5" type="stmt"/>
        <line num="27" count="5" type="stmt"/>
        <line num="28" count="2" type="stmt"/>
        <line num="29" count="2" type="stmt"/>
        <line num="30" count="2" type="stmt"/>
        <line num="31" count="2" type="stmt"/>
        <line num="32" count="2" type="stmt"/>
        <line num="33" count="2" type="cond" truecount="0" falsecount="1"/>
        <line num="34" count="2" type="stmt"/>
        <line num="36" count="1" type="stmt"/>
        <line num="37" count="0" type="stmt"/>
        <line num="57" count="0" type="stmt"/>
        <line num="62" count="0" type="stmt"/>
        <line num="68" count="0" type="stmt"/>
        <line num="69" count="0" type="stmt"/>
        <line num="72" count="0" type="stmt"/>
        <line num="73" count="0" type="stmt"/>
        <line num="91" count="0" type="stmt"/>
        <line num="92" count="0" type="stmt"/>
        <line num="96" count="2" type="stmt"/>
        <line num="97" count="1" type="stmt"/>
        <line num="110" count="2" type="stmt"/>
        <line num="112" count="2" type="stmt"/>
        <line num="113" count="0" type="cond" truecount="0" falsecount="2"/>
        <line num="115" count="0" type="stmt"/>
        <line num="117" count="2" type="stmt"/>
        <line num="118" count="0" type="cond" truecount="0" falsecount="2"/>
        <line num="120" count="0" type="stmt"/>
        <line num="123" count="2" type="stmt"/>
        <line num="132" count="2" type="stmt"/>
        <line num="138" count="2" type="stmt"/>
        <line num="175" count="0" type="stmt"/>
        <line num="183" count="0" type="stmt"/>
        <line num="238" count="5" type="stmt"/>
      </file>
    </package>
    <package name="pages.Page404">
      <metrics statements="15" coveredstatements="11" conditionals="6" coveredconditionals="4" methods="3" coveredmethods="2"/>
      <file name="Page404.module.scss" path="C:\Users\user\YandexDisk\Cloud projects\comics-shop\src\pages\Page404\Page404.module.scss">
        <metrics statements="10" coveredstatements="6" conditionals="6" coveredconditionals="4" methods="2" coveredmethods="1"/>
        <line num="1" count="5" type="stmt"/>
        <line num="3" count="5" type="cond" truecount="3" falsecount="1"/>
        <line num="4" count="5" type="stmt"/>
        <line num="7" count="5" type="stmt"/>
        <line num="9" count="8" type="cond" truecount="1" falsecount="1"/>
        <line num="10" count="8" type="stmt"/>
        <line num="12" count="0" type="stmt"/>
        <line num="16" count="0" type="stmt"/>
        <line num="20" count="0" type="stmt"/>
        <line num="23" count="0" type="stmt"/>
      </file>
      <file name="Page404.tsx" path="C:\Users\user\YandexDisk\Cloud projects\comics-shop\src\pages\Page404\Page404.tsx">
        <metrics statements="5" coveredstatements="5" conditionals="0" coveredconditionals="0" methods="1" coveredmethods="1"/>
        <line num="1" count="5" type="stmt"/>
        <line num="2" count="5" type="stmt"/>
        <line num="4" count="5" type="stmt"/>
        <line num="5" count="4" type="stmt"/>
        <line num="17" count="5" type="stmt"/>
      </file>
    </package>
    <package name="router">
      <metrics statements="13" coveredstatements="13" conditionals="0" coveredconditionals="0" methods="1" coveredmethods="1"/>
      <file name="AppRouter.tsx" path="C:\Users\user\YandexDisk\Cloud projects\comics-shop\src\router\AppRouter.tsx">
        <metrics statements="13" coveredstatements="13" conditionals="0" coveredconditionals="0" methods="1" coveredmethods="1"/>
        <line num="1" count="5" type="stmt"/>
        <line num="2" count="5" type="stmt"/>
        <line num="3" count="5" type="stmt"/>
        <line num="4" count="5" type="stmt"/>
        <line num="5" count="5" type="stmt"/>
        <line num="6" count="5" type="stmt"/>
        <line num="7" count="5" type="stmt"/>
        <line num="8" count="5" type="stmt"/>
        <line num="9" count="5" type="stmt"/>
        <line num="10" count="5" type="stmt"/>
        <line num="12" count="5" type="stmt"/>
        <line num="13" count="19" type="stmt"/>
        <line num="28" count="5" type="stmt"/>
      </file>
    </package>
    <package name="services">
      <metrics statements="11" coveredstatements="5" conditionals="3" coveredconditionals="0" methods="4" coveredmethods="2"/>
      <file name="ComicsService.ts" path="C:\Users\user\YandexDisk\Cloud projects\comics-shop\src\services\ComicsService.ts">
        <metrics statements="11" coveredstatements="5" conditionals="3" coveredconditionals="0" methods="4" coveredmethods="2"/>
        <line num="1" count="5" type="stmt"/>
        <line num="4" count="5" type="stmt"/>
        <line num="6" count="5" type="stmt"/>
        <line num="12" count="1" type="stmt"/>
        <line num="22" count="0" type="stmt"/>
        <line num="25" count="1" type="stmt"/>
        <line num="34" count="0" type="stmt"/>
        <line num="38" count="0" type="stmt"/>
        <line num="50" count="0" type="stmt"/>
        <line num="53" count="0" type="stmt"/>
        <line num="62" count="0" type="stmt"/>
      </file>
    </package>
    <package name="test.helpers">
      <metrics statements="5" coveredstatements="5" conditionals="1" coveredconditionals="1" methods="1" coveredmethods="1"/>
      <file name="renderWithRouter.tsx" path="C:\Users\user\YandexDisk\Cloud projects\comics-shop\src\test\helpers\renderWithRouter.tsx">
        <metrics statements="5" coveredstatements="5" conditionals="1" coveredconditionals="1" methods="1" coveredmethods="1"/>
        <line num="1" count="5" type="stmt"/>
        <line num="2" count="5" type="stmt"/>
        <line num="3" count="5" type="stmt"/>
        <line num="5" count="5" type="stmt"/>
        <line num="9" count="19" type="stmt"/>
      </file>
    </package>
    <package name="utils">
      <metrics statements="32" coveredstatements="23" conditionals="15" coveredconditionals="4" methods="12" coveredmethods="9"/>
      <file name="getErrorMessage.ts" path="C:\Users\user\YandexDisk\Cloud projects\comics-shop\src\utils\getErrorMessage.ts">
        <metrics statements="6" coveredstatements="2" conditionals="4" coveredconditionals="0" methods="1" coveredmethods="0"/>
        <line num="1" count="6" type="stmt"/>
        <line num="3" count="6" type="stmt"/>
        <line num="4" count="0" type="cond" truecount="0" falsecount="3"/>
        <line num="5" count="0" type="stmt"/>
        <line num="7" count="0" type="cond" truecount="0" falsecount="1"/>
        <line num="8" count="0" type="stmt"/>
      </file>
      <file name="getTotalCount.ts" path="C:\Users\user\YandexDisk\Cloud projects\comics-shop\src\utils\getTotalCount.ts">
        <metrics statements="2" coveredstatements="1" conditionals="0" coveredconditionals="0" methods="1" coveredmethods="0"/>
        <line num="1" count="5" type="stmt"/>
        <line num="2" count="0" type="stmt"/>
      </file>
      <file name="navigateToNextAndPrevById.ts" path="C:\Users\user\YandexDisk\Cloud projects\comics-shop\src\utils\navigateToNextAndPrevById.ts">
        <metrics statements="8" coveredstatements="4" conditionals="5" coveredconditionals="0" methods="2" coveredmethods="1"/>
        <line num="1" count="5" type="stmt"/>
        <line num="4" count="4" type="stmt"/>
        <line num="6" count="4" type="stmt"/>
        <line num="7" count="0" type="stmt"/>
        <line num="8" count="0" type="cond" truecount="0" falsecount="2"/>
        <line num="9" count="0" type="cond" truecount="0" falsecount="2"/>
        <line num="11" count="0" type="cond" truecount="0" falsecount="1"/>
        <line num="13" count="4" type="stmt"/>
      </file>
      <file name="valueFormatted.ts" path="C:\Users\user\YandexDisk\Cloud projects\comics-shop\src\utils\valueFormatted.ts">
        <metrics statements="16" coveredstatements="16" conditionals="6" coveredconditionals="4" methods="8" coveredmethods="8"/>
        <line num="1" count="6" type="stmt"/>
        <line num="2" count="6" type="stmt"/>
        <line num="3" count="4" type="cond" truecount="1" falsecount="1"/>
        <line num="11" count="6" type="stmt"/>
        <line num="12" count="11" type="cond" truecount="1" falsecount="1"/>
        <line num="18" count="6" type="stmt"/>
        <line num="19" count="11" type="cond" truecount="2" falsecount="0"/>
        <line num="21" count="6" type="stmt"/>
        <line num="22" count="1" type="stmt"/>
        <line num="24" count="6" type="stmt"/>
        <line num="29" count="14" type="stmt"/>
        <line num="30" count="98" type="stmt"/>
        <line num="33" count="154" type="stmt"/>
        <line num="34" count="14" type="stmt"/>
        <line num="35" count="98" type="stmt"/>
        <line num="42" count="14" type="stmt"/>
      </file>
    </package>
  </project>
</coverage>
