{"C:\\Users\\user\\YandexDisk\\Cloud projects\\comics-shop\\src\\components\\Characters\\CharactersSmallList\\CharactersSmallList.module.scss": {"path":"C:\\Users\\user\\YandexDisk\\Cloud projects\\comics-shop\\src\\components\\Characters\\CharactersSmallList\\CharactersSmallList.module.scss","statementMap":{"0":{"start":{"line":1,"column":13},"end":{"line":1,"column":882}},"1":{"start":{"line":3,"column":4},"end":{"line":24,"column":5}},"2":{"start":{"line":4,"column":8},"end":{"line":6,"column":11}},"3":{"start":{"line":7,"column":8},"end":{"line":18,"column":11}},"4":{"start":{"line":9,"column":16},"end":{"line":11,"column":17}},"5":{"start":{"line":10,"column":20},"end":{"line":10,"column":34}},"6":{"start":{"line":12,"column":16},"end":{"line":12,"column":36}},"7":{"start":{"line":16,"column":16},"end":{"line":16,"column":30}},"8":{"start":{"line":20,"column":8},"end":{"line":22,"column":11}},"9":{"start":{"line":23,"column":8},"end":{"line":23,"column":31}}},"fnMap":{"0":{"name":"(anonymous_0)","decl":{"start":{"line":8,"column":12},"end":{"line":8,"column":13}},"loc":{"start":{"line":8,"column":30},"end":{"line":13,"column":13}},"line":8},"1":{"name":"(anonymous_1)","decl":{"start":{"line":15,"column":12},"end":{"line":15,"column":13}},"loc":{"start":{"line":15,"column":29},"end":{"line":17,"column":13}},"line":15}},"branchMap":{"0":{"loc":{"start":{"line":3,"column":4},"end":{"line":24,"column":5}},"type":"if","locations":[{"start":{"line":3,"column":4},"end":{"line":24,"column":5}},{"start":{"line":19,"column":11},"end":{"line":24,"column":5}}],"line":3},"1":{"loc":{"start":{"line":3,"column":8},"end":{"line":3,"column":44}},"type":"binary-expr","locations":[{"start":{"line":3,"column":8},"end":{"line":3,"column":34}},{"start":{"line":3,"column":38},"end":{"line":3,"column":44}}],"line":3},"2":{"loc":{"start":{"line":9,"column":16},"end":{"line":11,"column":17}},"type":"if","locations":[{"start":{"line":9,"column":16},"end":{"line":11,"column":17}},{"start":{},"end":{}}],"line":9}},"s":{"0":5,"1":5,"2":5,"3":5,"4":13,"5":13,"6":0,"7":0,"8":0,"9":0},"f":{"0":13,"1":0},"b":{"0":[5,0],"1":[5,5],"2":[13,0]},"_coverageSchema":"1a1c01bbd47fc00a2c39e90264f33305004495a9","hash":"6e6061184a0244b0fdbc40360ffed4e932b3f5a8"}
,"C:\\Users\\user\\YandexDisk\\Cloud projects\\comics-shop\\src\\components\\Characters\\CharactersSmallList\\CharactersSmallList.tsx": {"path":"C:\\Users\\user\\YandexDisk\\Cloud projects\\comics-shop\\src\\components\\Characters\\CharactersSmallList\\CharactersSmallList.tsx","statementMap":{"0":{"start":{"line":2,"column":0},"end":{"line":2,"column":39}},"1":{"start":{"line":4,"column":0},"end":{"line":4,"column":64}},"2":{"start":{"line":5,"column":0},"end":{"line":5,"column":54}},"3":{"start":{"line":11,"column":28},"end":{"line":68,"column":1}},"4":{"start":{"line":15,"column":33},"end":{"line":15,"column":38}},"5":{"start":{"line":16,"column":18},"end":{"line":16,"column":67}},"6":{"start":{"line":18,"column":20},"end":{"line":26,"column":null}},"7":{"start":{"line":28,"column":2},"end":{"line":28,"column":null}},"8":{"start":{"line":28,"column":32},"end":{"line":28,"column":null}},"9":{"start":{"line":30,"column":2},"end":{"line":67,"column":null}},"10":{"start":{"line":51,"column":12},"end":{"line":52,"column":null}},"11":{"start":{"line":70,"column":0},"end":{"line":70,"column":null}}},"fnMap":{"0":{"name":"(anonymous_0)","decl":{"start":{"line":11,"column":28},"end":{"line":11,"column":29}},"loc":{"start":{"line":14,"column":32},"end":{"line":68,"column":1}}},"1":{"name":"(anonymous_1)","decl":{"start":{"line":50,"column":27},"end":{"line":50,"column":28}},"loc":{"start":{"line":51,"column":12},"end":{"line":52,"column":null}}}},"branchMap":{"0":{"loc":{"start":{"line":28,"column":2},"end":{"line":28,"column":null}},"type":"if","locations":[{"start":{"line":28,"column":2},"end":{"line":28,"column":null}}]},"1":{"loc":{"start":{"line":31,"column":4},"end":{"line":65,"column":null}},"type":"binary-expr","locations":[{"start":{"line":31,"column":4},"end":{"line":31,"column":14}},{"start":{"line":32,"column":6},"end":{"line":64,"column":null}}]},"2":{"loc":{"start":{"line":44,"column":29},"end":{"line":46,"column":38}},"type":"cond-expr","locations":[{"start":{"line":45,"column":16},"end":{"line":45,"column":74}},{"start":{"line":46,"column":16},"end":{"line":46,"column":38}}]}},"s":{"0":5,"1":5,"2":5,"3":5,"4":5,"5":5,"6":5,"7":5,"8":0,"9":5,"10":2,"11":5},"f":{"0":5,"1":2},"b":{"0":[0],"1":[5,2],"2":[2,0]}}
,"C:\\Users\\user\\YandexDisk\\Cloud projects\\comics-shop\\src\\components\\Comics\\ComicCard\\ComicCard.module.scss": {"path":"C:\\Users\\user\\YandexDisk\\Cloud projects\\comics-shop\\src\\components\\Comics\\ComicCard\\ComicCard.module.scss","statementMap":{"0":{"start":{"line":1,"column":13},"end":{"line":1,"column":924}},"1":{"start":{"line":3,"column":4},"end":{"line":24,"column":5}},"2":{"start":{"line":4,"column":8},"end":{"line":6,"column":11}},"3":{"start":{"line":7,"column":8},"end":{"line":18,"column":11}},"4":{"start":{"line":9,"column":16},"end":{"line":11,"column":17}},"5":{"start":{"line":10,"column":20},"end":{"line":10,"column":34}},"6":{"start":{"line":12,"column":16},"end":{"line":12,"column":36}},"7":{"start":{"line":16,"column":16},"end":{"line":16,"column":30}},"8":{"start":{"line":20,"column":8},"end":{"line":22,"column":11}},"9":{"start":{"line":23,"column":8},"end":{"line":23,"column":31}}},"fnMap":{"0":{"name":"(anonymous_0)","decl":{"start":{"line":8,"column":12},"end":{"line":8,"column":13}},"loc":{"start":{"line":8,"column":30},"end":{"line":13,"column":13}},"line":8},"1":{"name":"(anonymous_1)","decl":{"start":{"line":15,"column":12},"end":{"line":15,"column":13}},"loc":{"start":{"line":15,"column":29},"end":{"line":17,"column":13}},"line":15}},"branchMap":{"0":{"loc":{"start":{"line":3,"column":4},"end":{"line":24,"column":5}},"type":"if","locations":[{"start":{"line":3,"column":4},"end":{"line":24,"column":5}},{"start":{"line":19,"column":11},"end":{"line":24,"column":5}}],"line":3},"1":{"loc":{"start":{"line":3,"column":8},"end":{"line":3,"column":44}},"type":"binary-expr","locations":[{"start":{"line":3,"column":8},"end":{"line":3,"column":34}},{"start":{"line":3,"column":38},"end":{"line":3,"column":44}}],"line":3},"2":{"loc":{"start":{"line":9,"column":16},"end":{"line":11,"column":17}},"type":"if","locations":[{"start":{"line":9,"column":16},"end":{"line":11,"column":17}},{"start":{},"end":{}}],"line":9}},"s":{"0":5,"1":5,"2":5,"3":5,"4":132,"5":132,"6":0,"7":0,"8":0,"9":0},"f":{"0":132,"1":0},"b":{"0":[5,0],"1":[5,5],"2":[132,0]},"_coverageSchema":"1a1c01bbd47fc00a2c39e90264f33305004495a9","hash":"c2a12331bdefcfdeba37c30e8ce26ea6b0db2a94"}
,"C:\\Users\\user\\YandexDisk\\Cloud projects\\comics-shop\\src\\components\\Comics\\ComicCard\\ComicCard.tsx": {"path":"C:\\Users\\user\\YandexDisk\\Cloud projects\\comics-shop\\src\\components\\Comics\\ComicCard\\ComicCard.tsx","statementMap":{"0":{"start":{"line":1,"column":0},"end":{"line":1,"column":32}},"1":{"start":{"line":2,"column":0},"end":{"line":2,"column":39}},"2":{"start":{"line":4,"column":0},"end":{"line":4,"column":null}},"3":{"start":{"line":9,"column":0},"end":{"line":9,"column":55}},"4":{"start":{"line":10,"column":0},"end":{"line":10,"column":67}},"5":{"start":{"line":11,"column":0},"end":{"line":11,"column":44}},"6":{"start":{"line":17,"column":18},"end":{"line":98,"column":1}},"7":{"start":{"line":18,"column":38},"end":{"line":18,"column":62}},"8":{"start":{"line":19,"column":56},"end":{"line":19,"column":80}},"9":{"start":{"line":20,"column":74},"end":{"line":20,"column":79}},"10":{"start":{"line":22,"column":20},"end":{"line":30,"column":null}},"11":{"start":{"line":32,"column":31},"end":{"line":35,"column":3}},"12":{"start":{"line":33,"column":4},"end":{"line":33,"column":null}},"13":{"start":{"line":34,"column":4},"end":{"line":34,"column":null}},"14":{"start":{"line":37,"column":32},"end":{"line":40,"column":3}},"15":{"start":{"line":38,"column":4},"end":{"line":38,"column":null}},"16":{"start":{"line":39,"column":4},"end":{"line":39,"column":null}},"17":{"start":{"line":42,"column":2},"end":{"line":97,"column":null}},"18":{"start":{"line":100,"column":0},"end":{"line":100,"column":null}}},"fnMap":{"0":{"name":"(anonymous_0)","decl":{"start":{"line":17,"column":18},"end":{"line":17,"column":19}},"loc":{"start":{"line":17,"column":48},"end":{"line":98,"column":1}}},"1":{"name":"(anonymous_1)","decl":{"start":{"line":32,"column":31},"end":{"line":32,"column":32}},"loc":{"start":{"line":32,"column":55},"end":{"line":35,"column":3}}},"2":{"name":"(anonymous_2)","decl":{"start":{"line":37,"column":32},"end":{"line":37,"column":33}},"loc":{"start":{"line":37,"column":56},"end":{"line":40,"column":3}}}},"branchMap":{"0":{"loc":{"start":{"line":78,"column":9},"end":{"line":81,"column":null}},"type":"binary-expr","locations":[{"start":{"line":78,"column":9},"end":{"line":78,"column":24}},{"start":{"line":79,"column":10},"end":{"line":80,"column":null}}]}},"s":{"0":5,"1":5,"2":5,"3":5,"4":5,"5":5,"6":5,"7":9,"8":9,"9":9,"10":9,"11":9,"12":2,"13":2,"14":9,"15":2,"16":2,"17":9,"18":5},"f":{"0":9,"1":2,"2":2},"b":{"0":[9,9]}}
,"C:\\Users\\user\\YandexDisk\\Cloud projects\\comics-shop\\src\\components\\Comics\\ComicFilter\\ComicFilter.module.scss": {"path":"C:\\Users\\user\\YandexDisk\\Cloud projects\\comics-shop\\src\\components\\Comics\\ComicFilter\\ComicFilter.module.scss","statementMap":{"0":{"start":{"line":1,"column":13},"end":{"line":1,"column":88}},"1":{"start":{"line":3,"column":4},"end":{"line":24,"column":5}},"2":{"start":{"line":4,"column":8},"end":{"line":6,"column":11}},"3":{"start":{"line":7,"column":8},"end":{"line":18,"column":11}},"4":{"start":{"line":9,"column":16},"end":{"line":11,"column":17}},"5":{"start":{"line":10,"column":20},"end":{"line":10,"column":34}},"6":{"start":{"line":12,"column":16},"end":{"line":12,"column":36}},"7":{"start":{"line":16,"column":16},"end":{"line":16,"column":30}},"8":{"start":{"line":20,"column":8},"end":{"line":22,"column":11}},"9":{"start":{"line":23,"column":8},"end":{"line":23,"column":31}}},"fnMap":{"0":{"name":"(anonymous_0)","decl":{"start":{"line":8,"column":12},"end":{"line":8,"column":13}},"loc":{"start":{"line":8,"column":30},"end":{"line":13,"column":13}},"line":8},"1":{"name":"(anonymous_1)","decl":{"start":{"line":15,"column":12},"end":{"line":15,"column":13}},"loc":{"start":{"line":15,"column":29},"end":{"line":17,"column":13}},"line":15}},"branchMap":{"0":{"loc":{"start":{"line":3,"column":4},"end":{"line":24,"column":5}},"type":"if","locations":[{"start":{"line":3,"column":4},"end":{"line":24,"column":5}},{"start":{"line":19,"column":11},"end":{"line":24,"column":5}}],"line":3},"1":{"loc":{"start":{"line":3,"column":8},"end":{"line":3,"column":44}},"type":"binary-expr","locations":[{"start":{"line":3,"column":8},"end":{"line":3,"column":34}},{"start":{"line":3,"column":38},"end":{"line":3,"column":44}}],"line":3},"2":{"loc":{"start":{"line":9,"column":16},"end":{"line":11,"column":17}},"type":"if","locations":[{"start":{"line":9,"column":16},"end":{"line":11,"column":17}},{"start":{},"end":{}}],"line":9}},"s":{"0":6,"1":6,"2":6,"3":6,"4":18,"5":18,"6":0,"7":0,"8":0,"9":0},"f":{"0":18,"1":0},"b":{"0":[6,0],"1":[6,6],"2":[18,0]},"_coverageSchema":"1a1c01bbd47fc00a2c39e90264f33305004495a9","hash":"2ccfd8515c184090c937519855002c69552fd752"}
,"C:\\Users\\user\\YandexDisk\\Cloud projects\\comics-shop\\src\\components\\Comics\\ComicFilter\\ComicFilter.tsx": {"path":"C:\\Users\\user\\YandexDisk\\Cloud projects\\comics-shop\\src\\components\\Comics\\ComicFilter\\ComicFilter.tsx","statementMap":{"0":{"start":{"line":2,"column":0},"end":{"line":2,"column":37}},"1":{"start":{"line":3,"column":0},"end":{"line":3,"column":40}},"2":{"start":{"line":4,"column":0},"end":{"line":4,"column":43}},"3":{"start":{"line":5,"column":0},"end":{"line":5,"column":46}},"4":{"start":{"line":12,"column":20},"end":{"line":72,"column":1}},"5":{"start":{"line":13,"column":2},"end":{"line":71,"column":null}},"6":{"start":{"line":19,"column":10},"end":{"line":19,"column":65}},"7":{"start":{"line":19,"column":31},"end":{"line":19,"column":63}},"8":{"start":{"line":33,"column":10},"end":{"line":33,"column":68}},"9":{"start":{"line":33,"column":31},"end":{"line":33,"column":66}},"10":{"start":{"line":47,"column":10},"end":{"line":47,"column":76}},"11":{"start":{"line":47,"column":31},"end":{"line":47,"column":74}},"12":{"start":{"line":67,"column":10},"end":{"line":67,"column":67}},"13":{"start":{"line":67,"column":31},"end":{"line":67,"column":65}},"14":{"start":{"line":74,"column":0},"end":{"line":74,"column":null}}},"fnMap":{"0":{"name":"(anonymous_0)","decl":{"start":{"line":12,"column":20},"end":{"line":12,"column":21}},"loc":{"start":{"line":12,"column":65},"end":{"line":72,"column":1}}},"1":{"name":"(anonymous_1)","decl":{"start":{"line":18,"column":23},"end":{"line":18,"column":24}},"loc":{"start":{"line":19,"column":10},"end":{"line":19,"column":65}}},"2":{"name":"(anonymous_2)","decl":{"start":{"line":19,"column":20},"end":{"line":19,"column":21}},"loc":{"start":{"line":19,"column":31},"end":{"line":19,"column":63}}},"3":{"name":"(anonymous_3)","decl":{"start":{"line":32,"column":23},"end":{"line":32,"column":24}},"loc":{"start":{"line":33,"column":10},"end":{"line":33,"column":68}}},"4":{"name":"(anonymous_4)","decl":{"start":{"line":33,"column":20},"end":{"line":33,"column":21}},"loc":{"start":{"line":33,"column":31},"end":{"line":33,"column":66}}},"5":{"name":"(anonymous_5)","decl":{"start":{"line":46,"column":23},"end":{"line":46,"column":24}},"loc":{"start":{"line":47,"column":10},"end":{"line":47,"column":76}}},"6":{"name":"(anonymous_6)","decl":{"start":{"line":47,"column":20},"end":{"line":47,"column":21}},"loc":{"start":{"line":47,"column":31},"end":{"line":47,"column":74}}},"7":{"name":"(anonymous_7)","decl":{"start":{"line":66,"column":18},"end":{"line":66,"column":19}},"loc":{"start":{"line":67,"column":10},"end":{"line":67,"column":67}}},"8":{"name":"(anonymous_8)","decl":{"start":{"line":67,"column":20},"end":{"line":67,"column":21}},"loc":{"start":{"line":67,"column":31},"end":{"line":67,"column":65}}}},"branchMap":{},"s":{"0":6,"1":6,"2":6,"3":6,"4":6,"5":6,"6":2,"7":2,"8":2,"9":2,"10":2,"11":2,"12":1,"13":1,"14":6},"f":{"0":6,"1":2,"2":2,"3":2,"4":2,"5":2,"6":2,"7":1,"8":1},"b":{}}
,"C:\\Users\\user\\YandexDisk\\Cloud projects\\comics-shop\\src\\components\\Comics\\ComicList\\ComicsList.module.scss": {"path":"C:\\Users\\user\\YandexDisk\\Cloud projects\\comics-shop\\src\\components\\Comics\\ComicList\\ComicsList.module.scss","statementMap":{"0":{"start":{"line":1,"column":13},"end":{"line":1,"column":120}},"1":{"start":{"line":3,"column":4},"end":{"line":24,"column":5}},"2":{"start":{"line":4,"column":8},"end":{"line":6,"column":11}},"3":{"start":{"line":7,"column":8},"end":{"line":18,"column":11}},"4":{"start":{"line":9,"column":16},"end":{"line":11,"column":17}},"5":{"start":{"line":10,"column":20},"end":{"line":10,"column":34}},"6":{"start":{"line":12,"column":16},"end":{"line":12,"column":36}},"7":{"start":{"line":16,"column":16},"end":{"line":16,"column":30}},"8":{"start":{"line":20,"column":8},"end":{"line":22,"column":11}},"9":{"start":{"line":23,"column":8},"end":{"line":23,"column":31}}},"fnMap":{"0":{"name":"(anonymous_0)","decl":{"start":{"line":8,"column":12},"end":{"line":8,"column":13}},"loc":{"start":{"line":8,"column":30},"end":{"line":13,"column":13}},"line":8},"1":{"name":"(anonymous_1)","decl":{"start":{"line":15,"column":12},"end":{"line":15,"column":13}},"loc":{"start":{"line":15,"column":29},"end":{"line":17,"column":13}},"line":15}},"branchMap":{"0":{"loc":{"start":{"line":3,"column":4},"end":{"line":24,"column":5}},"type":"if","locations":[{"start":{"line":3,"column":4},"end":{"line":24,"column":5}},{"start":{"line":19,"column":11},"end":{"line":24,"column":5}}],"line":3},"1":{"loc":{"start":{"line":3,"column":8},"end":{"line":3,"column":44}},"type":"binary-expr","locations":[{"start":{"line":3,"column":8},"end":{"line":3,"column":34}},{"start":{"line":3,"column":38},"end":{"line":3,"column":44}}],"line":3},"2":{"loc":{"start":{"line":9,"column":16},"end":{"line":11,"column":17}},"type":"if","locations":[{"start":{"line":9,"column":16},"end":{"line":11,"column":17}},{"start":{},"end":{}}],"line":9}},"s":{"0":5,"1":5,"2":5,"3":5,"4":6,"5":6,"6":0,"7":0,"8":0,"9":0},"f":{"0":6,"1":0},"b":{"0":[5,0],"1":[5,5],"2":[6,0]},"_coverageSchema":"1a1c01bbd47fc00a2c39e90264f33305004495a9","hash":"819a5774012ef85fb0d781d30e8279fc8a214c3f"}
,"C:\\Users\\user\\YandexDisk\\Cloud projects\\comics-shop\\src\\components\\Comics\\ComicList\\ComicsList.tsx": {"path":"C:\\Users\\user\\YandexDisk\\Cloud projects\\comics-shop\\src\\components\\Comics\\ComicList\\ComicsList.tsx","statementMap":{"0":{"start":{"line":2,"column":0},"end":{"line":2,"column":37}},"1":{"start":{"line":3,"column":0},"end":{"line":3,"column":46}},"2":{"start":{"line":4,"column":0},"end":{"line":4,"column":45}},"3":{"start":{"line":11,"column":19},"end":{"line":31,"column":1}},"4":{"start":{"line":12,"column":2},"end":{"line":19,"column":null}},"5":{"start":{"line":13,"column":4},"end":{"line":19,"column":null}},"6":{"start":{"line":21,"column":2},"end":{"line":30,"column":null}},"7":{"start":{"line":27,"column":8},"end":{"line":27,"column":34}},"8":{"start":{"line":33,"column":0},"end":{"line":33,"column":null}}},"fnMap":{"0":{"name":"(anonymous_0)","decl":{"start":{"line":11,"column":19},"end":{"line":11,"column":20}},"loc":{"start":{"line":11,"column":69},"end":{"line":31,"column":1}}},"1":{"name":"(anonymous_1)","decl":{"start":{"line":26,"column":18},"end":{"line":26,"column":19}},"loc":{"start":{"line":27,"column":8},"end":{"line":27,"column":34}}}},"branchMap":{"0":{"loc":{"start":{"line":12,"column":2},"end":{"line":19,"column":null}},"type":"if","locations":[{"start":{"line":12,"column":2},"end":{"line":19,"column":null}}]},"1":{"loc":{"start":{"line":12,"column":6},"end":{"line":12,"column":45}},"type":"binary-expr","locations":[{"start":{"line":12,"column":6},"end":{"line":12,"column":25}},{"start":{"line":12,"column":29},"end":{"line":12,"column":45}}]}},"s":{"0":5,"1":5,"2":5,"3":5,"4":4,"5":2,"6":2,"7":1,"8":5},"f":{"0":4,"1":1},"b":{"0":[2],"1":[4,3]}}
,"C:\\Users\\user\\YandexDisk\\Cloud projects\\comics-shop\\src\\components\\Creators\\CreatorsList\\CreatorsList.module.scss": {"path":"C:\\Users\\user\\YandexDisk\\Cloud projects\\comics-shop\\src\\components\\Creators\\CreatorsList\\CreatorsList.module.scss","statementMap":{"0":{"start":{"line":1,"column":13},"end":{"line":1,"column":662}},"1":{"start":{"line":3,"column":4},"end":{"line":24,"column":5}},"2":{"start":{"line":4,"column":8},"end":{"line":6,"column":11}},"3":{"start":{"line":7,"column":8},"end":{"line":18,"column":11}},"4":{"start":{"line":9,"column":16},"end":{"line":11,"column":17}},"5":{"start":{"line":10,"column":20},"end":{"line":10,"column":34}},"6":{"start":{"line":12,"column":16},"end":{"line":12,"column":36}},"7":{"start":{"line":16,"column":16},"end":{"line":16,"column":30}},"8":{"start":{"line":20,"column":8},"end":{"line":22,"column":11}},"9":{"start":{"line":23,"column":8},"end":{"line":23,"column":31}}},"fnMap":{"0":{"name":"(anonymous_0)","decl":{"start":{"line":8,"column":12},"end":{"line":8,"column":13}},"loc":{"start":{"line":8,"column":30},"end":{"line":13,"column":13}},"line":8},"1":{"name":"(anonymous_1)","decl":{"start":{"line":15,"column":12},"end":{"line":15,"column":13}},"loc":{"start":{"line":15,"column":29},"end":{"line":17,"column":13}},"line":15}},"branchMap":{"0":{"loc":{"start":{"line":3,"column":4},"end":{"line":24,"column":5}},"type":"if","locations":[{"start":{"line":3,"column":4},"end":{"line":24,"column":5}},{"start":{"line":19,"column":11},"end":{"line":24,"column":5}}],"line":3},"1":{"loc":{"start":{"line":3,"column":8},"end":{"line":3,"column":44}},"type":"binary-expr","locations":[{"start":{"line":3,"column":8},"end":{"line":3,"column":34}},{"start":{"line":3,"column":38},"end":{"line":3,"column":44}}],"line":3},"2":{"loc":{"start":{"line":9,"column":16},"end":{"line":11,"column":17}},"type":"if","locations":[{"start":{"line":9,"column":16},"end":{"line":11,"column":17}},{"start":{},"end":{}}],"line":9}},"s":{"0":6,"1":6,"2":6,"3":6,"4":7,"5":7,"6":0,"7":0,"8":0,"9":0},"f":{"0":7,"1":0},"b":{"0":[6,0],"1":[6,6],"2":[7,0]},"_coverageSchema":"1a1c01bbd47fc00a2c39e90264f33305004495a9","hash":"f7b80dce6633bf605793ab91bce50fa2392edc67"}
,"C:\\Users\\user\\YandexDisk\\Cloud projects\\comics-shop\\src\\components\\Creators\\CreatorsList\\CreatorsList.tsx": {"path":"C:\\Users\\user\\YandexDisk\\Cloud projects\\comics-shop\\src\\components\\Creators\\CreatorsList\\CreatorsList.tsx","statementMap":{"0":{"start":{"line":2,"column":0},"end":{"line":2,"column":79}},"1":{"start":{"line":3,"column":0},"end":{"line":3,"column":47}},"2":{"start":{"line":8,"column":21},"end":{"line":55,"column":1}},"3":{"start":{"line":9,"column":31},"end":{"line":9,"column":36}},"4":{"start":{"line":10,"column":18},"end":{"line":10,"column":59}},"5":{"start":{"line":12,"column":20},"end":{"line":20,"column":null}},"6":{"start":{"line":22,"column":2},"end":{"line":22,"column":null}},"7":{"start":{"line":22,"column":30},"end":{"line":22,"column":null}},"8":{"start":{"line":24,"column":2},"end":{"line":54,"column":null}},"9":{"start":{"line":47,"column":12},"end":{"line":47,"column":52}},"10":{"start":{"line":57,"column":0},"end":{"line":57,"column":null}}},"fnMap":{"0":{"name":"(anonymous_0)","decl":{"start":{"line":8,"column":21},"end":{"line":8,"column":22}},"loc":{"start":{"line":8,"column":66},"end":{"line":55,"column":1}}},"1":{"name":"(anonymous_1)","decl":{"start":{"line":46,"column":25},"end":{"line":46,"column":26}},"loc":{"start":{"line":47,"column":12},"end":{"line":47,"column":52}}}},"branchMap":{"0":{"loc":{"start":{"line":22,"column":2},"end":{"line":22,"column":null}},"type":"if","locations":[{"start":{"line":22,"column":2},"end":{"line":22,"column":null}}]},"1":{"loc":{"start":{"line":25,"column":4},"end":{"line":52,"column":null}},"type":"binary-expr","locations":[{"start":{"line":25,"column":4},"end":{"line":25,"column":12}},{"start":{"line":26,"column":6},"end":{"line":51,"column":null}}]},"2":{"loc":{"start":{"line":40,"column":29},"end":{"line":42,"column":38}},"type":"cond-expr","locations":[{"start":{"line":41,"column":16},"end":{"line":41,"column":74}},{"start":{"line":42,"column":16},"end":{"line":42,"column":38}}]}},"s":{"0":6,"1":6,"2":6,"3":4,"4":4,"5":4,"6":4,"7":0,"8":4,"9":1,"10":6},"f":{"0":4,"1":1},"b":{"0":[0],"1":[4,1],"2":[1,0]}}
,"C:\\Users\\user\\YandexDisk\\Cloud projects\\comics-shop\\src\\components\\Layout\\Navbar\\Navbar.module.scss": {"path":"C:\\Users\\user\\YandexDisk\\Cloud projects\\comics-shop\\src\\components\\Layout\\Navbar\\Navbar.module.scss","statementMap":{"0":{"start":{"line":1,"column":13},"end":{"line":1,"column":112}},"1":{"start":{"line":3,"column":4},"end":{"line":24,"column":5}},"2":{"start":{"line":4,"column":8},"end":{"line":6,"column":11}},"3":{"start":{"line":7,"column":8},"end":{"line":18,"column":11}},"4":{"start":{"line":9,"column":16},"end":{"line":11,"column":17}},"5":{"start":{"line":10,"column":20},"end":{"line":10,"column":34}},"6":{"start":{"line":12,"column":16},"end":{"line":12,"column":36}},"7":{"start":{"line":16,"column":16},"end":{"line":16,"column":30}},"8":{"start":{"line":20,"column":8},"end":{"line":22,"column":11}},"9":{"start":{"line":23,"column":8},"end":{"line":23,"column":31}}},"fnMap":{"0":{"name":"(anonymous_0)","decl":{"start":{"line":8,"column":12},"end":{"line":8,"column":13}},"loc":{"start":{"line":8,"column":30},"end":{"line":13,"column":13}},"line":8},"1":{"name":"(anonymous_1)","decl":{"start":{"line":15,"column":12},"end":{"line":15,"column":13}},"loc":{"start":{"line":15,"column":29},"end":{"line":17,"column":13}},"line":15}},"branchMap":{"0":{"loc":{"start":{"line":3,"column":4},"end":{"line":24,"column":5}},"type":"if","locations":[{"start":{"line":3,"column":4},"end":{"line":24,"column":5}},{"start":{"line":19,"column":11},"end":{"line":24,"column":5}}],"line":3},"1":{"loc":{"start":{"line":3,"column":8},"end":{"line":3,"column":44}},"type":"binary-expr","locations":[{"start":{"line":3,"column":8},"end":{"line":3,"column":34}},{"start":{"line":3,"column":38},"end":{"line":3,"column":44}}],"line":3},"2":{"loc":{"start":{"line":9,"column":16},"end":{"line":11,"column":17}},"type":"if","locations":[{"start":{"line":9,"column":16},"end":{"line":11,"column":17}},{"start":{},"end":{}}],"line":9}},"s":{"0":1,"1":1,"2":1,"3":1,"4":37,"5":37,"6":0,"7":0,"8":0,"9":0},"f":{"0":37,"1":0},"b":{"0":[1,0],"1":[1,1],"2":[37,0]},"_coverageSchema":"1a1c01bbd47fc00a2c39e90264f33305004495a9","hash":"2a55dcc6212e4aa66a118dc13e766adca22e9a62"}
,"C:\\Users\\user\\YandexDisk\\Cloud projects\\comics-shop\\src\\components\\Layout\\Navbar\\Navbar.tsx": {"path":"C:\\Users\\user\\YandexDisk\\Cloud projects\\comics-shop\\src\\components\\Layout\\Navbar\\Navbar.tsx","statementMap":{"0":{"start":{"line":1,"column":0},"end":{"line":1,"column":42}},"1":{"start":{"line":2,"column":0},"end":{"line":2,"column":41}},"2":{"start":{"line":4,"column":15},"end":{"line":63,"column":1}},"3":{"start":{"line":5,"column":2},"end":{"line":62,"column":null}},"4":{"start":{"line":21,"column":14},"end":{"line":23,"column":46}},"5":{"start":{"line":35,"column":14},"end":{"line":37,"column":46}},"6":{"start":{"line":49,"column":14},"end":{"line":51,"column":46}},"7":{"start":{"line":65,"column":0},"end":{"line":65,"column":null}}},"fnMap":{"0":{"name":"(anonymous_0)","decl":{"start":{"line":4,"column":15},"end":{"line":4,"column":18}},"loc":{"start":{"line":4,"column":20},"end":{"line":63,"column":1}}},"1":{"name":"(anonymous_1)","decl":{"start":{"line":20,"column":23},"end":{"line":20,"column":24}},"loc":{"start":{"line":21,"column":14},"end":{"line":23,"column":46}}},"2":{"name":"(anonymous_2)","decl":{"start":{"line":34,"column":23},"end":{"line":34,"column":24}},"loc":{"start":{"line":35,"column":14},"end":{"line":37,"column":46}}},"3":{"name":"(anonymous_3)","decl":{"start":{"line":48,"column":23},"end":{"line":48,"column":24}},"loc":{"start":{"line":49,"column":14},"end":{"line":51,"column":46}}}},"branchMap":{"0":{"loc":{"start":{"line":21,"column":14},"end":{"line":23,"column":46}},"type":"cond-expr","locations":[{"start":{"line":22,"column":18},"end":{"line":22,"column":81}},{"start":{"line":23,"column":18},"end":{"line":23,"column":46}}]},"1":{"loc":{"start":{"line":35,"column":14},"end":{"line":37,"column":46}},"type":"cond-expr","locations":[{"start":{"line":36,"column":18},"end":{"line":36,"column":81}},{"start":{"line":37,"column":18},"end":{"line":37,"column":46}}]},"2":{"loc":{"start":{"line":49,"column":14},"end":{"line":51,"column":46}},"type":"cond-expr","locations":[{"start":{"line":50,"column":18},"end":{"line":50,"column":81}},{"start":{"line":51,"column":18},"end":{"line":51,"column":46}}]}},"s":{"0":1,"1":1,"2":1,"3":5,"4":8,"5":8,"6":8,"7":1},"f":{"0":5,"1":8,"2":8,"3":8},"b":{"0":[1,7],"1":[1,7],"2":[1,7]}}
,"C:\\Users\\user\\YandexDisk\\Cloud projects\\comics-shop\\src\\components\\UI\\Card\\Card.module.scss": {"path":"C:\\Users\\user\\YandexDisk\\Cloud projects\\comics-shop\\src\\components\\UI\\Card\\Card.module.scss","statementMap":{"0":{"start":{"line":1,"column":13},"end":{"line":1,"column":28}},"1":{"start":{"line":3,"column":4},"end":{"line":24,"column":5}},"2":{"start":{"line":4,"column":8},"end":{"line":6,"column":11}},"3":{"start":{"line":7,"column":8},"end":{"line":18,"column":11}},"4":{"start":{"line":9,"column":16},"end":{"line":11,"column":17}},"5":{"start":{"line":10,"column":20},"end":{"line":10,"column":34}},"6":{"start":{"line":12,"column":16},"end":{"line":12,"column":36}},"7":{"start":{"line":16,"column":16},"end":{"line":16,"column":30}},"8":{"start":{"line":20,"column":8},"end":{"line":22,"column":11}},"9":{"start":{"line":23,"column":8},"end":{"line":23,"column":31}}},"fnMap":{"0":{"name":"(anonymous_0)","decl":{"start":{"line":8,"column":12},"end":{"line":8,"column":13}},"loc":{"start":{"line":8,"column":30},"end":{"line":13,"column":13}},"line":8},"1":{"name":"(anonymous_1)","decl":{"start":{"line":15,"column":12},"end":{"line":15,"column":13}},"loc":{"start":{"line":15,"column":29},"end":{"line":17,"column":13}},"line":15}},"branchMap":{"0":{"loc":{"start":{"line":3,"column":4},"end":{"line":24,"column":5}},"type":"if","locations":[{"start":{"line":3,"column":4},"end":{"line":24,"column":5}},{"start":{"line":19,"column":11},"end":{"line":24,"column":5}}],"line":3},"1":{"loc":{"start":{"line":3,"column":8},"end":{"line":3,"column":44}},"type":"binary-expr","locations":[{"start":{"line":3,"column":8},"end":{"line":3,"column":34}},{"start":{"line":3,"column":38},"end":{"line":3,"column":44}}],"line":3},"2":{"loc":{"start":{"line":9,"column":16},"end":{"line":11,"column":17}},"type":"if","locations":[{"start":{"line":9,"column":16},"end":{"line":11,"column":17}},{"start":{},"end":{}}],"line":9}},"s":{"0":6,"1":6,"2":6,"3":6,"4":14,"5":14,"6":0,"7":0,"8":0,"9":0},"f":{"0":14,"1":0},"b":{"0":[6,0],"1":[6,6],"2":[14,0]},"_coverageSchema":"1a1c01bbd47fc00a2c39e90264f33305004495a9","hash":"cb16b5a41fe46384c44b2b1e1e65a20ee87dbfbb"}
,"C:\\Users\\user\\YandexDisk\\Cloud projects\\comics-shop\\src\\components\\UI\\Card\\Card.tsx": {"path":"C:\\Users\\user\\YandexDisk\\Cloud projects\\comics-shop\\src\\components\\UI\\Card\\Card.tsx","statementMap":{"0":{"start":{"line":2,"column":0},"end":{"line":2,"column":39}},"1":{"start":{"line":10,"column":13},"end":{"line":18,"column":1}},"2":{"start":{"line":11,"column":18},"end":{"line":11,"column":47}},"3":{"start":{"line":13,"column":2},"end":{"line":17,"column":null}},"4":{"start":{"line":20,"column":0},"end":{"line":20,"column":null}}},"fnMap":{"0":{"name":"(anonymous_0)","decl":{"start":{"line":10,"column":13},"end":{"line":10,"column":14}},"loc":{"start":{"line":10,"column":63},"end":{"line":18,"column":1}}}},"branchMap":{},"s":{"0":6,"1":6,"2":14,"3":14,"4":6},"f":{"0":14},"b":{}}
,"C:\\Users\\user\\YandexDisk\\Cloud projects\\comics-shop\\src\\components\\UI\\Carousel\\Carousel.module.scss": {"path":"C:\\Users\\user\\YandexDisk\\Cloud projects\\comics-shop\\src\\components\\UI\\Carousel\\Carousel.module.scss","statementMap":{"0":{"start":{"line":1,"column":13},"end":{"line":1,"column":176}},"1":{"start":{"line":3,"column":4},"end":{"line":24,"column":5}},"2":{"start":{"line":4,"column":8},"end":{"line":6,"column":11}},"3":{"start":{"line":7,"column":8},"end":{"line":18,"column":11}},"4":{"start":{"line":9,"column":16},"end":{"line":11,"column":17}},"5":{"start":{"line":10,"column":20},"end":{"line":10,"column":34}},"6":{"start":{"line":12,"column":16},"end":{"line":12,"column":36}},"7":{"start":{"line":16,"column":16},"end":{"line":16,"column":30}},"8":{"start":{"line":20,"column":8},"end":{"line":22,"column":11}},"9":{"start":{"line":23,"column":8},"end":{"line":23,"column":31}}},"fnMap":{"0":{"name":"(anonymous_0)","decl":{"start":{"line":8,"column":12},"end":{"line":8,"column":13}},"loc":{"start":{"line":8,"column":30},"end":{"line":13,"column":13}},"line":8},"1":{"name":"(anonymous_1)","decl":{"start":{"line":15,"column":12},"end":{"line":15,"column":13}},"loc":{"start":{"line":15,"column":29},"end":{"line":17,"column":13}},"line":15}},"branchMap":{"0":{"loc":{"start":{"line":3,"column":4},"end":{"line":24,"column":5}},"type":"if","locations":[{"start":{"line":3,"column":4},"end":{"line":24,"column":5}},{"start":{"line":19,"column":11},"end":{"line":24,"column":5}}],"line":3},"1":{"loc":{"start":{"line":3,"column":8},"end":{"line":3,"column":44}},"type":"binary-expr","locations":[{"start":{"line":3,"column":8},"end":{"line":3,"column":34}},{"start":{"line":3,"column":38},"end":{"line":3,"column":44}}],"line":3},"2":{"loc":{"start":{"line":9,"column":16},"end":{"line":11,"column":17}},"type":"if","locations":[{"start":{"line":9,"column":16},"end":{"line":11,"column":17}},{"start":{},"end":{}}],"line":9}},"s":{"0":5,"1":5,"2":5,"3":5,"4":105,"5":105,"6":0,"7":0,"8":0,"9":0},"f":{"0":105,"1":0},"b":{"0":[5,0],"1":[5,5],"2":[105,0]},"_coverageSchema":"1a1c01bbd47fc00a2c39e90264f33305004495a9","hash":"b389e3343ed815285d22266135d69727ac53ebfc"}
,"C:\\Users\\user\\YandexDisk\\Cloud projects\\comics-shop\\src\\components\\UI\\Carousel\\Carousel.tsx": {"path":"C:\\Users\\user\\YandexDisk\\Cloud projects\\comics-shop\\src\\components\\UI\\Carousel\\Carousel.tsx","statementMap":{"0":{"start":{"line":1,"column":0},"end":{"line":1,"column":63}},"1":{"start":{"line":3,"column":0},"end":{"line":3,"column":49}},"2":{"start":{"line":4,"column":0},"end":{"line":4,"column":49}},"3":{"start":{"line":5,"column":0},"end":{"line":5,"column":43}},"4":{"start":{"line":6,"column":0},"end":{"line":6,"column":43}},"5":{"start":{"line":16,"column":17},"end":{"line":77,"column":1}},"6":{"start":{"line":23,"column":40},"end":{"line":23,"column":72}},"7":{"start":{"line":24,"column":13},"end":{"line":24,"column":20}},"8":{"start":{"line":26,"column":27},"end":{"line":30,"column":29}},"9":{"start":{"line":27,"column":4},"end":{"line":29,"column":null}},"10":{"start":{"line":28,"column":6},"end":{"line":28,"column":55}},"11":{"start":{"line":32,"column":27},"end":{"line":36,"column":29}},"12":{"start":{"line":33,"column":4},"end":{"line":35,"column":null}},"13":{"start":{"line":34,"column":6},"end":{"line":34,"column":55}},"14":{"start":{"line":38,"column":2},"end":{"line":44,"column":null}},"15":{"start":{"line":39,"column":21},"end":{"line":41,"column":17}},"16":{"start":{"line":43,"column":4},"end":{"line":43,"column":null}},"17":{"start":{"line":43,"column":17},"end":{"line":43,"column":40}},"18":{"start":{"line":46,"column":2},"end":{"line":76,"column":null}},"19":{"start":{"line":56,"column":8},"end":{"line":57,"column":null}},"20":{"start":{"line":79,"column":0},"end":{"line":79,"column":null}}},"fnMap":{"0":{"name":"(anonymous_0)","decl":{"start":{"line":16,"column":17},"end":{"line":16,"column":18}},"loc":{"start":{"line":22,"column":21},"end":{"line":77,"column":1}}},"1":{"name":"(anonymous_1)","decl":{"start":{"line":26,"column":39},"end":{"line":26,"column":42}},"loc":{"start":{"line":26,"column":44},"end":{"line":30,"column":3}}},"2":{"name":"(anonymous_2)","decl":{"start":{"line":27,"column":19},"end":{"line":27,"column":20}},"loc":{"start":{"line":28,"column":6},"end":{"line":28,"column":55}}},"3":{"name":"(anonymous_3)","decl":{"start":{"line":32,"column":39},"end":{"line":32,"column":42}},"loc":{"start":{"line":32,"column":44},"end":{"line":36,"column":3}}},"4":{"name":"(anonymous_4)","decl":{"start":{"line":33,"column":19},"end":{"line":33,"column":20}},"loc":{"start":{"line":34,"column":6},"end":{"line":34,"column":55}}},"5":{"name":"(anonymous_5)","decl":{"start":{"line":38,"column":12},"end":{"line":38,"column":15}},"loc":{"start":{"line":38,"column":17},"end":{"line":44,"column":3}}},"6":{"name":"(anonymous_6)","decl":{"start":{"line":43,"column":11},"end":{"line":43,"column":14}},"loc":{"start":{"line":43,"column":17},"end":{"line":43,"column":40}}},"7":{"name":"(anonymous_7)","decl":{"start":{"line":55,"column":26},"end":{"line":55,"column":27}},"loc":{"start":{"line":56,"column":8},"end":{"line":57,"column":null}}}},"branchMap":{"0":{"loc":{"start":{"line":18,"column":2},"end":{"line":18,"column":21}},"type":"default-arg","locations":[{"start":{"line":18,"column":20},"end":{"line":18,"column":21}}]},"1":{"loc":{"start":{"line":19,"column":2},"end":{"line":19,"column":25}},"type":"default-arg","locations":[{"start":{"line":19,"column":21},"end":{"line":19,"column":25}}]},"2":{"loc":{"start":{"line":20,"column":2},"end":{"line":20,"column":16}},"type":"default-arg","locations":[{"start":{"line":20,"column":15},"end":{"line":20,"column":16}}]},"3":{"loc":{"start":{"line":21,"column":2},"end":{"line":21,"column":33}},"type":"default-arg","locations":[{"start":{"line":21,"column":23},"end":{"line":21,"column":33}}]},"4":{"loc":{"start":{"line":28,"column":6},"end":{"line":28,"column":55}},"type":"cond-expr","locations":[{"start":{"line":28,"column":19},"end":{"line":28,"column":44}},{"start":{"line":28,"column":47},"end":{"line":28,"column":55}}]},"5":{"loc":{"start":{"line":34,"column":6},"end":{"line":34,"column":55}},"type":"cond-expr","locations":[{"start":{"line":34,"column":43},"end":{"line":34,"column":44}},{"start":{"line":34,"column":47},"end":{"line":34,"column":55}}]},"6":{"loc":{"start":{"line":39,"column":21},"end":{"line":41,"column":17}},"type":"cond-expr","locations":[{"start":{"line":40,"column":8},"end":{"line":40,"column":61}},{"start":{"line":41,"column":8},"end":{"line":41,"column":17}}]}},"s":{"0":5,"1":5,"2":5,"3":5,"4":5,"5":5,"6":21,"7":21,"8":21,"9":1,"10":1,"11":21,"12":2,"13":2,"14":21,"15":18,"16":18,"17":18,"18":21,"19":63,"20":5},"f":{"0":21,"1":1,"2":1,"3":2,"4":2,"5":18,"6":18,"7":63},"b":{"0":[21],"1":[16],"2":[21],"3":[21],"4":[1,0],"5":[0,2],"6":[15,3]}}
,"C:\\Users\\user\\YandexDisk\\Cloud projects\\comics-shop\\src\\components\\UI\\Carousel\\CarouselSlide.module.scss": {"path":"C:\\Users\\user\\YandexDisk\\Cloud projects\\comics-shop\\src\\components\\UI\\Carousel\\CarouselSlide.module.scss","statementMap":{"0":{"start":{"line":1,"column":13},"end":{"line":1,"column":432}},"1":{"start":{"line":3,"column":4},"end":{"line":24,"column":5}},"2":{"start":{"line":4,"column":8},"end":{"line":6,"column":11}},"3":{"start":{"line":7,"column":8},"end":{"line":18,"column":11}},"4":{"start":{"line":9,"column":16},"end":{"line":11,"column":17}},"5":{"start":{"line":10,"column":20},"end":{"line":10,"column":34}},"6":{"start":{"line":12,"column":16},"end":{"line":12,"column":36}},"7":{"start":{"line":16,"column":16},"end":{"line":16,"column":30}},"8":{"start":{"line":20,"column":8},"end":{"line":22,"column":11}},"9":{"start":{"line":23,"column":8},"end":{"line":23,"column":31}}},"fnMap":{"0":{"name":"(anonymous_0)","decl":{"start":{"line":8,"column":12},"end":{"line":8,"column":13}},"loc":{"start":{"line":8,"column":30},"end":{"line":13,"column":13}},"line":8},"1":{"name":"(anonymous_1)","decl":{"start":{"line":15,"column":12},"end":{"line":15,"column":13}},"loc":{"start":{"line":15,"column":29},"end":{"line":17,"column":13}},"line":15}},"branchMap":{"0":{"loc":{"start":{"line":3,"column":4},"end":{"line":24,"column":5}},"type":"if","locations":[{"start":{"line":3,"column":4},"end":{"line":24,"column":5}},{"start":{"line":19,"column":11},"end":{"line":24,"column":5}}],"line":3},"1":{"loc":{"start":{"line":3,"column":8},"end":{"line":3,"column":44}},"type":"binary-expr","locations":[{"start":{"line":3,"column":8},"end":{"line":3,"column":34}},{"start":{"line":3,"column":38},"end":{"line":3,"column":44}}],"line":3},"2":{"loc":{"start":{"line":9,"column":16},"end":{"line":11,"column":17}},"type":"if","locations":[{"start":{"line":9,"column":16},"end":{"line":11,"column":17}},{"start":{},"end":{}}],"line":9}},"s":{"0":5,"1":5,"2":5,"3":5,"4":504,"5":504,"6":0,"7":0,"8":0,"9":0},"f":{"0":504,"1":0},"b":{"0":[5,0],"1":[5,5],"2":[504,0]},"_coverageSchema":"1a1c01bbd47fc00a2c39e90264f33305004495a9","hash":"d6fa127d6cd3e86ec8e95509387fda5aa102b192"}
,"C:\\Users\\user\\YandexDisk\\Cloud projects\\comics-shop\\src\\components\\UI\\Carousel\\CarouselSlide.tsx": {"path":"C:\\Users\\user\\YandexDisk\\Cloud projects\\comics-shop\\src\\components\\UI\\Carousel\\CarouselSlide.tsx","statementMap":{"0":{"start":{"line":2,"column":0},"end":{"line":2,"column":42}},"1":{"start":{"line":4,"column":0},"end":{"line":4,"column":48}},"2":{"start":{"line":13,"column":22},"end":{"line":62,"column":1}},"3":{"start":{"line":20,"column":27},"end":{"line":22,"column":null}},"4":{"start":{"line":23,"column":36},"end":{"line":28,"column":null}},"5":{"start":{"line":30,"column":21},"end":{"line":30,"column":46}},"6":{"start":{"line":32,"column":2},"end":{"line":61,"column":null}},"7":{"start":{"line":54,"column":8},"end":{"line":55,"column":null}},"8":{"start":{"line":64,"column":0},"end":{"line":64,"column":null}}},"fnMap":{"0":{"name":"(anonymous_0)","decl":{"start":{"line":13,"column":22},"end":{"line":13,"column":23}},"loc":{"start":{"line":19,"column":26},"end":{"line":62,"column":1}}},"1":{"name":"(anonymous_1)","decl":{"start":{"line":53,"column":37},"end":{"line":53,"column":38}},"loc":{"start":{"line":54,"column":8},"end":{"line":55,"column":null}}}},"branchMap":{},"s":{"0":5,"1":5,"2":5,"3":63,"4":63,"5":63,"6":63,"7":252,"8":5},"f":{"0":63,"1":252},"b":{}}
,"C:\\Users\\user\\YandexDisk\\Cloud projects\\comics-shop\\src\\components\\UI\\Carousel\\images.ts": {"path":"C:\\Users\\user\\YandexDisk\\Cloud projects\\comics-shop\\src\\components\\UI\\Carousel\\images.ts","statementMap":{"0":{"start":{"line":3,"column":13},"end":{"line":34,"column":null}}},"fnMap":{},"branchMap":{},"s":{"0":5},"f":{},"b":{}}
,"C:\\Users\\user\\YandexDisk\\Cloud projects\\comics-shop\\src\\components\\UI\\CartButton\\CartButton.module.scss": {"path":"C:\\Users\\user\\YandexDisk\\Cloud projects\\comics-shop\\src\\components\\UI\\CartButton\\CartButton.module.scss","statementMap":{"0":{"start":{"line":1,"column":13},"end":{"line":1,"column":42}},"1":{"start":{"line":3,"column":4},"end":{"line":24,"column":5}},"2":{"start":{"line":4,"column":8},"end":{"line":6,"column":11}},"3":{"start":{"line":7,"column":8},"end":{"line":18,"column":11}},"4":{"start":{"line":9,"column":16},"end":{"line":11,"column":17}},"5":{"start":{"line":10,"column":20},"end":{"line":10,"column":34}},"6":{"start":{"line":12,"column":16},"end":{"line":12,"column":36}},"7":{"start":{"line":16,"column":16},"end":{"line":16,"column":30}},"8":{"start":{"line":20,"column":8},"end":{"line":22,"column":11}},"9":{"start":{"line":23,"column":8},"end":{"line":23,"column":31}}},"fnMap":{"0":{"name":"(anonymous_0)","decl":{"start":{"line":8,"column":12},"end":{"line":8,"column":13}},"loc":{"start":{"line":8,"column":30},"end":{"line":13,"column":13}},"line":8},"1":{"name":"(anonymous_1)","decl":{"start":{"line":15,"column":12},"end":{"line":15,"column":13}},"loc":{"start":{"line":15,"column":29},"end":{"line":17,"column":13}},"line":15}},"branchMap":{"0":{"loc":{"start":{"line":3,"column":4},"end":{"line":24,"column":5}},"type":"if","locations":[{"start":{"line":3,"column":4},"end":{"line":24,"column":5}},{"start":{"line":19,"column":11},"end":{"line":24,"column":5}}],"line":3},"1":{"loc":{"start":{"line":3,"column":8},"end":{"line":3,"column":44}},"type":"binary-expr","locations":[{"start":{"line":3,"column":8},"end":{"line":3,"column":34}},{"start":{"line":3,"column":38},"end":{"line":3,"column":44}}],"line":3},"2":{"loc":{"start":{"line":9,"column":16},"end":{"line":11,"column":17}},"type":"if","locations":[{"start":{"line":9,"column":16},"end":{"line":11,"column":17}},{"start":{},"end":{}}],"line":9}},"s":{"0":5,"1":5,"2":5,"3":5,"4":11,"5":11,"6":0,"7":0,"8":0,"9":0},"f":{"0":11,"1":0},"b":{"0":[5,0],"1":[5,5],"2":[11,0]},"_coverageSchema":"1a1c01bbd47fc00a2c39e90264f33305004495a9","hash":"5a4d69d0d0854c60a78c62eb098225fb3c8e8ef5"}
,"C:\\Users\\user\\YandexDisk\\Cloud projects\\comics-shop\\src\\components\\UI\\CartButton\\CartButton.tsx": {"path":"C:\\Users\\user\\YandexDisk\\Cloud projects\\comics-shop\\src\\components\\UI\\CartButton\\CartButton.tsx","statementMap":{"0":{"start":{"line":2,"column":0},"end":{"line":2,"column":45}},"1":{"start":{"line":8,"column":19},"end":{"line":54,"column":1}},"2":{"start":{"line":14,"column":18},"end":{"line":14,"column":57}},"3":{"start":{"line":16,"column":2},"end":{"line":53,"column":null}},"4":{"start":{"line":56,"column":0},"end":{"line":56,"column":null}}},"fnMap":{"0":{"name":"(anonymous_0)","decl":{"start":{"line":8,"column":19},"end":{"line":8,"column":20}},"loc":{"start":{"line":13,"column":23},"end":{"line":54,"column":1}}}},"branchMap":{"0":{"loc":{"start":{"line":19,"column":18},"end":{"line":19,"column":69}},"type":"cond-expr","locations":[{"start":{"line":19,"column":35},"end":{"line":19,"column":53}},{"start":{"line":19,"column":56},"end":{"line":19,"column":69}}]},"1":{"loc":{"start":{"line":47,"column":16},"end":{"line":47,"column":48}},"type":"cond-expr","locations":[{"start":{"line":47,"column":33},"end":{"line":47,"column":39}},{"start":{"line":47,"column":42},"end":{"line":47,"column":48}}]}},"s":{"0":5,"1":5,"2":11,"3":11,"4":5},"f":{"0":11},"b":{"0":[1,10],"1":[1,10]}}
,"C:\\Users\\user\\YandexDisk\\Cloud projects\\comics-shop\\src\\components\\UI\\Error\\Error.module.scss": {"path":"C:\\Users\\user\\YandexDisk\\Cloud projects\\comics-shop\\src\\components\\UI\\Error\\Error.module.scss","statementMap":{"0":{"start":{"line":1,"column":13},"end":{"line":1,"column":30}},"1":{"start":{"line":3,"column":4},"end":{"line":24,"column":5}},"2":{"start":{"line":4,"column":8},"end":{"line":6,"column":11}},"3":{"start":{"line":7,"column":8},"end":{"line":18,"column":11}},"4":{"start":{"line":9,"column":16},"end":{"line":11,"column":17}},"5":{"start":{"line":10,"column":20},"end":{"line":10,"column":34}},"6":{"start":{"line":12,"column":16},"end":{"line":12,"column":36}},"7":{"start":{"line":16,"column":16},"end":{"line":16,"column":30}},"8":{"start":{"line":20,"column":8},"end":{"line":22,"column":11}},"9":{"start":{"line":23,"column":8},"end":{"line":23,"column":31}}},"fnMap":{"0":{"name":"(anonymous_0)","decl":{"start":{"line":8,"column":12},"end":{"line":8,"column":13}},"loc":{"start":{"line":8,"column":30},"end":{"line":13,"column":13}},"line":8},"1":{"name":"(anonymous_1)","decl":{"start":{"line":15,"column":12},"end":{"line":15,"column":13}},"loc":{"start":{"line":15,"column":29},"end":{"line":17,"column":13}},"line":15}},"branchMap":{"0":{"loc":{"start":{"line":3,"column":4},"end":{"line":24,"column":5}},"type":"if","locations":[{"start":{"line":3,"column":4},"end":{"line":24,"column":5}},{"start":{"line":19,"column":11},"end":{"line":24,"column":5}}],"line":3},"1":{"loc":{"start":{"line":3,"column":8},"end":{"line":3,"column":44}},"type":"binary-expr","locations":[{"start":{"line":3,"column":8},"end":{"line":3,"column":34}},{"start":{"line":3,"column":38},"end":{"line":3,"column":44}}],"line":3},"2":{"loc":{"start":{"line":9,"column":16},"end":{"line":11,"column":17}},"type":"if","locations":[{"start":{"line":9,"column":16},"end":{"line":11,"column":17}},{"start":{},"end":{}}],"line":9}},"s":{"0":5,"1":5,"2":5,"3":5,"4":0,"5":0,"6":0,"7":0,"8":0,"9":0},"f":{"0":0,"1":0},"b":{"0":[5,0],"1":[5,5],"2":[0,0]},"_coverageSchema":"1a1c01bbd47fc00a2c39e90264f33305004495a9","hash":"440592ecfabbdaef59a9be44fa4be39946a53817"}
,"C:\\Users\\user\\YandexDisk\\Cloud projects\\comics-shop\\src\\components\\UI\\Error\\Error.tsx": {"path":"C:\\Users\\user\\YandexDisk\\Cloud projects\\comics-shop\\src\\components\\UI\\Error\\Error.tsx","statementMap":{"0":{"start":{"line":1,"column":0},"end":{"line":1,"column":40}},"1":{"start":{"line":6,"column":14},"end":{"line":13,"column":1}},"2":{"start":{"line":7,"column":2},"end":{"line":12,"column":null}},"3":{"start":{"line":15,"column":0},"end":{"line":15,"column":null}}},"fnMap":{"0":{"name":"(anonymous_0)","decl":{"start":{"line":6,"column":14},"end":{"line":6,"column":15}},"loc":{"start":{"line":6,"column":41},"end":{"line":13,"column":1}}}},"branchMap":{},"s":{"0":5,"1":5,"2":0,"3":5},"f":{"0":0},"b":{}}
,"C:\\Users\\user\\YandexDisk\\Cloud projects\\comics-shop\\src\\components\\UI\\FavoriteButton\\FavoriteButton.module.scss": {"path":"C:\\Users\\user\\YandexDisk\\Cloud projects\\comics-shop\\src\\components\\UI\\FavoriteButton\\FavoriteButton.module.scss","statementMap":{"0":{"start":{"line":1,"column":13},"end":{"line":1,"column":50}},"1":{"start":{"line":3,"column":4},"end":{"line":24,"column":5}},"2":{"start":{"line":4,"column":8},"end":{"line":6,"column":11}},"3":{"start":{"line":7,"column":8},"end":{"line":18,"column":11}},"4":{"start":{"line":9,"column":16},"end":{"line":11,"column":17}},"5":{"start":{"line":10,"column":20},"end":{"line":10,"column":34}},"6":{"start":{"line":12,"column":16},"end":{"line":12,"column":36}},"7":{"start":{"line":16,"column":16},"end":{"line":16,"column":30}},"8":{"start":{"line":20,"column":8},"end":{"line":22,"column":11}},"9":{"start":{"line":23,"column":8},"end":{"line":23,"column":31}}},"fnMap":{"0":{"name":"(anonymous_0)","decl":{"start":{"line":8,"column":12},"end":{"line":8,"column":13}},"loc":{"start":{"line":8,"column":30},"end":{"line":13,"column":13}},"line":8},"1":{"name":"(anonymous_1)","decl":{"start":{"line":15,"column":12},"end":{"line":15,"column":13}},"loc":{"start":{"line":15,"column":29},"end":{"line":17,"column":13}},"line":15}},"branchMap":{"0":{"loc":{"start":{"line":3,"column":4},"end":{"line":24,"column":5}},"type":"if","locations":[{"start":{"line":3,"column":4},"end":{"line":24,"column":5}},{"start":{"line":19,"column":11},"end":{"line":24,"column":5}}],"line":3},"1":{"loc":{"start":{"line":3,"column":8},"end":{"line":3,"column":44}},"type":"binary-expr","locations":[{"start":{"line":3,"column":8},"end":{"line":3,"column":34}},{"start":{"line":3,"column":38},"end":{"line":3,"column":44}}],"line":3},"2":{"loc":{"start":{"line":9,"column":16},"end":{"line":11,"column":17}},"type":"if","locations":[{"start":{"line":9,"column":16},"end":{"line":11,"column":17}},{"start":{},"end":{}}],"line":9}},"s":{"0":5,"1":5,"2":5,"3":5,"4":11,"5":11,"6":0,"7":0,"8":0,"9":0},"f":{"0":11,"1":0},"b":{"0":[5,0],"1":[5,5],"2":[11,0]},"_coverageSchema":"1a1c01bbd47fc00a2c39e90264f33305004495a9","hash":"197ea10eac0c84642e366f927bbf52132fc7e049"}
,"C:\\Users\\user\\YandexDisk\\Cloud projects\\comics-shop\\src\\components\\UI\\FavoriteButton\\FavoriteButton.tsx": {"path":"C:\\Users\\user\\YandexDisk\\Cloud projects\\comics-shop\\src\\components\\UI\\FavoriteButton\\FavoriteButton.tsx","statementMap":{"0":{"start":{"line":2,"column":0},"end":{"line":2,"column":49}},"1":{"start":{"line":8,"column":23},"end":{"line":40,"column":1}},"2":{"start":{"line":14,"column":18},"end":{"line":14,"column":61}},"3":{"start":{"line":16,"column":2},"end":{"line":39,"column":null}},"4":{"start":{"line":42,"column":0},"end":{"line":42,"column":null}}},"fnMap":{"0":{"name":"(anonymous_0)","decl":{"start":{"line":8,"column":23},"end":{"line":8,"column":24}},"loc":{"start":{"line":13,"column":27},"end":{"line":40,"column":1}}}},"branchMap":{"0":{"loc":{"start":{"line":19,"column":18},"end":{"line":19,"column":73}},"type":"cond-expr","locations":[{"start":{"line":19,"column":31},"end":{"line":19,"column":53}},{"start":{"line":19,"column":56},"end":{"line":19,"column":73}}]},"1":{"loc":{"start":{"line":34,"column":23},"end":{"line":34,"column":41}},"type":"cond-expr","locations":[{"start":{"line":34,"column":36},"end":{"line":34,"column":37}},{"start":{"line":34,"column":40},"end":{"line":34,"column":41}}]}},"s":{"0":5,"1":5,"2":11,"3":11,"4":5},"f":{"0":11},"b":{"0":[1,10],"1":[1,10]}}
,"C:\\Users\\user\\YandexDisk\\Cloud projects\\comics-shop\\src\\components\\UI\\Input\\Input.module.scss": {"path":"C:\\Users\\user\\YandexDisk\\Cloud projects\\comics-shop\\src\\components\\UI\\Input\\Input.module.scss","statementMap":{"0":{"start":{"line":1,"column":13},"end":{"line":1,"column":30}},"1":{"start":{"line":3,"column":4},"end":{"line":24,"column":5}},"2":{"start":{"line":4,"column":8},"end":{"line":6,"column":11}},"3":{"start":{"line":7,"column":8},"end":{"line":18,"column":11}},"4":{"start":{"line":9,"column":16},"end":{"line":11,"column":17}},"5":{"start":{"line":10,"column":20},"end":{"line":10,"column":34}},"6":{"start":{"line":12,"column":16},"end":{"line":12,"column":36}},"7":{"start":{"line":16,"column":16},"end":{"line":16,"column":30}},"8":{"start":{"line":20,"column":8},"end":{"line":22,"column":11}},"9":{"start":{"line":23,"column":8},"end":{"line":23,"column":31}}},"fnMap":{"0":{"name":"(anonymous_0)","decl":{"start":{"line":8,"column":12},"end":{"line":8,"column":13}},"loc":{"start":{"line":8,"column":30},"end":{"line":13,"column":13}},"line":8},"1":{"name":"(anonymous_1)","decl":{"start":{"line":15,"column":12},"end":{"line":15,"column":13}},"loc":{"start":{"line":15,"column":29},"end":{"line":17,"column":13}},"line":15}},"branchMap":{"0":{"loc":{"start":{"line":3,"column":4},"end":{"line":24,"column":5}},"type":"if","locations":[{"start":{"line":3,"column":4},"end":{"line":24,"column":5}},{"start":{"line":19,"column":11},"end":{"line":24,"column":5}}],"line":3},"1":{"loc":{"start":{"line":3,"column":8},"end":{"line":3,"column":44}},"type":"binary-expr","locations":[{"start":{"line":3,"column":8},"end":{"line":3,"column":34}},{"start":{"line":3,"column":38},"end":{"line":3,"column":44}}],"line":3},"2":{"loc":{"start":{"line":9,"column":16},"end":{"line":11,"column":17}},"type":"if","locations":[{"start":{"line":9,"column":16},"end":{"line":11,"column":17}},{"start":{},"end":{}}],"line":9}},"s":{"0":6,"1":6,"2":6,"3":6,"4":6,"5":6,"6":0,"7":0,"8":0,"9":0},"f":{"0":6,"1":0},"b":{"0":[6,0],"1":[6,6],"2":[6,0]},"_coverageSchema":"1a1c01bbd47fc00a2c39e90264f33305004495a9","hash":"6c93fb31bf48fcedcae388a3a8b78321bb1ea1f2"}
,"C:\\Users\\user\\YandexDisk\\Cloud projects\\comics-shop\\src\\components\\UI\\Input\\Input.tsx": {"path":"C:\\Users\\user\\YandexDisk\\Cloud projects\\comics-shop\\src\\components\\UI\\Input\\Input.tsx","statementMap":{"0":{"start":{"line":1,"column":0},"end":{"line":1,"column":79}},"1":{"start":{"line":2,"column":0},"end":{"line":2,"column":40}},"2":{"start":{"line":6,"column":14},"end":{"line":14,"column":null}},"3":{"start":{"line":8,"column":21},"end":{"line":8,"column":51}},"4":{"start":{"line":9,"column":4},"end":{"line":9,"column":null}},"5":{"start":{"line":9,"column":35},"end":{"line":9,"column":52}},"6":{"start":{"line":11,"column":20},"end":{"line":11,"column":50}},"7":{"start":{"line":13,"column":4},"end":{"line":13,"column":null}},"8":{"start":{"line":17,"column":0},"end":{"line":17,"column":null}}},"fnMap":{"0":{"name":"(anonymous_0)","decl":{"start":{"line":7,"column":2},"end":{"line":7,"column":3}},"loc":{"start":{"line":7,"column":35},"end":{"line":14,"column":3}}},"1":{"name":"(anonymous_1)","decl":{"start":{"line":9,"column":29},"end":{"line":9,"column":32}},"loc":{"start":{"line":9,"column":35},"end":{"line":9,"column":52}}}},"branchMap":{},"s":{"0":6,"1":6,"2":6,"3":6,"4":6,"5":0,"6":6,"7":6,"8":6},"f":{"0":6,"1":0},"b":{}}
,"C:\\Users\\user\\YandexDisk\\Cloud projects\\comics-shop\\src\\components\\UI\\Loader\\Loader.module.scss": {"path":"C:\\Users\\user\\YandexDisk\\Cloud projects\\comics-shop\\src\\components\\UI\\Loader\\Loader.module.scss","statementMap":{"0":{"start":{"line":1,"column":13},"end":{"line":1,"column":32}},"1":{"start":{"line":3,"column":4},"end":{"line":24,"column":5}},"2":{"start":{"line":4,"column":8},"end":{"line":6,"column":11}},"3":{"start":{"line":7,"column":8},"end":{"line":18,"column":11}},"4":{"start":{"line":9,"column":16},"end":{"line":11,"column":17}},"5":{"start":{"line":10,"column":20},"end":{"line":10,"column":34}},"6":{"start":{"line":12,"column":16},"end":{"line":12,"column":36}},"7":{"start":{"line":16,"column":16},"end":{"line":16,"column":30}},"8":{"start":{"line":20,"column":8},"end":{"line":22,"column":11}},"9":{"start":{"line":23,"column":8},"end":{"line":23,"column":31}}},"fnMap":{"0":{"name":"(anonymous_0)","decl":{"start":{"line":8,"column":12},"end":{"line":8,"column":13}},"loc":{"start":{"line":8,"column":30},"end":{"line":13,"column":13}},"line":8},"1":{"name":"(anonymous_1)","decl":{"start":{"line":15,"column":12},"end":{"line":15,"column":13}},"loc":{"start":{"line":15,"column":29},"end":{"line":17,"column":13}},"line":15}},"branchMap":{"0":{"loc":{"start":{"line":3,"column":4},"end":{"line":24,"column":5}},"type":"if","locations":[{"start":{"line":3,"column":4},"end":{"line":24,"column":5}},{"start":{"line":19,"column":11},"end":{"line":24,"column":5}}],"line":3},"1":{"loc":{"start":{"line":3,"column":8},"end":{"line":3,"column":44}},"type":"binary-expr","locations":[{"start":{"line":3,"column":8},"end":{"line":3,"column":34}},{"start":{"line":3,"column":38},"end":{"line":3,"column":44}}],"line":3},"2":{"loc":{"start":{"line":9,"column":16},"end":{"line":11,"column":17}},"type":"if","locations":[{"start":{"line":9,"column":16},"end":{"line":11,"column":17}},{"start":{},"end":{}}],"line":9}},"s":{"0":5,"1":5,"2":5,"3":5,"4":2,"5":2,"6":0,"7":0,"8":0,"9":0},"f":{"0":2,"1":0},"b":{"0":[5,0],"1":[5,5],"2":[2,0]},"_coverageSchema":"1a1c01bbd47fc00a2c39e90264f33305004495a9","hash":"f7cb2a7303ba6480ff076a8acf703929a18f049f"}
,"C:\\Users\\user\\YandexDisk\\Cloud projects\\comics-shop\\src\\components\\UI\\Loader\\Loader.tsx": {"path":"C:\\Users\\user\\YandexDisk\\Cloud projects\\comics-shop\\src\\components\\UI\\Loader\\Loader.tsx","statementMap":{"0":{"start":{"line":1,"column":0},"end":{"line":1,"column":41}},"1":{"start":{"line":3,"column":15},"end":{"line":14,"column":1}},"2":{"start":{"line":4,"column":2},"end":{"line":13,"column":null}},"3":{"start":{"line":16,"column":0},"end":{"line":16,"column":null}}},"fnMap":{"0":{"name":"(anonymous_0)","decl":{"start":{"line":3,"column":15},"end":{"line":3,"column":18}},"loc":{"start":{"line":3,"column":20},"end":{"line":14,"column":1}}}},"branchMap":{},"s":{"0":5,"1":5,"2":2,"3":5},"f":{"0":2},"b":{}}
,"C:\\Users\\user\\YandexDisk\\Cloud projects\\comics-shop\\src\\components\\UI\\NextButton\\NextButton.module.scss": {"path":"C:\\Users\\user\\YandexDisk\\Cloud projects\\comics-shop\\src\\components\\UI\\NextButton\\NextButton.module.scss","statementMap":{"0":{"start":{"line":1,"column":13},"end":{"line":1,"column":94}},"1":{"start":{"line":3,"column":4},"end":{"line":24,"column":5}},"2":{"start":{"line":4,"column":8},"end":{"line":6,"column":11}},"3":{"start":{"line":7,"column":8},"end":{"line":18,"column":11}},"4":{"start":{"line":9,"column":16},"end":{"line":11,"column":17}},"5":{"start":{"line":10,"column":20},"end":{"line":10,"column":34}},"6":{"start":{"line":12,"column":16},"end":{"line":12,"column":36}},"7":{"start":{"line":16,"column":16},"end":{"line":16,"column":30}},"8":{"start":{"line":20,"column":8},"end":{"line":22,"column":11}},"9":{"start":{"line":23,"column":8},"end":{"line":23,"column":31}}},"fnMap":{"0":{"name":"(anonymous_0)","decl":{"start":{"line":8,"column":12},"end":{"line":8,"column":13}},"loc":{"start":{"line":8,"column":30},"end":{"line":13,"column":13}},"line":8},"1":{"name":"(anonymous_1)","decl":{"start":{"line":15,"column":12},"end":{"line":15,"column":13}},"loc":{"start":{"line":15,"column":29},"end":{"line":17,"column":13}},"line":15}},"branchMap":{"0":{"loc":{"start":{"line":3,"column":4},"end":{"line":24,"column":5}},"type":"if","locations":[{"start":{"line":3,"column":4},"end":{"line":24,"column":5}},{"start":{"line":19,"column":11},"end":{"line":24,"column":5}}],"line":3},"1":{"loc":{"start":{"line":3,"column":8},"end":{"line":3,"column":44}},"type":"binary-expr","locations":[{"start":{"line":3,"column":8},"end":{"line":3,"column":34}},{"start":{"line":3,"column":38},"end":{"line":3,"column":44}}],"line":3},"2":{"loc":{"start":{"line":9,"column":16},"end":{"line":11,"column":17}},"type":"if","locations":[{"start":{"line":9,"column":16},"end":{"line":11,"column":17}},{"start":{},"end":{}}],"line":9}},"s":{"0":5,"1":5,"2":5,"3":5,"4":46,"5":46,"6":0,"7":0,"8":0,"9":0},"f":{"0":46,"1":0},"b":{"0":[5,0],"1":[5,5],"2":[46,0]},"_coverageSchema":"1a1c01bbd47fc00a2c39e90264f33305004495a9","hash":"738f74733374316c8110928dad5da2e18835cfe0"}
,"C:\\Users\\user\\YandexDisk\\Cloud projects\\comics-shop\\src\\components\\UI\\NextButton\\NextButton.tsx": {"path":"C:\\Users\\user\\YandexDisk\\Cloud projects\\comics-shop\\src\\components\\UI\\NextButton\\NextButton.tsx","statementMap":{"0":{"start":{"line":2,"column":0},"end":{"line":2,"column":45}},"1":{"start":{"line":8,"column":19},"end":{"line":20,"column":1}},"2":{"start":{"line":13,"column":18},"end":{"line":13,"column":57}},"3":{"start":{"line":15,"column":2},"end":{"line":19,"column":null}},"4":{"start":{"line":22,"column":0},"end":{"line":22,"column":null}}},"fnMap":{"0":{"name":"(anonymous_0)","decl":{"start":{"line":8,"column":19},"end":{"line":8,"column":20}},"loc":{"start":{"line":12,"column":23},"end":{"line":20,"column":1}}}},"branchMap":{},"s":{"0":5,"1":5,"2":23,"3":23,"4":5},"f":{"0":23},"b":{}}
,"C:\\Users\\user\\YandexDisk\\Cloud projects\\comics-shop\\src\\components\\UI\\PrevButton\\PrevButton.module.scss": {"path":"C:\\Users\\user\\YandexDisk\\Cloud projects\\comics-shop\\src\\components\\UI\\PrevButton\\PrevButton.module.scss","statementMap":{"0":{"start":{"line":1,"column":13},"end":{"line":1,"column":94}},"1":{"start":{"line":3,"column":4},"end":{"line":24,"column":5}},"2":{"start":{"line":4,"column":8},"end":{"line":6,"column":11}},"3":{"start":{"line":7,"column":8},"end":{"line":18,"column":11}},"4":{"start":{"line":9,"column":16},"end":{"line":11,"column":17}},"5":{"start":{"line":10,"column":20},"end":{"line":10,"column":34}},"6":{"start":{"line":12,"column":16},"end":{"line":12,"column":36}},"7":{"start":{"line":16,"column":16},"end":{"line":16,"column":30}},"8":{"start":{"line":20,"column":8},"end":{"line":22,"column":11}},"9":{"start":{"line":23,"column":8},"end":{"line":23,"column":31}}},"fnMap":{"0":{"name":"(anonymous_0)","decl":{"start":{"line":8,"column":12},"end":{"line":8,"column":13}},"loc":{"start":{"line":8,"column":30},"end":{"line":13,"column":13}},"line":8},"1":{"name":"(anonymous_1)","decl":{"start":{"line":15,"column":12},"end":{"line":15,"column":13}},"loc":{"start":{"line":15,"column":29},"end":{"line":17,"column":13}},"line":15}},"branchMap":{"0":{"loc":{"start":{"line":3,"column":4},"end":{"line":24,"column":5}},"type":"if","locations":[{"start":{"line":3,"column":4},"end":{"line":24,"column":5}},{"start":{"line":19,"column":11},"end":{"line":24,"column":5}}],"line":3},"1":{"loc":{"start":{"line":3,"column":8},"end":{"line":3,"column":44}},"type":"binary-expr","locations":[{"start":{"line":3,"column":8},"end":{"line":3,"column":34}},{"start":{"line":3,"column":38},"end":{"line":3,"column":44}}],"line":3},"2":{"loc":{"start":{"line":9,"column":16},"end":{"line":11,"column":17}},"type":"if","locations":[{"start":{"line":9,"column":16},"end":{"line":11,"column":17}},{"start":{},"end":{}}],"line":9}},"s":{"0":5,"1":5,"2":5,"3":5,"4":46,"5":46,"6":0,"7":0,"8":0,"9":0},"f":{"0":46,"1":0},"b":{"0":[5,0],"1":[5,5],"2":[46,0]},"_coverageSchema":"1a1c01bbd47fc00a2c39e90264f33305004495a9","hash":"a58b6a26962379fee16f257b556eb752fc94b3a6"}
,"C:\\Users\\user\\YandexDisk\\Cloud projects\\comics-shop\\src\\components\\UI\\PrevButton\\PrevButton.tsx": {"path":"C:\\Users\\user\\YandexDisk\\Cloud projects\\comics-shop\\src\\components\\UI\\PrevButton\\PrevButton.tsx","statementMap":{"0":{"start":{"line":2,"column":0},"end":{"line":2,"column":45}},"1":{"start":{"line":8,"column":19},"end":{"line":20,"column":1}},"2":{"start":{"line":13,"column":18},"end":{"line":13,"column":57}},"3":{"start":{"line":15,"column":2},"end":{"line":19,"column":null}},"4":{"start":{"line":22,"column":0},"end":{"line":22,"column":null}}},"fnMap":{"0":{"name":"(anonymous_0)","decl":{"start":{"line":8,"column":19},"end":{"line":8,"column":20}},"loc":{"start":{"line":12,"column":23},"end":{"line":20,"column":1}}}},"branchMap":{},"s":{"0":5,"1":5,"2":23,"3":23,"4":5},"f":{"0":23},"b":{}}
,"C:\\Users\\user\\YandexDisk\\Cloud projects\\comics-shop\\src\\components\\UI\\Select\\Select.module.scss": {"path":"C:\\Users\\user\\YandexDisk\\Cloud projects\\comics-shop\\src\\components\\UI\\Select\\Select.module.scss","statementMap":{"0":{"start":{"line":1,"column":13},"end":{"line":1,"column":66}},"1":{"start":{"line":3,"column":4},"end":{"line":24,"column":5}},"2":{"start":{"line":4,"column":8},"end":{"line":6,"column":11}},"3":{"start":{"line":7,"column":8},"end":{"line":18,"column":11}},"4":{"start":{"line":9,"column":16},"end":{"line":11,"column":17}},"5":{"start":{"line":10,"column":20},"end":{"line":10,"column":34}},"6":{"start":{"line":12,"column":16},"end":{"line":12,"column":36}},"7":{"start":{"line":16,"column":16},"end":{"line":16,"column":30}},"8":{"start":{"line":20,"column":8},"end":{"line":22,"column":11}},"9":{"start":{"line":23,"column":8},"end":{"line":23,"column":31}}},"fnMap":{"0":{"name":"(anonymous_0)","decl":{"start":{"line":8,"column":12},"end":{"line":8,"column":13}},"loc":{"start":{"line":8,"column":30},"end":{"line":13,"column":13}},"line":8},"1":{"name":"(anonymous_1)","decl":{"start":{"line":15,"column":12},"end":{"line":15,"column":13}},"loc":{"start":{"line":15,"column":29},"end":{"line":17,"column":13}},"line":15}},"branchMap":{"0":{"loc":{"start":{"line":3,"column":4},"end":{"line":24,"column":5}},"type":"if","locations":[{"start":{"line":3,"column":4},"end":{"line":24,"column":5}},{"start":{"line":19,"column":11},"end":{"line":24,"column":5}}],"line":3},"1":{"loc":{"start":{"line":3,"column":8},"end":{"line":3,"column":44}},"type":"binary-expr","locations":[{"start":{"line":3,"column":8},"end":{"line":3,"column":34}},{"start":{"line":3,"column":38},"end":{"line":3,"column":44}}],"line":3},"2":{"loc":{"start":{"line":9,"column":16},"end":{"line":11,"column":17}},"type":"if","locations":[{"start":{"line":9,"column":16},"end":{"line":11,"column":17}},{"start":{},"end":{}}],"line":9}},"s":{"0":6,"1":6,"2":6,"3":6,"4":36,"5":36,"6":0,"7":0,"8":0,"9":0},"f":{"0":36,"1":0},"b":{"0":[6,0],"1":[6,6],"2":[36,0]},"_coverageSchema":"1a1c01bbd47fc00a2c39e90264f33305004495a9","hash":"7bad19c3741e3e61d7237287e9bef8c064f2c120"}
,"C:\\Users\\user\\YandexDisk\\Cloud projects\\comics-shop\\src\\components\\UI\\Select\\Select.tsx": {"path":"C:\\Users\\user\\YandexDisk\\Cloud projects\\comics-shop\\src\\components\\UI\\Select\\Select.tsx","statementMap":{"0":{"start":{"line":1,"column":0},"end":{"line":1,"column":47}},"1":{"start":{"line":2,"column":0},"end":{"line":2,"column":41}},"2":{"start":{"line":16,"column":15},"end":{"line":57,"column":1}},"3":{"start":{"line":24,"column":21},"end":{"line":24,"column":49}},"4":{"start":{"line":25,"column":18},"end":{"line":25,"column":60}},"5":{"start":{"line":27,"column":2},"end":{"line":34,"column":null}},"6":{"start":{"line":28,"column":4},"end":{"line":33,"column":5}},"7":{"start":{"line":29,"column":6},"end":{"line":32,"column":null}},"8":{"start":{"line":36,"column":2},"end":{"line":56,"column":null}},"9":{"start":{"line":43,"column":10},"end":{"line":43,"column":39}},"10":{"start":{"line":50,"column":10},"end":{"line":50,"column":null}},"11":{"start":{"line":59,"column":0},"end":{"line":59,"column":null}}},"fnMap":{"0":{"name":"(anonymous_0)","decl":{"start":{"line":16,"column":15},"end":{"line":16,"column":52}},"loc":{"start":{"line":23,"column":18},"end":{"line":57,"column":1}}},"1":{"name":"(anonymous_1)","decl":{"start":{"line":27,"column":18},"end":{"line":27,"column":21}},"loc":{"start":{"line":27,"column":23},"end":{"line":34,"column":3}}},"2":{"name":"(anonymous_2)","decl":{"start":{"line":42,"column":18},"end":{"line":42,"column":19}},"loc":{"start":{"line":43,"column":10},"end":{"line":43,"column":39}}},"3":{"name":"(anonymous_3)","decl":{"start":{"line":49,"column":21},"end":{"line":49,"column":22}},"loc":{"start":{"line":50,"column":10},"end":{"line":50,"column":null}}}},"branchMap":{"0":{"loc":{"start":{"line":28,"column":4},"end":{"line":33,"column":5}},"type":"if","locations":[{"start":{"line":28,"column":4},"end":{"line":33,"column":5}}]},"1":{"loc":{"start":{"line":31,"column":8},"end":{"line":31,"column":76}},"type":"cond-expr","locations":[{"start":{"line":31,"column":19},"end":{"line":31,"column":37}},{"start":{"line":31,"column":40},"end":{"line":31,"column":76}}]}},"s":{"0":6,"1":6,"2":6,"3":18,"4":18,"5":18,"6":15,"7":15,"8":18,"9":6,"10":90,"11":6},"f":{"0":18,"1":15,"2":6,"3":90},"b":{"0":[15],"1":[10,5]}}
,"C:\\Users\\user\\YandexDisk\\Cloud projects\\comics-shop\\src\\hooks\\useFetching.ts": {"path":"C:\\Users\\user\\YandexDisk\\Cloud projects\\comics-shop\\src\\hooks\\useFetching.ts","statementMap":{"0":{"start":{"line":2,"column":0},"end":{"line":2,"column":45}},"1":{"start":{"line":3,"column":0},"end":{"line":3,"column":58}},"2":{"start":{"line":12,"column":27},"end":{"line":35,"column":1}},"3":{"start":{"line":15,"column":36},"end":{"line":15,"column":60}},"4":{"start":{"line":16,"column":28},"end":{"line":16,"column":48}},"5":{"start":{"line":18,"column":61},"end":{"line":31,"column":null}},"6":{"start":{"line":20,"column":6},"end":{"line":29,"column":7}},"7":{"start":{"line":21,"column":8},"end":{"line":21,"column":null}},"8":{"start":{"line":22,"column":8},"end":{"line":22,"column":null}},"9":{"start":{"line":23,"column":8},"end":{"line":23,"column":null}},"10":{"start":{"line":25,"column":8},"end":{"line":25,"column":null}},"11":{"start":{"line":26,"column":8},"end":{"line":26,"column":null}},"12":{"start":{"line":28,"column":8},"end":{"line":28,"column":null}},"13":{"start":{"line":34,"column":2},"end":{"line":34,"column":null}},"14":{"start":{"line":12,"column":13},"end":{"line":12,"column":27}}},"fnMap":{"0":{"name":"(anonymous_0)","decl":{"start":{"line":12,"column":27},"end":{"line":12,"column":null}},"loc":{"start":{"line":13,"column":52},"end":{"line":35,"column":1}}},"1":{"name":"(anonymous_1)","decl":{"start":{"line":19,"column":4},"end":{"line":19,"column":9}},"loc":{"start":{"line":19,"column":22},"end":{"line":30,"column":5}}}},"branchMap":{},"s":{"0":6,"1":6,"2":6,"3":9,"4":9,"5":9,"6":4,"7":4,"8":4,"9":4,"10":0,"11":0,"12":2,"13":9,"14":6},"f":{"0":9,"1":4},"b":{}}
,"C:\\Users\\user\\YandexDisk\\Cloud projects\\comics-shop\\src\\hooks\\useInput.ts": {"path":"C:\\Users\\user\\YandexDisk\\Cloud projects\\comics-shop\\src\\hooks\\useInput.ts","statementMap":{"0":{"start":{"line":1,"column":0},"end":{"line":1,"column":32}},"1":{"start":{"line":14,"column":17},"end":{"line":35,"column":1}},"2":{"start":{"line":15,"column":42},"end":{"line":15,"column":62}},"3":{"start":{"line":16,"column":36},"end":{"line":16,"column":60}},"4":{"start":{"line":18,"column":23},"end":{"line":18,"column":57}},"5":{"start":{"line":19,"column":19},"end":{"line":19,"column":45}},"6":{"start":{"line":20,"column":29},"end":{"line":21,"column":39}},"7":{"start":{"line":21,"column":4},"end":{"line":21,"column":39}},"8":{"start":{"line":22,"column":27},"end":{"line":22,"column":51}},"9":{"start":{"line":22,"column":33},"end":{"line":22,"column":51}},"10":{"start":{"line":23,"column":16},"end":{"line":26,"column":3}},"11":{"start":{"line":24,"column":4},"end":{"line":24,"column":null}},"12":{"start":{"line":25,"column":4},"end":{"line":25,"column":null}},"13":{"start":{"line":27,"column":2},"end":{"line":34,"column":null}},"14":{"start":{"line":36,"column":0},"end":{"line":36,"column":null}}},"fnMap":{"0":{"name":"(anonymous_0)","decl":{"start":{"line":14,"column":17},"end":{"line":14,"column":18}},"loc":{"start":{"line":14,"column":70},"end":{"line":35,"column":1}}},"1":{"name":"(anonymous_1)","decl":{"start":{"line":20,"column":29},"end":{"line":20,"column":30}},"loc":{"start":{"line":21,"column":4},"end":{"line":21,"column":39}}},"2":{"name":"(anonymous_2)","decl":{"start":{"line":22,"column":27},"end":{"line":22,"column":30}},"loc":{"start":{"line":22,"column":33},"end":{"line":22,"column":51}}},"3":{"name":"(anonymous_3)","decl":{"start":{"line":23,"column":16},"end":{"line":23,"column":19}},"loc":{"start":{"line":23,"column":21},"end":{"line":26,"column":3}}}},"branchMap":{"0":{"loc":{"start":{"line":19,"column":19},"end":{"line":19,"column":45}},"type":"binary-expr","locations":[{"start":{"line":19,"column":19},"end":{"line":19,"column":32}},{"start":{"line":19,"column":36},"end":{"line":19,"column":45}}]}},"s":{"0":1,"1":1,"2":9,"3":9,"4":9,"5":9,"6":9,"7":3,"8":9,"9":2,"10":9,"11":1,"12":1,"13":9,"14":1},"f":{"0":9,"1":3,"2":2,"3":1},"b":{"0":[9,7]}}
,"C:\\Users\\user\\YandexDisk\\Cloud projects\\comics-shop\\src\\hooks\\useObserver.ts": {"path":"C:\\Users\\user\\YandexDisk\\Cloud projects\\comics-shop\\src\\hooks\\useObserver.ts","statementMap":{"0":{"start":{"line":1,"column":0},"end":{"line":1,"column":59}},"1":{"start":{"line":23,"column":45},"end":{"line":54,"column":1}},"2":{"start":{"line":30,"column":22},"end":{"line":30,"column":63}},"3":{"start":{"line":31,"column":20},"end":{"line":31,"column":32}},"4":{"start":{"line":33,"column":2},"end":{"line":51,"column":null}},"5":{"start":{"line":34,"column":4},"end":{"line":34,"column":25}},"6":{"start":{"line":34,"column":19},"end":{"line":34,"column":25}},"7":{"start":{"line":36,"column":4},"end":{"line":45,"column":null}},"8":{"start":{"line":38,"column":8},"end":{"line":38,"column":null}},"9":{"start":{"line":38,"column":45},"end":{"line":38,"column":null}},"10":{"start":{"line":46,"column":4},"end":{"line":46,"column":null}},"11":{"start":{"line":46,"column":27},"end":{"line":46,"column":null}},"12":{"start":{"line":48,"column":4},"end":{"line":50,"column":null}},"13":{"start":{"line":49,"column":6},"end":{"line":49,"column":null}},"14":{"start":{"line":49,"column":31},"end":{"line":49,"column":null}},"15":{"start":{"line":53,"column":2},"end":{"line":53,"column":null}},"16":{"start":{"line":23,"column":13},"end":{"line":23,"column":45}}},"fnMap":{"0":{"name":"(anonymous_0)","decl":{"start":{"line":23,"column":45},"end":{"line":23,"column":null}},"loc":{"start":{"line":29,"column":4},"end":{"line":54,"column":1}}},"1":{"name":"(anonymous_1)","decl":{"start":{"line":33,"column":12},"end":{"line":33,"column":15}},"loc":{"start":{"line":33,"column":17},"end":{"line":51,"column":3}}},"2":{"name":"(anonymous_2)","decl":{"start":{"line":37,"column":6},"end":{"line":37,"column":7}},"loc":{"start":{"line":37,"column":18},"end":{"line":39,"column":7}}},"3":{"name":"(anonymous_3)","decl":{"start":{"line":48,"column":11},"end":{"line":48,"column":14}},"loc":{"start":{"line":48,"column":16},"end":{"line":50,"column":5}}}},"branchMap":{"0":{"loc":{"start":{"line":25,"column":2},"end":{"line":25,"column":19}},"type":"default-arg","locations":[{"start":{"line":25,"column":14},"end":{"line":25,"column":19}}]},"1":{"loc":{"start":{"line":26,"column":2},"end":{"line":26,"column":16}},"type":"default-arg","locations":[{"start":{"line":26,"column":12},"end":{"line":26,"column":16}}]},"2":{"loc":{"start":{"line":27,"column":2},"end":{"line":27,"column":20}},"type":"default-arg","locations":[{"start":{"line":27,"column":15},"end":{"line":27,"column":20}}]},"3":{"loc":{"start":{"line":28,"column":2},"end":{"line":28,"column":15}},"type":"default-arg","locations":[{"start":{"line":28,"column":14},"end":{"line":28,"column":15}}]},"4":{"loc":{"start":{"line":34,"column":4},"end":{"line":34,"column":25}},"type":"if","locations":[{"start":{"line":34,"column":4},"end":{"line":34,"column":25}}]},"5":{"loc":{"start":{"line":38,"column":8},"end":{"line":38,"column":null}},"type":"if","locations":[{"start":{"line":38,"column":8},"end":{"line":38,"column":null}}]},"6":{"loc":{"start":{"line":38,"column":12},"end":{"line":38,"column":43}},"type":"binary-expr","locations":[{"start":{"line":38,"column":12},"end":{"line":38,"column":32}},{"start":{"line":38,"column":36},"end":{"line":38,"column":43}}]},"7":{"loc":{"start":{"line":46,"column":4},"end":{"line":46,"column":null}},"type":"if","locations":[{"start":{"line":46,"column":4},"end":{"line":46,"column":null}}]},"8":{"loc":{"start":{"line":49,"column":6},"end":{"line":49,"column":null}},"type":"if","locations":[{"start":{"line":49,"column":6},"end":{"line":49,"column":null}}]}},"s":{"0":6,"1":6,"2":8,"3":8,"4":8,"5":8,"6":2,"7":6,"8":5,"9":3,"10":6,"11":1,"12":6,"13":6,"14":6,"15":8,"16":6},"f":{"0":8,"1":8,"2":5,"3":6},"b":{"0":[4],"1":[5],"2":[5],"3":[7],"4":[2],"5":[3],"6":[5,3],"7":[1],"8":[6]}}
,"C:\\Users\\user\\YandexDisk\\Cloud projects\\comics-shop\\src\\hooks\\useSortingAndSearching.ts": {"path":"C:\\Users\\user\\YandexDisk\\Cloud projects\\comics-shop\\src\\hooks\\useSortingAndSearching.ts","statementMap":{"0":{"start":{"line":1,"column":0},"end":{"line":1,"column":31}},"1":{"start":{"line":9,"column":26},"end":{"line":31,"column":1}},"2":{"start":{"line":13,"column":22},"end":{"line":28,"column":19}},"3":{"start":{"line":14,"column":4},"end":{"line":25,"column":5}},"4":{"start":{"line":15,"column":6},"end":{"line":24,"column":null}},"5":{"start":{"line":16,"column":8},"end":{"line":23,"column":9}},"6":{"start":{"line":18,"column":12},"end":{"line":18,"column":null}},"7":{"start":{"line":20,"column":12},"end":{"line":20,"column":null}},"8":{"start":{"line":22,"column":12},"end":{"line":22,"column":null}},"9":{"start":{"line":27,"column":4},"end":{"line":27,"column":null}},"10":{"start":{"line":30,"column":2},"end":{"line":30,"column":null}},"11":{"start":{"line":9,"column":13},"end":{"line":9,"column":26}},"12":{"start":{"line":41,"column":38},"end":{"line":57,"column":1}},"13":{"start":{"line":44,"column":22},"end":{"line":44,"column":45}},"14":{"start":{"line":46,"column":33},"end":{"line":54,"column":42}},"15":{"start":{"line":47,"column":4},"end":{"line":53,"column":null}},"16":{"start":{"line":48,"column":6},"end":{"line":48,"column":null}},"17":{"start":{"line":48,"column":18},"end":{"line":48,"column":null}},"18":{"start":{"line":49,"column":6},"end":{"line":52,"column":null}},"19":{"start":{"line":50,"column":8},"end":{"line":52,"column":null}},"20":{"start":{"line":56,"column":2},"end":{"line":56,"column":null}},"21":{"start":{"line":41,"column":13},"end":{"line":41,"column":38}}},"fnMap":{"0":{"name":"(anonymous_0)","decl":{"start":{"line":9,"column":26},"end":{"line":9,"column":null}},"loc":{"start":{"line":11,"column":14},"end":{"line":31,"column":1}}},"1":{"name":"(anonymous_1)","decl":{"start":{"line":13,"column":30},"end":{"line":13,"column":33}},"loc":{"start":{"line":13,"column":35},"end":{"line":28,"column":3}}},"2":{"name":"(anonymous_2)","decl":{"start":{"line":15,"column":29},"end":{"line":15,"column":30}},"loc":{"start":{"line":15,"column":38},"end":{"line":24,"column":7}}},"3":{"name":"(anonymous_3)","decl":{"start":{"line":41,"column":38},"end":{"line":41,"column":null}},"loc":{"start":{"line":43,"column":66},"end":{"line":57,"column":1}}},"4":{"name":"(anonymous_4)","decl":{"start":{"line":46,"column":41},"end":{"line":46,"column":44}},"loc":{"start":{"line":46,"column":46},"end":{"line":54,"column":3}}},"5":{"name":"(anonymous_5)","decl":{"start":{"line":47,"column":30},"end":{"line":47,"column":31}},"loc":{"start":{"line":47,"column":39},"end":{"line":53,"column":5}}}},"branchMap":{"0":{"loc":{"start":{"line":14,"column":4},"end":{"line":25,"column":5}},"type":"if","locations":[{"start":{"line":14,"column":4},"end":{"line":25,"column":5}}]},"1":{"loc":{"start":{"line":16,"column":8},"end":{"line":23,"column":9}},"type":"switch","locations":[{"start":{"line":17,"column":10},"end":{"line":18,"column":null}},{"start":{"line":19,"column":10},"end":{"line":20,"column":null}},{"start":{"line":21,"column":10},"end":{"line":22,"column":null}}]},"2":{"loc":{"start":{"line":17,"column":15},"end":{"line":17,"column":73}},"type":"binary-expr","locations":[{"start":{"line":17,"column":15},"end":{"line":17,"column":42}},{"start":{"line":17,"column":46},"end":{"line":17,"column":73}}]},"3":{"loc":{"start":{"line":19,"column":15},"end":{"line":19,"column":73}},"type":"binary-expr","locations":[{"start":{"line":19,"column":15},"end":{"line":19,"column":42}},{"start":{"line":19,"column":46},"end":{"line":19,"column":73}}]},"4":{"loc":{"start":{"line":48,"column":6},"end":{"line":48,"column":null}},"type":"if","locations":[{"start":{"line":48,"column":6},"end":{"line":48,"column":null}}]},"5":{"loc":{"start":{"line":49,"column":6},"end":{"line":52,"column":null}},"type":"if","locations":[{"start":{"line":49,"column":6},"end":{"line":52,"column":null}}]},"6":{"loc":
[...]
2,"column":10},"end":{"line":42,"column":79}},"type":"binary-expr","locations":[{"start":{"line":42,"column":10},"end":{"line":42,"column":38}},{"start":{"line":42,"column":42},"end":{"line":42,"column":79}}]},"2":{"loc":{"start":{"line":43,"column":19},"end":{"line":47,"column":34}},"type":"cond-expr","locations":[{"start":{"line":46,"column":12},"end":{"line":46,"column":88}},{"start":{"line":47,"column":12},"end":{"line":47,"column":34}}]},"3":{"loc":{"start":{"line":79,"column":12},"end":{"line":80,"column":58}},"type":"binary-expr","locations":[{"start":{"line":79,"column":12},"end":{"line":79,"column":49}},{"start":{"line":80,"column":12},"end":{"line":80,"column":58}}]},"4":{"loc":{"start":{"line":81,"column":21},"end":{"line":85,"column":36}},"type":"cond-expr","locations":[{"start":{"line":84,"column":14},"end":{"line":84,"column":108}},{"start":{"line":85,"column":14},"end":{"line":85,"column":36}}]},"5":{"loc":{"start":{"line":113,"column":56},"end":{"line":113,"column":76}},"type":"binary-expr","locations":[{"start":{"line":113,"column":56},"end":{"line":113,"column":70}},{"start":{"line":113,"column":74},"end":{"line":113,"column":76}}]},"6":{"loc":{"start":{"line":118,"column":56},"end":{"line":118,"column":76}},"type":"binary-expr","locations":[{"start":{"line":118,"column":56},"end":{"line":118,"column":70}},{"start":{"line":118,"column":74},"end":{"line":118,"column":76}}]},"7":{"loc":{"start":{"line":133,"column":17},"end":{"line":135,"column":15}},"type":"cond-expr","locations":[{"start":{"line":134,"column":8},"end":{"line":134,"column":66}},{"start":{"line":135,"column":8},"end":{"line":135,"column":15}}]},"8":{"loc":{"start":{"line":140,"column":7},"end":{"line":140,"column":49}},"type":"binary-expr","locations":[{"start":{"line":140,"column":7},"end":{"line":140,"column":17}},{"start":{"line":140,"column":21},"end":{"line":140,"column":49}}]},"9":{"loc":{"start":{"line":141,"column":7},"end":{"line":141,"column":35}},"type":"binary-expr","locations":[{"start":{"line":141,"column":7},"end":{"line":141,"column":21}},{"start":{"line":141,"column":25},"end":{"line":141,"column":35}}]},"10":{"loc":{"start":{"line":142,"column":7},"end":{"line":232,"column":null}},"type":"binary-expr","locations":[{"start":{"line":142,"column":7},"end":{"line":142,"column":18}},{"start":{"line":143,"column":8},"end":{"line":231,"column":null}}]},"11":{"loc":{"start":{"line":190,"column":31},"end":{"line":192,"column":40}},"type":"cond-expr","locations":[{"start":{"line":191,"column":18},"end":{"line":191,"column":76}},{"start":{"line":192,"column":18},"end":{"line":192,"column":40}}]},"12":{"loc":{"start":{"line":198,"column":13},"end":{"line":199,"column":null}},"type":"binary-expr","locations":[{"start":{"line":198,"column":13},"end":{"line":198,"column":66}},{"start":{"line":199,"column":14},"end":{"line":199,"column":34}}]},"13":{"loc":{"start":{"line":202,"column":13},"end":{"line":202,"column":64}},"type":"binary-expr","locations":[{"start":{"line":202,"column":13},"end":{"line":202,"column":28}},{"start":{"line":202,"column":32},"end":{"line":202,"column":64}}]},"14":{"loc":{"start":{"line":217,"column":53},"end":{"line":217,"column":73}},"type":"binary-expr","locations":[{"start":{"line":217,"column":53},"end":{"line":217,"column":67}},{"start":{"line":217,"column":71},"end":{"line":217,"column":73}}]},"15":{"loc":{"start":{"line":226,"column":53},"end":{"line":226,"column":73}},"type":"binary-expr","locations":[{"start":{"line":226,"column":53},"end":{"line":226,"column":67}},{"start":{"line":226,"column":71},"end":{"line":226,"column":73}}]}},"s":{"0":5,"1":5,"2":5,"3":5,"4":5,"5":5,"6":5,"7":5,"8":5,"9":5,"10":5,"11":5,"12":5,"13":5,"14":5,"15":5,"16":5,"17":2,"18":2,"19":2,"20":2,"21":2,"22":2,"23":2,"24":1,"25":0,"26":0,"27":0,"28":0,"29":0,"30":0,"31":0,"32":0,"33":0,"34":2,"35":1,"36":2,"37":2,"38":0,"39":0,"40":2,"41":0,"42":0,"43":2,"44":2,"45":2,"46":0,"47":0,"48":5},"f":{"0":2,"1":1,"2":0,"3":0,"4":0,"5":1,"6":0,"7":0,"8":0,"9":0},"b":{"0":[0],"1":[0,0],"2":[0,0],"3":[0,0],"4":[0,0],"5":[0,0],"6":[0,0],"7":[0,2],"8":[2,0],"9":[2,1],"10":[2,2],"11":[0,2],"12":[2,0],"13":[2,2],"14":[2,2],"15":[2,2]}}
,"C:\\Users\\user\\YandexDisk\\Cloud projects\\comics-shop\\src\\pages\\Page404\\Page404.module.scss": {"path":"C:\\Users\\user\\YandexDisk\\Cloud projects\\comics-shop\\src\\pages\\Page404\\Page404.module.scss","statementMap":{"0":{"start":{"line":1,"column":13},"end":{"line":1,"column":68}},"1":{"start":{"line":3,"column":4},"end":{"line":24,"column":5}},"2":{"start":{"line":4,"column":8},"end":{"line":6,"column":11}},"3":{"start":{"line":7,"column":8},"end":{"line":18,"column":11}},"4":{"start":{"line":9,"column":16},"end":{"line":11,"column":17}},"5":{"start":{"line":10,"column":20},"end":{"line":10,"column":34}},"6":{"start":{"line":12,"column":16},"end":{"line":12,"column":36}},"7":{"start":{"line":16,"column":16},"end":{"line":16,"column":30}},"8":{"start":{"line":20,"column":8},"end":{"line":22,"column":11}},"9":{"start":{"line":23,"column":8},"end":{"line":23,"column":31}}},"fnMap":{"0":{"name":"(anonymous_0)","decl":{"start":{"line":8,"column":12},"end":{"line":8,"column":13}},"loc":{"start":{"line":8,"column":30},"end":{"line":13,"column":13}},"line":8},"1":{"name":"(anonymous_1)","decl":{"start":{"line":15,"column":12},"end":{"line":15,"column":13}},"loc":{"start":{"line":15,"column":29},"end":{"line":17,"column":13}},"line":15}},"branchMap":{"0":{"loc":{"start":{"line":3,"column":4},"end":{"line":24,"column":5}},"type":"if","locations":[{"start":{"line":3,"column":4},"end":{"line":24,"column":5}},{"start":{"line":19,"column":11},"end":{"line":24,"column":5}}],"line":3},"1":{"loc":{"start":{"line":3,"column":8},"end":{"line":3,"column":44}},"type":"binary-expr","locations":[{"start":{"line":3,"column":8},"end":{"line":3,"column":34}},{"start":{"line":3,"column":38},"end":{"line":3,"column":44}}],"line":3},"2":{"loc":{"start":{"line":9,"column":16},"end":{"line":11,"column":17}},"type":"if","locations":[{"start":{"line":9,"column":16},"end":{"line":11,"column":17}},{"start":{},"end":{}}],"line":9}},"s":{"0":5,"1":5,"2":5,"3":5,"4":8,"5":8,"6":0,"7":0,"8":0,"9":0},"f":{"0":8,"1":0},"b":{"0":[5,0],"1":[5,5],"2":[8,0]},"_coverageSchema":"1a1c01bbd47fc00a2c39e90264f33305004495a9","hash":"31097d0452d4e7db78b0a1d4543cbf93b939f7c5"}
,"C:\\Users\\user\\YandexDisk\\Cloud projects\\comics-shop\\src\\pages\\Page404\\Page404.tsx": {"path":"C:\\Users\\user\\YandexDisk\\Cloud projects\\comics-shop\\src\\pages\\Page404\\Page404.tsx","statementMap":{"0":{"start":{"line":1,"column":0},"end":{"line":1,"column":48}},"1":{"start":{"line":2,"column":0},"end":{"line":2,"column":42}},"2":{"start":{"line":4,"column":16},"end":{"line":15,"column":1}},"3":{"start":{"line":5,"column":2},"end":{"line":14,"column":null}},"4":{"start":{"line":17,"column":0},"end":{"line":17,"column":null}}},"fnMap":{"0":{"name":"(anonymous_0)","decl":{"start":{"line":4,"column":16},"end":{"line":4,"column":19}},"loc":{"start":{"line":4,"column":21},"end":{"line":15,"column":1}}}},"branchMap":{},"s":{"0":5,"1":5,"2":5,"3":4,"4":5},"f":{"0":4},"b":{}}
,"C:\\Users\\user\\YandexDisk\\Cloud projects\\comics-shop\\src\\router\\AppRouter.tsx": {"path":"C:\\Users\\user\\YandexDisk\\Cloud projects\\comics-shop\\src\\router\\AppRouter.tsx","statementMap":{"0":{"start":{"line":1,"column":0},"end":{"line":1,"column":48}},"1":{"start":{"line":2,"column":0},"end":{"line":2,"column":32}},"2":{"start":{"line":3,"column":0},"end":{"line":3,"column":55}},"3":{"start":{"line":4,"column":0},"end":{"line":4,"column":81}},"4":{"start":{"line":5,"column":0},"end":{"line":5,"column":43}},"5":{"start":{"line":6,"column":0},"end":{"line":6,"column":65}},"6":{"start":{"line":7,"column":0},"end":{"line":7,"column":52}},"7":{"start":{"line":8,"column":0},"end":{"line":8,"column":32}},"8":{"start":{"line":9,"column":0},"end":{"line":9,"column":48}},"9":{"start":{"line":10,"column":0},"end":{"line":10,"column":46}},"10":{"start":{"line":12,"column":18},"end":{"line":26,"column":1}},"11":{"start":{"line":13,"column":2},"end":{"line":25,"column":null}},"12":{"start":{"line":28,"column":0},"end":{"line":28,"column":null}}},"fnMap":{"0":{"name":"(anonymous_0)","decl":{"start":{"line":12,"column":18},"end":{"line":12,"column":21}},"loc":{"start":{"line":12,"column":23},"end":{"line":26,"column":1}}}},"branchMap":{},"s":{"0":5,"1":5,"2":5,"3":5,"4":5,"5":5,"6":5,"7":5,"8":5,"9":5,"10":5,"11":19,"12":5},"f":{"0":19},"b":{}}
,"C:\\Users\\user\\YandexDisk\\Cloud projects\\comics-shop\\src\\services\\ComicsService.ts": {"path":"C:\\Users\\user\\YandexDisk\\Cloud projects\\comics-shop\\src\\services\\ComicsService.ts","statementMap":{"0":{"start":{"line":1,"column":0},"end":{"line":1,"column":25}},"1":{"start":{"line":4,"column":19},"end":{"line":4,"column":58}},"2":{"start":{"line":12,"column":21},"end":{"line":20,"column":6}},"3":{"start":{"line":22,"column":4},"end":{"line":22,"column":null}},"4":{"start":{"line":25,"column":21},"end":{"line":32,"column":null}},"5":{"start":{"line":34,"column":4},"end":{"line":34,"column":null}},"6":{"start":{"line":38,"column":21},"end":{"line":48,"column":null}},"7":{"start":{"line":50,"column":4},"end":{"line":50,"column":null}},"8":{"start":{"line":53,"column":21},"end":{"line":60,"column":null}},"9":{"start":{"line":62,"column":4},"end":{"line":62,"column":null}},"10":{"start":{"line":6,"column":0},"end":{"line":6,"column":21}}},"fnMap":{"0":{"name":"(anonymous_0)","decl":{"start":{"line":7,"column":2},"end":{"line":7,"column":8}},"loc":{"start":{"line":10,"column":34},"end":{"line":23,"column":3}}},"1":{"name":"(anonymous_1)","decl":{"start":{"line":24,"column":2},"end":{"line":24,"column":8}},"loc":{"start":{"line":24,"column":43},"end":{"line":35,"column":3}}},"2":{"name":"(anonymous_2)","decl":{"start":{"line":37,"column":2},"end":{"line":37,"column":8}},"loc":{"start":{"line":37,"column":54},"end":{"line":51,"column":3}}},"3":{"name":"(anonymous_3)","decl":{"start":{"line":52,"column":2},"end":{"line":52,"column":8}},"loc":{"start":{"line":52,"column":51},"end":{"line":63,"column":3}}}},"branchMap":{"0":{"loc":{"start":{"line":8,"column":4},"end":{"line":8,"column":14}},"type":"default-arg","locations":[{"start":{"line":8,"column":12},"end":{"line":8,"column":14}}]},"1":{"loc":{"start":{"line":9,"column":4},"end":{"line":9,"column":14}},"type":"default-arg","locations":[{"start":{"line":9,"column":13},"end":{"line":9,"column":14}}]},"2":{"loc":{"start":{"line":10,"column":4},"end":{"line":10,"column":34}},"type":"default-arg","locations":[{"start":{"line":10,"column":24},"end":{"line":10,"column":34}}]}},"s":{"0":5,"1":5,"2":1,"3":0,"4":1,"5":0,"6":0,"7":0,"8":0,"9":0,"10":5},"f":{"0":1,"1":1,"2":0,"3":0},"b":{"0":[0],"1":[0],"2":[0]}}
,"C:\\Users\\user\\YandexDisk\\Cloud projects\\comics-shop\\src\\test\\helpers\\renderWithRouter.tsx": {"path":"C:\\Users\\user\\YandexDisk\\Cloud projects\\comics-shop\\src\\test\\helpers\\renderWithRouter.tsx","statementMap":{"0":{"start":{"line":1,"column":0},"end":{"line":1,"column":47}},"1":{"start":{"line":2,"column":0},"end":{"line":2,"column":47}},"2":{"start":{"line":3,"column":0},"end":{"line":3,"column":46}},"3":{"start":{"line":9,"column":2},"end":{"line":14,"column":null}},"4":{"start":{"line":5,"column":0},"end":{"line":5,"column":24}}},"fnMap":{"0":{"name":"renderWithRouter","decl":{"start":{"line":5,"column":24},"end":{"line":5,"column":40}},"loc":{"start":{"line":7,"column":28},"end":{"line":15,"column":1}}}},"branchMap":{"0":{"loc":{"start":{"line":7,"column":2},"end":{"line":7,"column":28}},"type":"default-arg","locations":[{"start":{"line":7,"column":25},"end":{"line":7,"column":28}}]}},"s":{"0":5,"1":5,"2":5,"3":19,"4":5},"f":{"0":19},"b":{"0":[15]}}
,"C:\\Users\\user\\YandexDisk\\Cloud projects\\comics-shop\\src\\utils\\getErrorMessage.ts": {"path":"C:\\Users\\user\\YandexDisk\\Cloud projects\\comics-shop\\src\\utils\\getErrorMessage.ts","statementMap":{"0":{"start":{"line":1,"column":0},"end":{"line":1,"column":25}},"1":{"start":{"line":3,"column":31},"end":{"line":9,"column":1}},"2":{"start":{"line":4,"column":2},"end":{"line":5,"column":null}},"3":{"start":{"line":5,"column":4},"end":{"line":5,"column":null}},"4":{"start":{"line":7,"column":2},"end":{"line":7,"column":null}},"5":{"start":{"line":7,"column":30},"end":{"line":7,"column":null}},"6":{"start":{"line":8,"column":2},"end":{"line":8,"column":null}},"7":{"start":{"line":3,"column":13},"end":{"line":3,"column":31}}},"fnMap":{"0":{"name":"(anonymous_0)","decl":{"start":{"line":3,"column":31},"end":{"line":3,"column":32}},"loc":{"start":{"line":3,"column":58},"end":{"line":9,"column":1}}}},"branchMap":{"0":{"loc":{"start":{"line":4,"column":2},"end":{"line":5,"column":null}},"type":"if","locations":[{"start":{"line":4,"column":2},"end":{"line":5,"column":null}}]},"1":{"loc":{"start":{"line":4,"column":6},"end":{"line":4,"column":49}},"type":"binary-expr","locations":[{"start":{"line":4,"column":6},"end":{"line":4,"column":31}},{"start":{"line":4,"column":35},"end":{"line":4,"column":49}}]},"2":{"loc":{"start":{"line":7,"column":2},"end":{"line":7,"column":null}},"type":"if","locations":[{"start":{"line":7,"column":2},"end":{"line":7,"column":null}}]}},"s":{"0":6,"1":6,"2":0,"3":0,"4":0,"5":0,"6":0,"7":6},"f":{"0":0},"b":{"0":[0],"1":[0,0],"2":[0]}}
,"C:\\Users\\user\\YandexDisk\\Cloud projects\\comics-shop\\src\\utils\\getTotalCount.ts": {"path":"C:\\Users\\user\\YandexDisk\\Cloud projects\\comics-shop\\src\\utils\\getTotalCount.ts","statementMap":{"0":{"start":{"line":1,"column":29},"end":{"line":2,"column":31}},"1":{"start":{"line":2,"column":2},"end":{"line":2,"column":31}},"2":{"start":{"line":1,"column":13},"end":{"line":1,"column":29}}},"fnMap":{"0":{"name":"(anonymous_0)","decl":{"start":{"line":1,"column":29},"end":{"line":1,"column":30}},"loc":{"start":{"line":2,"column":2},"end":{"line":2,"column":31}}}},"branchMap":{},"s":{"0":5,"1":0,"2":5},"f":{"0":0},"b":{}}
,"C:\\Users\\user\\YandexDisk\\Cloud projects\\comics-shop\\src\\utils\\navigateToNextAndPrevById.ts": {"path":"C:\\Users\\user\\YandexDisk\\Cloud projects\\comics-shop\\src\\utils\\navigateToNextAndPrevById.ts","statementMap":{"0":{"start":{"line":1,"column":41},"end":{"line":14,"column":1}},"1":{"start":{"line":4,"column":22},"end":{"line":4,"column":24}},"2":{"start":{"line":6,"column":2},"end":{"line":12,"column":null}},"3":{"start":{"line":7,"column":19},"end":{"line":7,"column":31}},"4":{"start":{"line":8,"column":17},"end":{"line":8,"column":45}},"5":{"start":{"line":9,"column":17},"end":{"line":9,"column":45}},"6":{"start":{"line":11,"column":4},"end":{"line":11,"column":null}},"7":{"start":{"line":11,"column":26},"end":{"line":11,"column":null}},"8":{"start":{"line":13,"column":2},"end":{"line":13,"column":null}},"9":{"start":{"line":1,"column":13},"end":{"line":1,"column":41}}},"fnMap":{"0":{"name":"(anonymous_0)","decl":{"start":{"line":1,"column":41},"end":{"line":1,"column":null}},"loc":{"start":{"line":3,"column":28},"end":{"line":14,"column":1}}},"1":{"name":"(anonymous_1)","decl":{"start":{"line":6,"column":16},"end":{"line":6,"column":17}},"loc":{"start":{"line":6,"column":26},"end":{"line":12,"column":3}}}},"branchMap":{"0":{"loc":{"start":{"line":8,"column":17},"end":{"line":8,"column":45}},"type":"cond-expr","locations":[{"start":{"line":8,"column":27},"end":{"line":8,"column":37}},{"start":{"line":8,"column":40},"end":{"line":8,"column":45}}]},"1":{"loc":{"start":{"line":9,"column":17},"end":{"line":9,"column":45}},"type":"cond-expr","locations":[{"start":{"line":9,"column":36},"end":{"line":9,"column":37}},{"start":{"line":9,"column":40},"end":{"line":9,"column":45}}]},"2":{"loc":{"start":{"line":11,"column":4},"end":{"line":11,"column":null}},"type":"if","locations":[{"start":{"line":11,"column":4},"end":{"line":11,"column":null}}]}},"s":{"0":5,"1":4,"2":4,"3":0,"4":0,"5":0,"6":0,"7":0,"8":4,"9":5},"f":{"0":4,"1":0},"b":{"0":[0,0],"1":[0,0],"2":[0]}}
,"C:\\Users\\user\\YandexDisk\\Cloud projects\\comics-shop\\src\\utils\\valueFormatted.ts": {"path":"C:\\Users\\user\\YandexDisk\\Cloud projects\\comics-shop\\src\\utils\\valueFormatted.ts","statementMap":{"0":{"start":{"line":1,"column":16},"end":{"line":1,"column":26}},"1":{"start":{"line":2,"column":35},"end":{"line":9,"column":23}},"2":{"start":{"line":3,"column":2},"end":{"line":9,"column":23}},"3":{"start":{"line":2,"column":13},"end":{"line":2,"column":35}},"4":{"start":{"line":11,"column":30},"end":{"line":17,"column":22}},"5":{"start":{"line":12,"column":2},"end":{"line":17,"column":22}},"6":{"start":{"line":11,"column":13},"end":{"line":11,"column":30}},"7":{"start":{"line":18,"column":36},"end":{"line":19,"column":74}},"8":{"start":{"line":19,"column":2},"end":{"line":19,"column":74}},"9":{"start":{"line":18,"column":13},"end":{"line":18,"column":36}},"10":{"start":{"line":21,"column":29},"end":{"line":22,"column":46}},"11":{"start":{"line":22,"column":2},"end":{"line":22,"column":46}},"12":{"start":{"line":21,"column":13},"end":{"line":21,"column":29}},"13":{"start":{"line":24,"column":32},"end":{"line":43,"column":1}},"14":{"start":{"line":29,"column":26},"end":{"line":33,"column":77}},"15":{"start":{"line":30,"column":4},"end":{"line":33,"column":77}},"16":{"start":{"line":33,"column":29},"end":{"line":33,"column":72}},"17":{"start":{"line":34,"column":23},"end":{"line":39,"column":null}},"18":{"start":{"line":35,"column":49},"end":{"line":38,"column":6}},"19":{"start":{"line":42,"column":2},"end":{"line":42,"column":null}},"20":{"start":{"line":24,"column":13},"end":{"line":24,"column":32}}},"fnMap":{"0":{"name":"(anonymous_0)","decl":{"start":{"line":2,"column":35},"end":{"line":2,"column":36}},"loc":{"start":{"line":3,"column":2},"end":{"line":9,"column":23}}},"1":{"name":"(anonymous_1)","decl":{"start":{"line":11,"column":30},"end":{"line":11,"column":31}},"loc":{"start":{"line":12,"column":2},"end":{"line":17,"column":22}}},"2":{"name":"(anonymous_2)","decl":{"start":{"line":18,"column":36},"end":{"line":18,"column":37}},"loc":{"start":{"line":19,"column":2},"end":{"line":19,"column":74}}},"3":{"name":"(anonymous_3)","decl":{"start":{"line":21,"column":29},"end":{"line":21,"column":30}},"loc":{"start":{"line":22,"column":2},"end":{"line":22,"column":46}}},"4":{"name":"(anonymous_4)","decl":{"start":{"line":24,"column":32},"end":{"line":24,"column":null}},"loc":{"start":{"line":28,"column":4},"end":{"line":43,"column":1}}},"5":{"name":"(anonymous_5)","decl":{"start":{"line":29,"column":26},"end":{"line":29,"column":27}},"loc":{"start":{"line":30,"column":4},"end":{"line":33,"column":77}}},"6":{"name":"(anonymous_6)","decl":{"start":{"line":33,"column":14},"end":{"line":33,"column":15}},"loc":{"start":{"line":33,"column":29},"end":{"line":33,"column":72}}},"7":{"name":"(anonymous_7)","decl":{"start":{"line":35,"column":4},"end":{"line":35,"column":5}},"loc":{"start":{"line":35,"column":49},"end":{"line":38,"column":6}}}},"branchMap":{"0":{"loc":{"start":{"line":3,"column":2},"end":{"line":9,"column":23}},"type":"cond-expr","locations":[{"start":{"line":4,"column":6},"end":{"line":8,"column":8}},{"start":{"line":9,"column":6},"end":{"line":9,"column":23}}]},"1":{"loc":{"start":{"line":12,"column":2},"end":{"line":17,"column":22}},"type":"cond-expr","locations":[{"start":{"line":13,"column":6},"end":{"line":13,"column":12}},{"start":{"line":14,"column":6},"end":{"line":17,"column":22}}]},"2":{"loc":{"start":{"line":19,"column":2},"end":{"line":19,"column":74}},"type":"cond-expr","locations":[{"start":{"line":19,"column":16},"end":{"line":19,"column":55}},{"start":{"line":19,"column":58},"end":{"line":19,"column":74}}]}},"s":{"0":6,"1":6,"2":4,"3":6,"4":6,"5":11,"6":6,"7":6,"8":11,"9":6,"10":6,"11":1,"12":6,"13":6,"14":14,"15":98,"16":154,"17":14,"18":98,"19":14,"20":6},"f":{"0":4,"1":11,"2":11,"3":1,"4":14,"5":98,"6":154,"7":98},"b":{"0":[0,4],"1":[0,11],"2":[9,2]}}
}
