{"C:\\Users\\SOLAR\\YandexDisk\\Cloud projects\\comics-shop\\src\\components\\Characters\\CharacterCard\\CharacterCard.module.scss": {"path":"C:\\Users\\SOLAR\\YandexDisk\\Cloud projects\\comics-shop\\src\\components\\Characters\\CharacterCard\\CharacterCard.module.scss","statementMap":{"0":{"start":{"line":1,"column":13},"end":{"line":1,"column":252}},"1":{"start":{"line":3,"column":4},"end":{"line":24,"column":5}},"2":{"start":{"line":4,"column":8},"end":{"line":6,"column":11}},"3":{"start":{"line":7,"column":8},"end":{"line":18,"column":11}},"4":{"start":{"line":9,"column":16},"end":{"line":11,"column":17}},"5":{"start":{"line":10,"column":20},"end":{"line":10,"column":34}},"6":{"start":{"line":12,"column":16},"end":{"line":12,"column":36}},"7":{"start":{"line":16,"column":16},"end":{"line":16,"column":30}},"8":{"start":{"line":20,"column":8},"end":{"line":22,"column":11}},"9":{"start":{"line":23,"column":8},"end":{"line":23,"column":31}}},"fnMap":{"0":{"name":"(anonymous_0)","decl":{"start":{"line":8,"column":12},"end":{"line":8,"column":13}},"loc":{"start":{"line":8,"column":30},"end":{"line":13,"column":13}},"line":8},"1":{"name":"(anonymous_1)","decl":{"start":{"line":15,"column":12},"end":{"line":15,"column":13}},"loc":{"start":{"line":15,"column":29},"end":{"line":17,"column":13}},"line":15}},"branchMap":{"0":{"loc":{"start":{"line":3,"column":4},"end":{"line":24,"column":5}},"type":"if","locations":[{"start":{"line":3,"column":4},"end":{"line":24,"column":5}},{"start":{"line":19,"column":11},"end":{"line":24,"column":5}}],"line":3},"1":{"loc":{"start":{"line":3,"column":8},"end":{"line":3,"column":44}},"type":"binary-expr","locations":[{"start":{"line":3,"column":8},"end":{"line":3,"column":34}},{"start":{"line":3,"column":38},"end":{"line":3,"column":44}}],"line":3},"2":{"loc":{"start":{"line":9,"column":16},"end":{"line":11,"column":17}},"type":"if","locations":[{"start":{"line":9,"column":16},"end":{"line":11,"column":17}},{"start":{},"end":{}}],"line":9}},"s":{"0":7,"1":7,"2":7,"3":7,"4":39,"5":39,"6":0,"7":0,"8":0,"9":0},"f":{"0":39,"1":0},"b":{"0":[7,0],"1":[7,7],"2":[39,0]},"_coverageSchema":"1a1c01bbd47fc00a2c39e90264f33305004495a9","hash":"acf53fea12e198a65d4d843c98c5306deecee1c5"}
,"C:\\Users\\SOLAR\\YandexDisk\\Cloud projects\\comics-shop\\src\\components\\Characters\\CharacterCard\\CharacterCard.tsx": {"path":"C:\\Users\\SOLAR\\YandexDisk\\Cloud projects\\comics-shop\\src\\components\\Characters\\CharacterCard\\CharacterCard.tsx","statementMap":{"0":{"start":{"line":1,"column":0},"end":{"line":1,"column":32}},"1":{"start":{"line":2,"column":0},"end":{"line":2,"column":39}},"2":{"start":{"line":4,"column":0},"end":{"line":4,"column":67}},"3":{"start":{"line":5,"column":0},"end":{"line":5,"column":48}},"4":{"start":{"line":10,"column":22},"end":{"line":47,"column":1}},"5":{"start":{"line":11,"column":38},"end":{"line":11,"column":53}},"6":{"start":{"line":12,"column":34},"end":{"line":12,"column":43}},"7":{"start":{"line":14,"column":31},"end":{"line":17,"column":3}},"8":{"start":{"line":15,"column":4},"end":{"line":15,"column":null}},"9":{"start":{"line":16,"column":4},"end":{"line":16,"column":null}},"10":{"start":{"line":19,"column":2},"end":{"line":46,"column":null}},"11":{"start":{"line":49,"column":0},"end":{"line":49,"column":null}}},"fnMap":{"0":{"name":"(anonymous_0)","decl":{"start":{"line":10,"column":22},"end":{"line":10,"column":23}},"loc":{"start":{"line":10,"column":61},"end":{"line":47,"column":1}}},"1":{"name":"(anonymous_1)","decl":{"start":{"line":14,"column":31},"end":{"line":14,"column":32}},"loc":{"start":{"line":14,"column":55},"end":{"line":17,"column":3}}}},"branchMap":{},"s":{"0":7,"1":7,"2":7,"3":7,"4":7,"5":6,"6":6,"7":6,"8":2,"9":2,"10":6,"11":7},"f":{"0":6,"1":2},"b":{}}
,"C:\\Users\\SOLAR\\YandexDisk\\Cloud projects\\comics-shop\\src\\components\\Characters\\CharacterFilter\\CharacterFilter.module.scss": {"path":"C:\\Users\\SOLAR\\YandexDisk\\Cloud projects\\comics-shop\\src\\components\\Characters\\CharacterFilter\\CharacterFilter.module.scss","statementMap":{"0":{"start":{"line":1,"column":13},"end":{"line":1,"column":104}},"1":{"start":{"line":3,"column":4},"end":{"line":24,"column":5}},"2":{"start":{"line":4,"column":8},"end":{"line":6,"column":11}},"3":{"start":{"line":7,"column":8},"end":{"line":18,"column":11}},"4":{"start":{"line":9,"column":16},"end":{"line":11,"column":17}},"5":{"start":{"line":10,"column":20},"end":{"line":10,"column":34}},"6":{"start":{"line":12,"column":16},"end":{"line":12,"column":36}},"7":{"start":{"line":16,"column":16},"end":{"line":16,"column":30}},"8":{"start":{"line":20,"column":8},"end":{"line":22,"column":11}},"9":{"start":{"line":23,"column":8},"end":{"line":23,"column":31}}},"fnMap":{"0":{"name":"(anonymous_0)","decl":{"start":{"line":8,"column":12},"end":{"line":8,"column":13}},"loc":{"start":{"line":8,"column":30},"end":{"line":13,"column":13}},"line":8},"1":{"name":"(anonymous_1)","decl":{"start":{"line":15,"column":12},"end":{"line":15,"column":13}},"loc":{"start":{"line":15,"column":29},"end":{"line":17,"column":13}},"line":15}},"branchMap":{"0":{"loc":{"start":{"line":3,"column":4},"end":{"line":24,"column":5}},"type":"if","locations":[{"start":{"line":3,"column":4},"end":{"line":24,"column":5}},{"start":{"line":19,"column":11},"end":{"line":24,"column":5}}],"line":3},"1":{"loc":{"start":{"line":3,"column":8},"end":{"line":3,"column":44}},"type":"binary-expr","locations":[{"start":{"line":3,"column":8},"end":{"line":3,"column":34}},{"start":{"line":3,"column":38},"end":{"line":3,"column":44}}],"line":3},"2":{"loc":{"start":{"line":9,"column":16},"end":{"line":11,"column":17}},"type":"if","locations":[{"start":{"line":9,"column":16},"end":{"line":11,"column":17}},{"start":{},"end":{}}],"line":9}},"s":{"0":8,"1":8,"2":8,"3":8,"4":10,"5":10,"6":0,"7":0,"8":0,"9":0},"f":{"0":10,"1":0},"b":{"0":[8,0],"1":[8,8],"2":[10,0]},"_coverageSchema":"1a1c01bbd47fc00a2c39e90264f33305004495a9","hash":"9f98b5a5b332a93bec7695804dffe73fa3d286b6"}
,"C:\\Users\\SOLAR\\YandexDisk\\Cloud projects\\comics-shop\\src\\components\\Characters\\CharacterFilter\\CharacterFilter.tsx": {"path":"C:\\Users\\SOLAR\\YandexDisk\\Cloud projects\\comics-shop\\src\\components\\Characters\\CharacterFilter\\CharacterFilter.tsx","statementMap":{"0":{"start":{"line":2,"column":0},"end":{"line":2,"column":37}},"1":{"start":{"line":3,"column":0},"end":{"line":3,"column":40}},"2":{"start":{"line":4,"column":0},"end":{"line":4,"column":43}},"3":{"start":{"line":5,"column":0},"end":{"line":5,"column":50}},"4":{"start":{"line":13,"column":24},"end":{"line":67,"column":1}},"5":{"start":{"line":18,"column":2},"end":{"line":66,"column":null}},"6":{"start":{"line":24,"column":10},"end":{"line":24,"column":69}},"7":{"start":{"line":24,"column":31},"end":{"line":24,"column":67}},"8":{"start":{"line":38,"column":10},"end":{"line":38,"column":null}},"9":{"start":{"line":39,"column":10},"end":{"line":42,"column":null}},"10":{"start":{"line":39,"column":31},"end":{"line":42,"column":12}},"11":{"start":{"line":59,"column":10},"end":{"line":62,"column":13}},"12":{"start":{"line":59,"column":31},"end":{"line":62,"column":12}},"13":{"start":{"line":69,"column":0},"end":{"line":69,"column":null}}},"fnMap":{"0":{"name":"(anonymous_0)","decl":{"start":{"line":13,"column":24},"end":{"line":13,"column":25}},"loc":{"start":{"line":17,"column":28},"end":{"line":67,"column":1}}},"1":{"name":"(anonymous_1)","decl":{"start":{"line":23,"column":23},"end":{"line":23,"column":24}},"loc":{"start":{"line":24,"column":10},"end":{"line":24,"column":69}}},"2":{"name":"(anonymous_2)","decl":{"start":{"line":24,"column":20},"end":{"line":24,"column":21}},"loc":{"start":{"line":24,"column":31},"end":{"line":24,"column":67}}},"3":{"name":"(anonymous_3)","decl":{"start":{"line":37,"column":23},"end":{"line":37,"column":24}},"loc":{"start":{"line":37,"column":33},"end":{"line":43,"column":9}}},"4":{"name":"(anonymous_4)","decl":{"start":{"line":39,"column":20},"end":{"line":39,"column":21}},"loc":{"start":{"line":39,"column":31},"end":{"line":42,"column":12}}},"5":{"name":"(anonymous_5)","decl":{"start":{"line":58,"column":18},"end":{"line":58,"column":19}},"loc":{"start":{"line":59,"column":10},"end":{"line":62,"column":13}}},"6":{"name":"(anonymous_6)","decl":{"start":{"line":59,"column":20},"end":{"line":59,"column":21}},"loc":{"start":{"line":59,"column":31},"end":{"line":62,"column":12}}}},"branchMap":{},"s":{"0":8,"1":8,"2":8,"3":8,"4":8,"5":5,"6":2,"7":2,"8":2,"9":2,"10":2,"11":1,"12":1,"13":8},"f":{"0":5,"1":2,"2":2,"3":2,"4":2,"5":1,"6":1},"b":{}}
,"C:\\Users\\SOLAR\\YandexDisk\\Cloud projects\\comics-shop\\src\\components\\Characters\\CharactersList\\CharactersList.module.scss": {"path":"C:\\Users\\SOLAR\\YandexDisk\\Cloud projects\\comics-shop\\src\\components\\Characters\\CharactersList\\CharactersList.module.scss","statementMap":{"0":{"start":{"line":1,"column":13},"end":{"line":1,"column":144}},"1":{"start":{"line":3,"column":4},"end":{"line":24,"column":5}},"2":{"start":{"line":4,"column":8},"end":{"line":6,"column":11}},"3":{"start":{"line":7,"column":8},"end":{"line":18,"column":11}},"4":{"start":{"line":9,"column":16},"end":{"line":11,"column":17}},"5":{"start":{"line":10,"column":20},"end":{"line":10,"column":34}},"6":{"start":{"line":12,"column":16},"end":{"line":12,"column":36}},"7":{"start":{"line":16,"column":16},"end":{"line":16,"column":30}},"8":{"start":{"line":20,"column":8},"end":{"line":22,"column":11}},"9":{"start":{"line":23,"column":8},"end":{"line":23,"column":31}}},"fnMap":{"0":{"name":"(anonymous_0)","decl":{"start":{"line":8,"column":12},"end":{"line":8,"column":13}},"loc":{"start":{"line":8,"column":30},"end":{"line":13,"column":13}},"line":8},"1":{"name":"(anonymous_1)","decl":{"start":{"line":15,"column":12},"end":{"line":15,"column":13}},"loc":{"start":{"line":15,"column":29},"end":{"line":17,"column":13}},"line":15}},"branchMap":{"0":{"loc":{"start":{"line":3,"column":4},"end":{"line":24,"column":5}},"type":"if","locations":[{"start":{"line":3,"column":4},"end":{"line":24,"column":5}},{"start":{"line":19,"column":11},"end":{"line":24,"column":5}}],"line":3},"1":{"loc":{"start":{"line":3,"column":8},"end":{"line":3,"column":44}},"type":"binary-expr","locations":[{"start":{"line":3,"column":8},"end":{"line":3,"column":34}},{"start":{"line":3,"column":38},"end":{"line":3,"column":44}}],"line":3},"2":{"loc":{"start":{"line":9,"column":16},"end":{"line":11,"column":17}},"type":"if","locations":[{"start":{"line":9,"column":16},"end":{"line":11,"column":17}},{"start":{},"end":{}}],"line":9}},"s":{"0":7,"1":7,"2":7,"3":7,"4":6,"5":6,"6":0,"7":0,"8":0,"9":0},"f":{"0":6,"1":0},"b":{"0":[7,0],"1":[7,7],"2":[6,0]},"_coverageSchema":"1a1c01bbd47fc00a2c39e90264f33305004495a9","hash":"a7f32c67a3770e0a9d0359c4c2a52387dd2cf35d"}
,"C:\\Users\\SOLAR\\YandexDisk\\Cloud projects\\comics-shop\\src\\components\\Characters\\CharactersList\\CharactersList.tsx": {"path":"C:\\Users\\SOLAR\\YandexDisk\\Cloud projects\\comics-shop\\src\\components\\Characters\\CharactersList\\CharactersList.tsx","statementMap":{"0":{"start":{"line":2,"column":0},"end":{"line":2,"column":37}},"1":{"start":{"line":3,"column":0},"end":{"line":3,"column":58}},"2":{"start":{"line":4,"column":0},"end":{"line":4,"column":49}},"3":{"start":{"line":10,"column":23},"end":{"line":43,"column":1}},"4":{"start":{"line":14,"column":2},"end":{"line":24,"column":null}},"5":{"start":{"line":15,"column":4},"end":{"line":24,"column":null}},"6":{"start":{"line":26,"column":2},"end":{"line":42,"column":null}},"7":{"start":{"line":35,"column":8},"end":{"line":36,"column":null}},"8":{"start":{"line":45,"column":0},"end":{"line":45,"column":null}}},"fnMap":{"0":{"name":"(anonymous_0)","decl":{"start":{"line":10,"column":23},"end":{"line":10,"column":24}},"loc":{"start":{"line":13,"column":27},"end":{"line":43,"column":1}}},"1":{"name":"(anonymous_1)","decl":{"start":{"line":34,"column":22},"end":{"line":34,"column":23}},"loc":{"start":{"line":35,"column":8},"end":{"line":36,"column":null}}}},"branchMap":{"0":{"loc":{"start":{"line":14,"column":2},"end":{"line":24,"column":null}},"type":"if","locations":[{"start":{"line":14,"column":2},"end":{"line":24,"column":null}}]},"1":{"loc":{"start":{"line":14,"column":6},"end":{"line":14,"column":53}},"type":"binary-expr","locations":[{"start":{"line":14,"column":6},"end":{"line":14,"column":29}},{"start":{"line":14,"column":33},"end":{"line":14,"column":53}}]}},"s":{"0":7,"1":7,"2":7,"3":7,"4":4,"5":2,"6":2,"7":1,"8":7},"f":{"0":4,"1":1},"b":{"0":[2],"1":[4,3]}}
,"C:\\Users\\SOLAR\\YandexDisk\\Cloud projects\\comics-shop\\src\\components\\Characters\\CharactersSmallList\\CharactersSmallList.module.scss": {"path":"C:\\Users\\SOLAR\\YandexDisk\\Cloud projects\\comics-shop\\src\\components\\Characters\\CharactersSmallList\\CharactersSmallList.module.scss","statementMap":{"0":{"start":{"line":1,"column":13},"end":{"line":1,"column":882}},"1":{"start":{"line":3,"column":4},"end":{"line":24,"column":5}},"2":{"start":{"line":4,"column":8},"end":{"line":6,"column":11}},"3":{"start":{"line":7,"column":8},"end":{"line":18,"column":11}},"4":{"start":{"line":9,"column":16},"end":{"line":11,"column":17}},"5":{"start":{"line":10,"column":20},"end":{"line":10,"column":34}},"6":{"start":{"line":12,"column":16},"end":{"line":12,"column":36}},"7":{"start":{"line":16,"column":16},"end":{"line":16,"column":30}},"8":{"start":{"line":20,"column":8},"end":{"line":22,"column":11}},"9":{"start":{"line":23,"column":8},"end":{"line":23,"column":31}}},"fnMap":{"0":{"name":"(anonymous_0)","decl":{"start":{"line":8,"column":12},"end":{"line":8,"column":13}},"loc":{"start":{"line":8,"column":30},"end":{"line":13,"column":13}},"line":8},"1":{"name":"(anonymous_1)","decl":{"start":{"line":15,"column":12},"end":{"line":15,"column":13}},"loc":{"start":{"line":15,"column":29},"end":{"line":17,"column":13}},"line":15}},"branchMap":{"0":{"loc":{"start":{"line":3,"column":4},"end":{"line":24,"column":5}},"type":"if","locations":[{"start":{"line":3,"column":4},"end":{"line":24,"column":5}},{"start":{"line":19,"column":11},"end":{"line":24,"column":5}}],"line":3},"1":{"loc":{"start":{"line":3,"column":8},"end":{"line":3,"column":44}},"type":"binary-expr","locations":[{"start":{"line":3,"column":8},"end":{"line":3,"column":34}},{"start":{"line":3,"column":38},"end":{"line":3,"column":44}}],"line":3},"2":{"loc":{"start":{"line":9,"column":16},"end":{"line":11,"column":17}},"type":"if","locations":[{"start":{"line":9,"column":16},"end":{"line":11,"column":17}},{"start":{},"end":{}}],"line":9}},"s":{"0":7,"1":7,"2":7,"3":7,"4":13,"5":13,"6":0,"7":0,"8":0,"9":0},"f":{"0":13,"1":0},"b":{"0":[7,0],"1":[7,7],"2":[13,0]},"_coverageSchema":"1a1c01bbd47fc00a2c39e90264f33305004495a9","hash":"38bffeeec545ce199d4c377f336cf92844fe4b3a"}
,"C:\\Users\\SOLAR\\YandexDisk\\Cloud projects\\comics-shop\\src\\components\\Characters\\CharactersSmallList\\CharactersSmallList.tsx": {"path":"C:\\Users\\SOLAR\\YandexDisk\\Cloud projects\\comics-shop\\src\\components\\Characters\\CharactersSmallList\\CharactersSmallList.tsx","statementMap":{"0":{"start":{"line":2,"column":0},"end":{"line":2,"column":39}},"1":{"start":{"line":4,"column":0},"end":{"line":4,"column":64}},"2":{"start":{"line":5,"column":0},"end":{"line":5,"column":54}},"3":{"start":{"line":11,"column":28},"end":{"line":68,"column":1}},"4":{"start":{"line":15,"column":33},"end":{"line":15,"column":38}},"5":{"start":{"line":16,"column":18},"end":{"line":16,"column":67}},"6":{"start":{"line":18,"column":20},"end":{"line":26,"column":null}},"7":{"start":{"line":28,"column":2},"end":{"line":28,"column":null}},"8":{"start":{"line":28,"column":32},"end":{"line":28,"column":null}},"9":{"start":{"line":30,"column":2},"end":{"line":67,"column":null}},"10":{"start":{"line":51,"column":12},"end":{"line":52,"column":null}},"11":{"start":{"line":70,"column":0},"end":{"line":70,"column":null}}},"fnMap":{"0":{"name":"(anonymous_0)","decl":{"start":{"line":11,"column":28},"end":{"line":11,"column":29}},"loc":{"start":{"line":14,"column":32},"end":{"line":68,"column":1}}},"1":{"name":"(anonymous_1)","decl":{"start":{"line":50,"column":27},"end":{"line":50,"column":28}},"loc":{"start":{"line":51,"column":12},"end":{"line":52,"column":null}}}},"branchMap":{"0":{"loc":{"start":{"line":28,"column":2},"end":{"line":28,"column":null}},"type":"if","locations":[{"start":{"line":28,"column":2},"end":{"line":28,"column":null}}]},"1":{"loc":{"start":{"line":31,"column":4},"end":{"line":65,"column":null}},"type":"binary-expr","locations":[{"start":{"line":31,"column":4},"end":{"line":31,"column":14}},{"start":{"line":32,"column":6},"end":{"line":64,"column":null}}]},"2":{"loc":{"start":{"line":44,"column":29},"end":{"line":46,"column":38}},"type":"cond-expr","locations":[{"start":{"line":45,"column":16},"end":{"line":45,"column":74}},{"start":{"line":46,"column":16},"end":{"line":46,"column":38}}]}},"s":{"0":7,"1":7,"2":7,"3":7,"4":5,"5":5,"6":5,"7":5,"8":0,"9":5,"10":2,"11":7},"f":{"0":5,"1":2},"b":{"0":[0],"1":[5,2],"2":[2,0]}}
,"C:\\Users\\SOLAR\\YandexDisk\\Cloud projects\\comics-shop\\src\\components\\Comics\\ComicCard\\ComicCard.module.scss": {"path":"C:\\Users\\SOLAR\\YandexDisk\\Cloud projects\\comics-shop\\src\\components\\Comics\\ComicCard\\ComicCard.module.scss","statementMap":{"0":{"start":{"line":1,"column":13},"end":{"line":1,"column":924}},"1":{"start":{"line":3,"column":4},"end":{"line":24,"column":5}},"2":{"start":{"line":4,"column":8},"end":{"line":6,"column":11}},"3":{"start":{"line":7,"column":8},"end":{"line":18,"column":11}},"4":{"start":{"line":9,"column":16},"end":{"line":11,"column":17}},"5":{"start":{"line":10,"column":20},"end":{"line":10,"column":34}},"6":{"start":{"line":12,"column":16},"end":{"line":12,"column":36}},"7":{"start":{"line":16,"column":16},"end":{"line":16,"column":30}},"8":{"start":{"line":20,"column":8},"end":{"line":22,"column":11}},"9":{"start":{"line":23,"column":8},"end":{"line":23,"column":31}}},"fnMap":{"0":{"name":"(anonymous_0)","decl":{"start":{"line":8,"column":12},"end":{"line":8,"column":13}},"loc":{"start":{"line":8,"column":30},"end":{"line":13,"column":13}},"line":8},"1":{"name":"(anonymous_1)","decl":{"start":{"line":15,"column":12},"end":{"line":15,"column":13}},"loc":{"start":{"line":15,"column":29},"end":{"line":17,"column":13}},"line":15}},"branchMap":{"0":{"loc":{"start":{"line":3,"column":4},"end":{"line":24,"column":5}},"type":"if","locations":[{"start":{"line":3,"column":4},"end":{"line":24,"column":5}},{"start":{"line":19,"column":11},"end":{"line":24,"column":5}}],"line":3},"1":{"loc":{"start":{"line":3,"column":8},"end":{"line":3,"column":44}},"type":"binary-expr","locations":[{"start":{"line":3,"column":8},"end":{"line":3,"column":34}},{"start":{"line":3,"column":38},"end":{"line":3,"column":44}}],"line":3},"2":{"loc":{"start":{"line":9,"column":16},"end":{"line":11,"column":17}},"type":"if","locations":[{"start":{"line":9,"column":16},"end":{"line":11,"column":17}},{"start":{},"end":{}}],"line":9}},"s":{"0":7,"1":7,"2":7,"3":7,"4":132,"5":132,"6":0,"7":0,"8":0,"9":0},"f":{"0":132,"1":0},"b":{"0":[7,0],"1":[7,7],"2":[132,0]},"_coverageSchema":"1a1c01bbd47fc00a2c39e90264f33305004495a9","hash":"2c49401a61ede64026fa79d03f4c4a2fa0f4088d"}
,"C:\\Users\\SOLAR\\YandexDisk\\Cloud projects\\comics-shop\\src\\components\\Comics\\ComicCard\\ComicCard.tsx": {"path":"C:\\Users\\SOLAR\\YandexDisk\\Cloud projects\\comics-shop\\src\\components\\Comics\\ComicCard\\ComicCard.tsx","statementMap":{"0":{"start":{"line":1,"column":0},"end":{"line":1,"column":32}},"1":{"start":{"line":2,"column":0},"end":{"line":2,"column":39}},"2":{"start":{"line":4,"column":0},"end":{"line":4,"column":null}},"3":{"start":{"line":9,"column":0},"end":{"line":9,"column":55}},"4":{"start":{"line":10,"column":0},"end":{"line":10,"column":67}},"5":{"start":{"line":11,"column":0},"end":{"line":11,"column":44}},"6":{"start":{"line":17,"column":18},"end":{"line":98,"column":1}},"7":{"start":{"line":18,"column":38},"end":{"line":18,"column":62}},"8":{"start":{"line":19,"column":56},"end":{"line":19,"column":80}},"9":{"start":{"line":20,"column":74},"end":{"line":20,"column":79}},"10":{"start":{"line":22,"column":20},"end":{"line":30,"column":null}},"11":{"start":{"line":32,"column":31},"end":{"line":35,"column":3}},"12":{"start":{"line":33,"column":4},"end":{"line":33,"column":null}},"13":{"start":{"line":34,"column":4},"end":{"line":34,"column":null}},"14":{"start":{"line":37,"column":32},"end":{"line":40,"column":3}},"15":{"start":{"line":38,"column":4},"end":{"line":38,"column":null}},"16":{"start":{"line":39,"column":4},"end":{"line":39,"column":null}},"17":{"start":{"line":42,"column":2},"end":{"line":97,"column":null}},"18":{"start":{"line":100,"column":0},"end":{"line":100,"column":null}}},"fnMap":{"0":{"name":"(anonymous_0)","decl":{"start":{"line":17,"column":18},"end":{"line":17,"column":19}},"loc":{"start":{"line":17,"column":48},"end":{"line":98,"column":1}}},"1":{"name":"(anonymous_1)","decl":{"start":{"line":32,"column":31},"end":{"line":32,"column":32}},"loc":{"start":{"line":32,"column":55},"end":{"line":35,"column":3}}},"2":{"name":"(anonymous_2)","decl":{"start":{"line":37,"column":32},"end":{"line":37,"column":33}},"loc":{"start":{"line":37,"column":56},"end":{"line":40,"column":3}}}},"branchMap":{"0":{"loc":{"start":{"line":78,"column":9},"end":{"line":81,"column":null}},"type":"binary-expr","locations":[{"start":{"line":78,"column":9},"end":{"line":78,"column":24}},{"start":{"line":79,"column":10},"end":{"line":80,"column":null}}]}},"s":{"0":7,"1":7,"2":7,"3":7,"4":7,"5":7,"6":7,"7":9,"8":9,"9":9,"10":9,"11":9,"12":2,"13":2,"14":9,"15":2,"16":2,"17":9,"18":7},"f":{"0":9,"1":2,"2":2},"b":{"0":[9,9]}}
,"C:\\Users\\SOLAR\\YandexDisk\\Cloud projects\\comics-shop\\src\\components\\Comics\\ComicFilter\\ComicFilter.module.scss": {"path":"C:\\Users\\SOLAR\\YandexDisk\\Cloud projects\\comics-shop\\src\\components\\Comics\\ComicFilter\\ComicFilter.module.scss","statementMap":{"0":{"start":{"line":1,"column":13},"end":{"line":1,"column":88}},"1":{"start":{"line":3,"column":4},"end":{"line":24,"column":5}},"2":{"start":{"line":4,"column":8},"end":{"line":6,"column":11}},"3":{"start":{"line":7,"column":8},"end":{"line":18,"column":11}},"4":{"start":{"line":9,"column":16},"end":{"line":11,"column":17}},"5":{"start":{"line":10,"column":20},"end":{"line":10,"column":34}},"6":{"start":{"line":12,"column":16},"end":{"line":12,"column":36}},"7":{"start":{"line":16,"column":16},"end":{"line":16,"column":30}},"8":{"start":{"line":20,"column":8},"end":{"line":22,"column":11}},"9":{"start":{"line":23,"column":8},"end":{"line":23,"column":31}}},"fnMap":{"0":{"name":"(anonymous_0)","decl":{"start":{"line":8,"column":12},"end":{"line":8,"column":13}},"loc":{"start":{"line":8,"column":30},"end":{"line":13,"column":13}},"line":8},"1":{"name":"(anonymous_1)","decl":{"start":{"line":15,"column":12},"end":{"line":15,"column":13}},"loc":{"start":{"line":15,"column":29},"end":{"line":17,"column":13}},"line":15}},"branchMap":{"0":{"loc":{"start":{"line":3,"column":4},"end":{"line":24,"column":5}},"type":"if","locations":[{"start":{"line":3,"column":4},"end":{"line":24,"column":5}},{"start":{"line":19,"column":11},"end":{"line":24,"column":5}}],"line":3},"1":{"loc":{"start":{"line":3,"column":8},"end":{"line":3,"column":44}},"type":"binary-expr","locations":[{"start":{"line":3,"column":8},"end":{"line":3,"column":34}},{"start":{"line":3,"column":38},"end":{"line":3,"column":44}}],"line":3},"2":{"loc":{"start":{"line":9,"column":16},"end":{"line":11,"column":17}},"type":"if","locations":[{"start":{"line":9,"column":16},"end":{"line":11,"column":17}},{"start":{},"end":{}}],"line":9}},"s":{"0":8,"1":8,"2":8,"3":8,"4":12,"5":12,"6":0,"7":0,"8":0,"9":0},"f":{"0":12,"1":0},"b":{"0":[8,0],"1":[8,8],"2":[12,0]},"_coverageSchema":"1a1c01bbd47fc00a2c39e90264f33305004495a9","hash":"5c2ab20b1a86eaded0c88a9d2f1569e582de3b90"}
,"C:\\Users\\SOLAR\\YandexDisk\\Cloud projects\\comics-shop\\src\\components\\Comics\\ComicFilter\\ComicFilter.tsx": {"path":"C:\\Users\\SOLAR\\YandexDisk\\Cloud projects\\comics-shop\\src\\components\\Comics\\ComicFilter\\ComicFilter.tsx","statementMap":{"0":{"start":{"line":2,"column":0},"end":{"line":2,"column":37}},"1":{"start":{"line":3,"column":0},"end":{"line":3,"column":40}},"2":{"start":{"line":4,"column":0},"end":{"line":4,"column":43}},"3":{"start":{"line":5,"column":0},"end":{"line":5,"column":46}},"4":{"start":{"line":13,"column":20},"end":{"line":73,"column":1}},"5":{"start":{"line":14,"column":2},"end":{"line":72,"column":null}},"6":{"start":{"line":19,"column":10},"end":{"line":19,"column":65}},"7":{"start":{"line":19,"column":31},"end":{"line":19,"column":63}},"8":{"start":{"line":33,"column":10},"end":{"line":33,"column":73}},"9":{"start":{"line":33,"column":31},"end":{"line":33,"column":71}},"10":{"start":{"line":47,"column":10},"end":{"line":47,"column":null}},"11":{"start":{"line":48,"column":10},"end":{"line":48,"column":null}},"12":{"start":{"line":48,"column":31},"end":{"line":48,"column":74}},"13":{"start":{"line":68,"column":10},"end":{"line":68,"column":67}},"14":{"start":{"line":68,"column":31},"end":{"line":68,"column":65}},"15":{"start":{"line":75,"column":0},"end":{"line":75,"column":null}}},"fnMap":{"0":{"name":"(anonymous_0)","decl":{"start":{"line":13,"column":20},"end":{"line":13,"column":21}},"loc":{"start":{"line":13,"column":76},"end":{"line":73,"column":1}}},"1":{"name":"(anonymous_1)","decl":{"start":{"line":18,"column":23},"end":{"line":18,"column":24}},"loc":{"start":{"line":19,"column":10},"end":{"line":19,"column":65}}},"2":{"name":"(anonymous_2)","decl":{"start":{"line":19,"column":20},"end":{"line":19,"column":21}},"loc":{"start":{"line":19,"column":31},"end":{"line":19,"column":63}}},"3":{"name":"(anonymous_3)","decl":{"start":{"line":32,"column":23},"end":{"line":32,"column":24}},"loc":{"start":{"line":33,"column":10},"end":{"line":33,"column":73}}},"4":{"name":"(anonymous_4)","decl":{"start":{"line":33,"column":20},"end":{"line":33,"column":21}},"loc":{"start":{"line":33,"column":31},"end":{"line":33,"column":71}}},"5":{"name":"(anonymous_5)","decl":{"start":{"line":46,"column":23},"end":{"line":46,"column":24}},"loc":{"start":{"line":46,"column":33},"end":{"line":49,"column":9}}},"6":{"name":"(anonymous_6)","decl":{"start":{"line":48,"column":20},"end":{"line":48,"column":21}},"loc":{"start":{"line":48,"column":31},"end":{"line":48,"column":74}}},"7":{"name":"(anonymous_7)","decl":{"start":{"line":67,"column":18},"end":{"line":67,"column":19}},"loc":{"start":{"line":68,"column":10},"end":{"line":68,"column":67}}},"8":{"name":"(anonymous_8)","decl":{"start":{"line":68,"column":20},"end":{"line":68,"column":21}},"loc":{"start":{"line":68,"column":31},"end":{"line":68,"column":65}}}},"branchMap":{},"s":{"0":8,"1":8,"2":8,"3":8,"4":8,"5":6,"6":2,"7":2,"8":2,"9":2,"10":2,"11":2,"12":2,"13":1,"14":1,"15":8},"f":{"0":6,"1":2,"2":2,"3":2,"4":2,"5":2,"6":2,"7":1,"8":1},"b":{}}
,"C:\\Users\\SOLAR\\YandexDisk\\Cloud projects\\comics-shop\\src\\components\\Comics\\ComicList\\ComicsList.module.scss": {"path":"C:\\Users\\SOLAR\\YandexDisk\\Cloud projects\\comics-shop\\src\\components\\Comics\\ComicList\\ComicsList.module.scss","statementMap":{"0":{"start":{"line":1,"column":13},"end":{"line":1,"column":120}},"1":{"start":{"line":3,"column":4},"end":{"line":24,"column":5}},"2":{"start":{"line":4,"column":8},"end":{"line":6,"column":11}},"3":{"start":{"line":7,"column":8},"end":{"line":18,"column":11}},"4":{"start":{"line":9,"column":16},"end":{"line":11,"column":17}},"5":{"start":{"line":10,"column":20},"end":{"line":10,"column":34}},"6":{"start":{"line":12,"column":16},"end":{"line":12,"column":36}},"7":{"start":{"line":16,"column":16},"end":{"line":16,"column":30}},"8":{"start":{"line":20,"column":8},"end":{"line":22,"column":11}},"9":{"start":{"line":23,"column":8},"end":{"line":23,"column":31}}},"fnMap":{"0":{"name":"(anonymous_0)","decl":{"start":{"line":8,"column":12},"end":{"line":8,"column":13}},"loc":{"start":{"line":8,"column":30},"end":{"line":13,"column":13}},"line":8},"1":{"name":"(anonymous_1)","decl":{"start":{"line":15,"column":12},"end":{"line":15,"column":13}},"loc":{"start":{"line":15,"column":29},"end":{"line":17,"column":13}},"line":15}},"branchMap":{"0":{"loc":{"start":{"line":3,"column":4},"end":{"line":24,"column":5}},"type":"if","locations":[{"start":{"line":3,"column":4},"end":{"line":24,"column":5}},{"start":{"line":19,"column":11},"end":{"line":24,"column":5}}],"line":3},"1":{"loc":{"start":{"line":3,"column":8},"end":{"line":3,"column":44}},"type":"binary-expr","locations":[{"start":{"line":3,"column":8},"end":{"line":3,"column":34}},{"start":{"line":3,"column":38},"end":{"line":3,"column":44}}],"line":3},"2":{"loc":{"start":{"line":9,"column":16},"end":{"line":11,"column":17}},"type":"if","locations":[{"start":{"line":9,"column":16},"end":{"line":11,"column":17}},{"start":{},"end":{}}],"line":9}},"s":{"0":7,"1":7,"2":7,"3":7,"4":6,"5":6,"6":0,"7":0,"8":0,"9":0},"f":{"0":6,"1":0},"b":{"0":[7,0],"1":[7,7],"2":[6,0]},"_coverageSchema":"1a1c01bbd47fc00a2c39e90264f33305004495a9","hash":"ae06270a82e62b137561ad39d8359f2bc534185a"}
,"C:\\Users\\SOLAR\\YandexDisk\\Cloud projects\\comics-shop\\src\\components\\Comics\\ComicList\\ComicsList.tsx": {"path":"C:\\Users\\SOLAR\\YandexDisk\\Cloud projects\\comics-shop\\src\\components\\Comics\\ComicList\\ComicsList.tsx","statementMap":{"0":{"start":{"line":2,"column":0},"end":{"line":2,"column":37}},"1":{"start":{"line":3,"column":0},"end":{"line":3,"column":46}},"2":{"start":{"line":4,"column":0},"end":{"line":4,"column":45}},"3":{"start":{"line":12,"column":19},"end":{"line":41,"column":1}},"4":{"start":{"line":17,"column":2},"end":{"line":24,"column":null}},"5":{"start":{"line":18,"column":4},"end":{"line":24,"column":null}},"6":{"start":{"line":26,"column":2},"end":{"line":40,"column":null}},"7":{"start":{"line":37,"column":8},"end":{"line":37,"column":34}},"8":{"start":{"line":43,"column":0},"end":{"line":43,"column":null}}},"fnMap":{"0":{"name":"(anonymous_0)","decl":{"start":{"line":12,"column":19},"end":{"line":12,"column":20}},"loc":{"start":{"line":16,"column":23},"end":{"line":41,"column":1}}},"1":{"name":"(anonymous_1)","decl":{"start":{"line":36,"column":18},"end":{"line":36,"column":19}},"loc":{"start":{"line":37,"column":8},"end":{"line":37,"column":34}}}},"branchMap":{"0":{"loc":{"start":{"line":15,"column":2},"end":{"line":15,"column":23}},"type":"default-arg","locations":[{"start":{"line":15,"column":10},"end":{"line":15,"column":23}}]},"1":{"loc":{"start":{"line":17,"column":2},"end":{"line":24,"column":null}},"type":"if","locations":[{"start":{"line":17,"column":2},"end":{"line":24,"column":null}}]},"2":{"loc":{"start":{"line":17,"column":6},"end":{"line":17,"column":45}},"type":"binary-expr","locations":[{"start":{"line":17,"column":6},"end":{"line":17,"column":25}},{"start":{"line":17,"column":29},"end":{"line":17,"column":45}}]},"3":{"loc":{"start":{"line":28,"column":7},"end":{"line":34,"column":null}},"type":"binary-expr","locations":[{"start":{"line":28,"column":7},"end":{"line":28,"column":12}},{"start":{"line":29,"column":8},"end":{"line":33,"column":null}}]}},"s":{"0":7,"1":7,"2":7,"3":7,"4":4,"5":2,"6":2,"7":1,"8":7},"f":{"0":4,"1":1},"b":{"0":[4],"1":[2],"2":[4,3],"3":[2,2]}}
,"C:\\Users\\SOLAR\\YandexDisk\\Cloud projects\\comics-shop\\src\\components\\Creators\\CreatorsList\\CreatorsList.module.scss": {"path":"C:\\Users\\SOLAR\\YandexDisk\\Cloud projects\\comics-shop\\src\\components\\Creators\\CreatorsList\\CreatorsList.module.scss","statementMap":{"0":{"start":{"line":1,"column":13},"end":{"line":1,"column":662}},"1":{"start":{"line":3,"column":4},"end":{"line":24,"column":5}},"2":{"start":{"line":4,"column":8},"end":{"line":6,"column":11}},"3":{"start":{"line":7,"column":8},"end":{"line":18,"column":11}},"4":{"start":{"line":9,"column":16},"end":{"line":11,"column":17}},"5":{"start":{"line":10,"column":20},"end":{"line":10,"column":34}},"6":{"start":{"line":12,"column":16},"end":{"line":12,"column":36}},"7":{"start":{"line":16,"column":16},"end":{"line":16,"column":30}},"8":{"start":{"line":20,"column":8},"end":{"line":22,"column":11}},"9":{"start":{"line":23,"column":8},"end":{"line":23,"column":31}}},"fnMap":{"0":{"name":"(anonymous_0)","decl":{"start":{"line":8,"column":12},"end":{"line":8,"column":13}},"loc":{"start":{"line":8,"column":30},"end":{"line":13,"column":13}},"line":8},"1":{"name":"(anonymous_1)","decl":{"start":{"line":15,"column":12},"end":{"line":15,"column":13}},"loc":{"start":{"line":15,"column":29},"end":{"line":17,"column":13}},"line":15}},"branchMap":{"0":{"loc":{"start":{"line":3,"column":4},"end":{"line":24,"column":5}},"type":"if","locations":[{"start":{"line":3,"column":4},"end":{"line":24,"column":5}},{"start":{"line":19,"column":11},"end":{"line":24,"column":5}}],"line":3},"1":{"loc":{"start":{"line":3,"column":8},"end":{"line":3,"column":44}},"type":"binary-expr","locations":[{"start":{"line":3,"column":8},"end":{"line":3,"column":34}},{"start":{"line":3,"column":38},"end":{"line":3,"column":44}}],"line":3},"2":{"loc":{"start":{"line":9,"column":16},"end":{"line":11,"column":17}},"type":"if","locations":[{"start":{"line":9,"column":16},"end":{"line":11,"column":17}},{"start":{},"end":{}}],"line":9}},"s":{"0":8,"1":8,"2":8,"3":8,"4":7,"5":7,"6":0,"7":0,"8":0,"9":0},"f":{"0":7,"1":0},"b":{"0":[8,0],"1":[8,8],"2":[7,0]},"_coverageSchema":"1a1c01bbd47fc00a2c39e90264f33305004495a9","hash":"8728e81ce5347dfea9cb65bb0f31f223c3599e38"}
,"C:\\Users\\SOLAR\\YandexDisk\\Cloud projects\\comics-shop\\src\\components\\Creators\\CreatorsList\\CreatorsList.tsx": {"path":"C:\\Users\\SOLAR\\YandexDisk\\Cloud projects\\comics-shop\\src\\components\\Creators\\CreatorsList\\CreatorsList.tsx","statementMap":{"0":{"start":{"line":2,"column":0},"end":{"line":2,"column":79}},"1":{"start":{"line":3,"column":0},"end":{"line":3,"column":47}},"2":{"start":{"line":8,"column":21},"end":{"line":55,"column":1}},"3":{"start":{"line":9,"column":31},"end":{"line":9,"column":36}},"4":{"start":{"line":10,"column":18},"end":{"line":10,"column":59}},"5":{"start":{"line":12,"column":20},"end":{"line":20,"column":null}},"6":{"start":{"line":22,"column":2},"end":{"line":22,"column":null}},"7":{"start":{"line":22,"column":30},"end":{"line":22,"column":null}},"8":{"start":{"line":24,"column":2},"end":{"line":54,"column":null}},"9":{"start":{"line":47,"column":12},"end":{"line":47,"column":52}},"10":{"start":{"line":57,"column":0},"end":{"line":57,"column":null}}},"fnMap":{"0":{"name":"(anonymous_0)","decl":{"start":{"line":8,"column":21},"end":{"line":8,"column":22}},"loc":{"start":{"line":8,"column":66},"end":{"line":55,"column":1}}},"1":{"name":"(anonymous_1)","decl":{"start":{"line":46,"column":25},"end":{"line":46,"column":26}},"loc":{"start":{"line":47,"column":12},"end":{"line":47,"column":52}}}},"branchMap":{"0":{"loc":{"start":{"line":22,"column":2},"end":{"line":22,"column":null}},"type":"if","locations":[{"start":{"line":22,"column":2},"end":{"line":22,"column":null}}]},"1":{"loc":{"start":{"line":25,"column":4},"end":{"line":52,"column":null}},"type":"binary-expr","locations":[{"start":{"line":25,"column":4},"end":{"line":25,"column":12}},{"start":{"line":26,"column":6},"end":{"line":51,"column":null}}]},"2":{"loc":{"start":{"line":40,"column":29},"end":{"line":42,"column":38}},"type":"cond-expr","locations":[{"start":{"line":41,"column":16},"end":{"line":41,"column":74}},{"start":{"line":42,"column":16},"end":{"line":42,"column":38}}]}},"s":{"0":8,"1":8,"2":8,"3":4,"4":4,"5":4,"6":4,"7":0,"8":4,"9":1,"10":8},"f":{"0":4,"1":1},"b":{"0":[0],"1":[4,1],"2":[1,0]}}
,"C:\\Users\\SOLAR\\YandexDisk\\Cloud projects\\comics-shop\\src\\components\\Layout\\Navbar\\Navbar.module.scss": {"path":"C:\\Users\\SOLAR\\YandexDisk\\Cloud projects\\comics-shop\\src\\components\\Layout\\Navbar\\Navbar.module.scss","statementMap":{"0":{"start":{"line":1,"column":13},"end":{"line":1,"column":112}},"1":{"start":{"line":3,"column":4},"end":{"line":24,"column":5}},"2":{"start":{"line":4,"column":8},"end":{"line":6,"column":11}},"3":{"start":{"line":7,"column":8},"end":{"line":18,"column":11}},"4":{"start":{"line":9,"column":16},"end":{"line":11,"column":17}},"5":{"start":{"line":10,"column":20},"end":{"line":10,"column":34}},"6":{"start":{"line":12,"column":16},"end":{"line":12,"column":36}},"7":{"start":{"line":16,"column":16},"end":{"line":16,"column":30}},"8":{"start":{"line":20,"column":8},"end":{"line":22,"column":11}},"9":{"start":{"line":23,"column":8},"end":{"line":23,"column":31}}},"fnMap":{"0":{"name":"(anonymous_0)","decl":{"start":{"line":8,"column":12},"end":{"line":8,"column":13}},"loc":{"start":{"line":8,"column":30},"end":{"line":13,"column":13}},"line":8},"1":{"name":"(anonymous_1)","decl":{"start":{"line":15,"column":12},"end":{"line":15,"column":13}},"loc":{"start":{"line":15,"column":29},"end":{"line":17,"column":13}},"line":15}},"branchMap":{"0":{"loc":{"start":{"line":3,"column":4},"end":{"line":24,"column":5}},"type":"if","locations":[{"start":{"line":3,"column":4},"end":{"line":24,"column":5}},{"start":{"line":19,"column":11},"end":{"line":24,"column":5}}],"line":3},"1":{"loc":{"start":{"line":3,"column":8},"end":{"line":3,"column":44}},"type":"binary-expr","locations":[{"start":{"line":3,"column":8},"end":{"line":3,"column":34}},{"start":{"line":3,"column":38},"end":{"line":3,"column":44}}],"line":3},"2":{"loc":{"start":{"line":9,"column":16},"end":{"line":11,"column":17}},"type":"if","locations":[{"start":{"line":9,"column":16},"end":{"line":11,"column":17}},{"start":{},"end":{}}],"line":9}},"s":{"0":1,"1":1,"2":1,"3":1,"4":37,"5":37,"6":0,"7":0,"8":0,"9":0},"f":{"0":37,"1":0},"b":{"0":[1,0],"1":[1,1],"2":[37,0]},"_coverageSchema":"1a1c01bbd47fc00a2c39e90264f33305004495a9","hash":"7b34686b589dd0fc8672f4cd91bc1dc4928b4549"}
,"C:\\Users\\SOLAR\\YandexDisk\\Cloud projects\\comics-shop\\src\\components\\Layout\\Navbar\\Navbar.tsx": {"path":"C:\\Users\\SOLAR\\YandexDisk\\Cloud projects\\comics-shop\\src\\components\\Layout\\Navbar\\Navbar.tsx","statementMap":{"0":{"start":{"line":1,"column":0},"end":{"line":1,"column":42}},"1":{"start":{"line":2,"column":0},"end":{"line":2,"column":41}},"2":{"start":{"line":4,"column":15},"end":{"line":63,"column":1}},"3":{"start":{"line":5,"column":2},"end":{"line":62,"column":null}},"4":{"start":{"line":21,"column":14},"end":{"line":23,"column":46}},"5":{"start":{"line":35,"column":14},"end":{"line":37,"column":46}},"6":{"start":{"line":49,"column":14},"end":{"line":51,"column":46}},"7":{"start":{"line":65,"column":0},"end":{"line":65,"column":null}}},"fnMap":{"0":{"name":"(anonymous_0)","decl":{"start":{"line":4,"column":15},"end":{"line":4,"column":18}},"loc":{"start":{"line":4,"column":20},"end":{"line":63,"column":1}}},"1":{"name":"(anonymous_1)","decl":{"start":{"line":20,"column":23},"end":{"line":20,"column":24}},"loc":{"start":{"line":21,"column":14},"end":{"line":23,"column":46}}},"2":{"name":"(anonymous_2)","decl":{"start":{"line":34,"column":23},"end":{"line":34,"column":24}},"loc":{"start":{"line":35,"column":14},"end":{"line":37,"column":46}}},"3":{"name":"(anonymous_3)","decl":{"start":{"line":48,"column":23},"end":{"line":48,"column":24}},"loc":{"start":{"line":49,"column":14},"end":{"line":51,"column":46}}}},"branchMap":{"0":{"loc":{"start":{"line":21,"column":14},"end":{"line":23,"column":46}},"type":"cond-expr","locations":[{"start":{"line":22,"column":18},"end":{"line":22,"column":81}},{"start":{"line":23,"column":18},"end":{"line":23,"column":46}}]},"1":{"loc":{"start":{"line":35,"column":14},"end":{"line":37,"column":46}},"type":"cond-expr","locations":[{"start":{"line":36,"column":18},"end":{"line":36,"column":81}},{"start":{"line":37,"column":18},"end":{"line":37,"column":46}}]},"2":{"loc":{"start":{"line":49,"column":14},"end":{"line":51,"column":46}},"type":"cond-expr","locations":[{"start":{"line":50,"column":18},"end":{"line":50,"column":81}},{"start":{"line":51,"column":18},"end":{"line":51,"column":46}}]}},"s":{"0":1,"1":1,"2":1,"3":5,"4":8,"5":8,"6":8,"7":1},"f":{"0":5,"1":8,"2":8,"3":8},"b":{"0":[1,7],"1":[1,7],"2":[1,7]}}
,"C:\\Users\\SOLAR\\YandexDisk\\Cloud projects\\comics-shop\\src\\components\\UI\\Card\\Card.module.scss": {"path":"C:\\Users\\SOLAR\\YandexDisk\\Cloud projects\\comics-shop\\src\\components\\UI\\Card\\Card.module.scss","statementMap":{"0":{"start":{"line":1,"column":13},"end":{"line":1,"column":28}},"1":{"start":{"line":3,"column":4},"end":{"line":24,"column":5}},"2":{"start":{"line":4,"column":8},"end":{"line":6,"column":11}},"3":{"start":{"line":7,"column":8},"end":{"line":18,"column":11}},"4":{"start":{"line":9,"column":16},"end":{"line":11,"column":17}},"5":{"start":{"line":10,"column":20},"end":{"line":10,"column":34}},"6":{"start":{"line":12,"column":16},"end":{"line":12,"column":36}},"7":{"start":{"line":16,"column":16},"end":{"line":16,"column":30}},"8":{"start":{"line":20,"column":8},"end":{"line":22,"column":11}},"9":{"start":{"line":23,"column":8},"end":{"line":23,"column":31}}},"fnMap":{"0":{"name":"(anonymous_0)","decl":{"start":{"line":8,"column":12},"end":{"line":8,"column":13}},"loc":{"start":{"line":8,"column":30},"end":{"line":13,"column":13}},"line":8},"1":{"name":"(anonymous_1)","decl":{"start":{"line":15,"column":12},"end":{"line":15,"column":13}},"loc":{"start":{"line":15,"column":29},"end":{"line":17,"column":13}},"line":15}},"branchMap":{"0":{"loc":{"start":{"line":3,"column":4},"end":{"line":24,"column":5}},"type":"if","locations":[{"start":{"line":3,"column":4},"end":{"line":24,"column":5}},{"start":{"line":19,"column":11},"end":{"line":24,"column":5}}],"line":3},"1":{"loc":{"start":{"line":3,"column":8},"end":{"line":3,"column":44}},"type":"binary-expr","locations":[{"start":{"line":3,"column":8},"end":{"line":3,"column":34}},{"start":{"line":3,"column":38},"end":{"line":3,"column":44}}],"line":3},"2":{"loc":{"start":{"line":9,"column":16},"end":{"line":11,"column":17}},"type":"if","locations":[{"start":{"line":9,"column":16},"end":{"line":11,"column":17}},{"start":{},"end":{}}],"line":9}},"s":{"0":9,"1":9,"2":9,"3":9,"4":21,"5":21,"6":0,"7":0,"8":0,"9":0},"f":{"0":21,"1":0},"b":{"0":[9,0],"1":[9,9],"2":[21,0]},"_coverageSchema":"1a1c01bbd47fc00a2c39e90264f33305004495a9","hash":"b30ba50f648d3cc19352a5b451656666526a473c"}
,"C:\\Users\\SOLAR\\YandexDisk\\Cloud projects\\comics-shop\\src\\components\\UI\\Card\\Card.tsx": {"path":"C:\\Users\\SOLAR\\YandexDisk\\Cloud projects\\comics-shop\\src\\components\\UI\\Card\\Card.tsx","statementMap":{"0":{"start":{"line":2,"column":0},"end":{"line":2,"column":39}},"1":{"start":{"line":10,"column":13},"end":{"line":18,"column":1}},"2":{"start":{"line":11,"column":18},"end":{"line":11,"column":47}},"3":{"start":{"line":13,"column":2},"end":{"line":17,"column":null}},"4":{"start":{"line":20,"column":0},"end":{"line":20,"column":null}}},"fnMap":{"0":{"name":"(anonymous_0)","decl":{"start":{"line":10,"column":13},"end":{"line":10,"column":14}},"loc":{"start":{"line":10,"column":63},"end":{"line":18,"column":1}}}},"branchMap":{},"s":{"0":9,"1":9,"2":21,"3":21,"4":9},"f":{"0":21},"b":{}}
,"C:\\Users\\SOLAR\\YandexDisk\\Cloud projects\\comics-shop\\src\\components\\UI\\Carousel\\Carousel.module.scss": {"path":"C:\\Users\\SOLAR\\YandexDisk\\Cloud projects\\comics-shop\\src\\components\\UI\\Carousel\\Carousel.module.scss","statementMap":{"0":{"start":{"line":1,"column":13},"end":{"line":1,"column":176}},"1":{"start":{"line":3,"column":4},"end":{"line":24,"column":5}},"2":{"start":{"line":4,"column":8},"end":{"line":6,"column":11}},"3":{"start":{"line":7,"column":8},"end":{"line":18,"column":11}},"4":{"start":{"line":9,"column":16},"end":{"line":11,"column":17}},"5":{"start":{"line":10,"column":20},"end":{"line":10,"column":34}},"6":{"start":{"line":12,"column":16},"end":{"line":12,"column":36}},"7":{"start":{"line":16,"column":16},"end":{"line":16,"column":30}},"8":{"start":{"line":20,"column":8},"end":{"line":22,"column":11}},"9":{"start":{"line":23,"column":8},"end":{"line":23,"column":31}}},"fnMap":{"0":{"name":"(anonymous_0)","decl":{"start":{"line":8,"column":12},"end":{"line":8,"column":13}},"loc":{"start":{"line":8,"column":30},"end":{"line":13,"column":13}},"line":8},"1":{"name":"(anonymous_1)","decl":{"start":{"line":15,"column":12},"end":{"line":15,"column":13}},"loc":{"start":{"line":15,"column":29},"end":{"line":17,"column":13}},"line":15}},"branchMap":{"0":{"loc":{"start":{"line":3,"column":4},"end":{"line":24,"column":5}},"type":"if","locations":[{"start":{"line":3,"column":4},"end":{"line":24,"column":5}},{"start":{"line":19,"column":11},"end":{"line":24,"column":5}}],"line":3},"1":{"loc":{"start":{"line":3,"column":8},"end":{"line":3,"column":44}},"type":"binary-expr","locations":[{"start":{"line":3,"column":8},"end":{"line":3,"column":34}},{"start":{"line":3,"column":38},"end":{"line":3,"column":44}}],"line":3},"2":{"loc":{"start":{"line":9,"column":16},"end":{"line":11,"column":17}},"type":"if","locations":[{"start":{"line":9,"column":16},"end":{"line":11,"column":17}},{"start":{},"end":{}}],"line":9}},"s":{"0":7,"1":7,"2":7,"3":7,"4":130,"5":130,"6":0,"7":0,"8":0,"9":0},"f":{"0":130,"1":0},"b":{"0":[7,0],"1":[7,7],"2":[130,0]},"_coverageSchema":"1a1c01bbd47fc00a2c39e90264f33305004495a9","hash":"aa15ddd36ace5e1d86e57da08b5d7d4314409322"}
,"C:\\Users\\SOLAR\\YandexDisk\\Cloud projects\\comics-shop\\src\\components\\UI\\Carousel\\Carousel.tsx": {"path":"C:\\Users\\SOLAR\\YandexDisk\\Cloud projects\\comics-shop\\src\\components\\UI\\Carousel\\Carousel.tsx","statementMap":{"0":{"start":{"line":1,"column":0},"end":{"line":1,"column":63}},"1":{"start":{"line":3,"column":0},"end":{"line":3,"column":49}},"2":{"start":{"line":4,"column":0},"end":{"line":4,"column":49}},"3":{"start":{"line":5,"column":0},"end":{"line":5,"column":43}},"4":{"start":{"line":6,"column":0},"end":{"line":6,"column":43}},"5":{"start":{"line":16,"column":17},"end":{"line":79,"column":1}},"6":{"start":{"line":23,"column":40},"end":{"line":23,"column":72}},"7":{"start":{"line":24,"column":13},"end":{"line":24,"column":20}},"8":{"start":{"line":26,"column":27},"end":{"line":30,"column":29}},"9":{"start":{"line":27,"column":4},"end":{"line":29,"column":null}},"10":{"start":{"line":28,"column":6},"end":{"line":28,"column":55}},"11":{"start":{"line":32,"column":27},"end":{"line":36,"column":29}},"12":{"start":{"line":33,"column":4},"end":{"line":35,"column":null}},"13":{"start":{"line":34,"column":6},"end":{"line":34,"column":55}},"14":{"start":{"line":38,"column":2},"end":{"line":44,"column":null}},"15":{"start":{"line":39,"column":21},"end":{"line":41,"column":17}},"16":{"start":{"line":43,"column":4},"end":{"line":43,"column":null}},"17":{"start":{"line":43,"column":17},"end":{"line":43,"column":40}},"18":{"start":{"line":46,"column":2},"end":{"line":78,"column":null}},"19":{"start":{"line":56,"column":8},"end":{"line":57,"column":null}},"20":{"start":{"line":81,"column":0},"end":{"line":81,"column":null}}},"fnMap":{"0":{"name":"(anonymous_0)","decl":{"start":{"line":16,"column":17},"end":{"line":16,"column":18}},"loc":{"start":{"line":22,"column":21},"end":{"line":79,"column":1}}},"1":{"name":"(anonymous_1)","decl":{"start":{"line":26,"column":39},"end":{"line":26,"column":42}},"loc":{"start":{"line":26,"column":44},"end":{"line":30,"column":3}}},"2":{"name":"(anonymous_2)","decl":{"start":{"line":27,"column":19},"end":{"line":27,"column":20}},"loc":{"start":{"line":28,"column":6},"end":{"line":28,"column":55}}},"3":{"name":"(anonymous_3)","decl":{"start":{"line":32,"column":39},"end":{"line":32,"column":42}},"loc":{"start":{"line":32,"column":44},"end":{"line":36,"column":3}}},"4":{"name":"(anonymous_4)","decl":{"start":{"line":33,"column":19},"end":{"line":33,"column":20}},"loc":{"start":{"line":34,"column":6},"end":{"line":34,"column":55}}},"5":{"name":"(anonymous_5)","decl":{"start":{"line":38,"column":12},"end":{"line":38,"column":15}},"loc":{"start":{"line":38,"column":17},"end":{"line":44,"column":3}}},"6":{"name":"(anonymous_6)","decl":{"start":{"line":43,"column":11},"end":{"line":43,"column":14}},"loc":{"start":{"line":43,"column":17},"end":{"line":43,"column":40}}},"7":{"name":"(anonymous_7)","decl":{"start":{"line":55,"column":26},"end":{"line":55,"column":27}},"loc":{"start":{"line":56,"column":8},"end":{"line":57,"column":null}}}},"branchMap":{"0":{"loc":{"start":{"line":18,"column":2},"end":{"line":18,"column":21}},"type":"default-arg","locations":[{"start":{"line":18,"column":20},"end":{"line":18,"column":21}}]},"1":{"loc":{"start":{"line":19,"column":2},"end":{"line":19,"column":25}},"type":"default-arg","locations":[{"start":{"line":19,"column":21},"end":{"line":19,"column":25}}]},"2":{"loc":{"start":{"line":20,"column":2},"end":{"line":20,"column":16}},"type":"default-arg","locations":[{"start":{"line":20,"column":15},"end":{"line":20,"column":16}}]},"3":{"loc":{"start":{"line":21,"column":2},"end":{"line":21,"column":33}},"type":"default-arg","locations":[{"start":{"line":21,"column":23},"end":{"line":21,"column":33}}]},"4":{"loc":{"start":{"line":28,"column":6},"end":{"line":28,"column":55}},"type":"cond-expr","locations":[{"start":{"line":28,"column":19},"end":{"line":28,"column":44}},{"start":{"line":28,"column":47},"end":{"line":28,"column":55}}]},"5":{"loc":{"start":{"line":34,"column":6},"end":{"line":34,"column":55}},"type":"cond-expr","locations":[{"start":{"line":34,"column":43},"end":{"line":34,"column":44}},{"start":{"line":34,"column":47},"end":{"line":34,"column":55}}]},"6":{"loc":{"start":{"line":39,"column":21},"end":{"line":41,"column":17}},"type":"cond-expr","locations":[{"start":{"line":40,"column":8},"end":{"line":40,"column":61}},{"start":{"line":41,"column":8},"end":{"line":41,"column":17}}]}},"s":{"0":7,"1":7,"2":7,"3":7,"4":7,"5":7,"6":26,"7":26,"8":26,"9":1,"10":1,"11":26,"12":2,"13":2,"14":26,"15":23,"16":23,"17":23,"18":26,"19":78,"20":7},"f":{"0":26,"1":1,"2":1,"3":2,"4":2,"5":23,"6":23,"7":78},"b":{"0":[26],"1":[21],"2":[26],"3":[26],"4":[1,0],"5":[0,2],"6":[20,3]}}
,"C:\\Users\\SOLAR\\YandexDisk\\Cloud projects\\comics-shop\\src\\components\\UI\\Carousel\\CarouselSlide.module.scss": {"path":"C:\\Users\\SOLAR\\YandexDisk\\Cloud projects\\comics-shop\\src\\components\\UI\\Carousel\\CarouselSlide.module.scss","statementMap":{"0":{"start":{"line":1,"column":13},"end":{"line":1,"column":432}},"1":{"start":{"line":3,"column":4},"end":{"line":24,"column":5}},"2":{"start":{"line":4,"column":8},"end":{"line":6,"column":11}},"3":{"start":{"line":7,"column":8},"end":{"line":18,"column":11}},"4":{"start":{"line":9,"column":16},"end":{"line":11,"column":17}},"5":{"start":{"line":10,"column":20},"end":{"line":10,"column":34}},"6":{"start":{"line":12,"column":16},"end":{"line":12,"column":36}},"7":{"start":{"line":16,"column":16},"end":{"line":16,"column":30}},"8":{"start":{"line":20,"column":8},"end":{"line":22,"column":11}},"9":{"start":{"line":23,"column":8},"end":{"line":23,"column":31}}},"fnMap":{"0":{"name":"(anonymous_0)","decl":{"start":{"line":8,"column":12},"end":{"line":8,"column":13}},"loc":{"start":{"line":8,"column":30},"end":{"line":13,"column":13}},"line":8},"1":{"name":"(anonymous_1)","decl":{"start":{"line":15,"column":12},"end":{"line":15,"column":13}},"loc":{"start":{"line":15,"column":29},"end":{"line":17,"column":13}},"line":15}},"branchMap":{"0":{"loc":{"start":{"line":3,"column":4},"end":{"line":24,"column":5}},"type":"if","locations":[{"start":{"line":3,"column":4},"end":{"line":24,"column":5}},{"start":{"line":19,"column":11},"end":{"line":24,"column":5}}],"line":3},"1":{"loc":{"start":{"line":3,"column":8},"end":{"line":3,"column":44}},"type":"binary-expr","locations":[{"start":{"line":3,"column":8},"end":{"line":3,"column":34}},{"start":{"line":3,"column":38},"end":{"line":3,"column":44}}],"line":3},"2":{"loc":{"start":{"line":9,"column":16},"end":{"line":11,"column":17}},"type":"if","locations":[{"start":{"line":9,"column":16},"end":{"line":11,"column":17}},{"start":{},"end":{}}],"line":9}},"s":{"0":7,"1":7,"2":7,"3":7,"4":624,"5":624,"6":0,"7":0,"8":0,"9":0},"f":{"0":624,"1":0},"b":{"0":[7,0],"1":[7,7],"2":[624,0]},"_coverageSchema":"1a1c01bbd47fc00a2c39e90264f33305004495a9","hash":"6b85d7f9bd9c134c50b5daa3602c818547eed0d5"}
,"C:\\Users\\SOLAR\\YandexDisk\\Cloud projects\\comics-shop\\src\\components\\UI\\Carousel\\CarouselSlide.tsx": {"path":"C:\\Users\\SOLAR\\YandexDisk\\Cloud projects\\comics-shop\\src\\components\\UI\\Carousel\\CarouselSlide.tsx","statementMap":{"0":{"start":{"line":2,"column":0},"end":{"line":2,"column":42}},"1":{"start":{"line":4,"column":0},"end":{"line":4,"column":48}},"2":{"start":{"line":13,"column":22},"end":{"line":62,"column":1}},"3":{"start":{"line":20,"column":27},"end":{"line":22,"column":null}},"4":{"start":{"line":23,"column":36},"end":{"line":28,"column":null}},"5":{"start":{"line":30,"column":21},"end":{"line":30,"column":46}},"6":{"start":{"line":32,"column":2},"end":{"line":61,"column":null}},"7":{"start":{"line":54,"column":8},"end":{"line":55,"column":null}},"8":{"start":{"line":64,"column":0},"end":{"line":64,"column":null}}},"fnMap":{"0":{"name":"(anonymous_0)","decl":{"start":{"line":13,"column":22},"end":{"line":13,"column":23}},"loc":{"start":{"line":19,"column":26},"end":{"line":62,"column":1}}},"1":{"name":"(anonymous_1)","decl":{"start":{"line":53,"column":37},"end":{"line":53,"column":38}},"loc":{"start":{"line":54,"column":8},"end":{"line":55,"column":null}}}},"branchMap":{},"s":{"0":7,"1":7,"2":7,"3":78,"4":78,"5":78,"6":78,"7":312,"8":7},"f":{"0":78,"1":312},"b":{}}
,"C:\\Users\\SOLAR\\YandexDisk\\Cloud projects\\comics-shop\\src\\components\\UI\\Carousel\\images.ts": {"path":"C:\\Users\\SOLAR\\YandexDisk\\Cloud projects\\comics-shop\\src\\components\\UI\\Carousel\\images.ts","statementMap":{"0":{"start":{"line":3,"column":13},"end":{"line":34,"column":null}}},"fnMap":{},"branchMap":{},"s":{"0":7},"f":{},"b":{}}
,"C:\\Users\\SOLAR\\YandexDisk\\Cloud projects\\comics-shop\\src\\components\\UI\\CartButton\\CartButton.module.scss": {"path":"C:\\Users\\SOLAR\\YandexDisk\\Cloud projects\\comics-shop\\src\\components\\UI\\CartButton\\CartButton.module.scss","statementMap":{"0":{"start":{"line":1,"column":13},"end":{"line":1,"column":42}},"1":{"start":{"line":3,"column":4},"end":{"line":24,"column":5}},"2":{"start":{"line":4,"column":8},"end":{"line":6,"column":11}},"3":{"start":{"line":7,"column":8},"end":{"line":18,"column":11}},"4":{"start":{"line":9,"column":16},"end":{"line":11,"column":17}},"5":{"start":{"line":10,"column":20},"end":{"line":10,"column":34}},"6":{"start":{"line":12,"column":16},"end":{"line":12,"column":36}},"7":{"start":{"line":16,"column":16},"end":{"line":16,"column":30}},"8":{"start":{"line":20,"column":8},"end":{"line":22,"column":11}},"9":{"start":{"line":23,"column":8},"end":{"line":23,"column":31}}},"fnMap":{"0":{"name":"(anonymous_0)","decl":{"start":{"line":8,"column":12},"end":{"line":8,"column":13}},"loc":{"start":{"line":8,"column":30},"end":{"line":13,"column":13}},"line":8},"1":{"name":"(anonymous_1)","decl":{"start":{"line":15,"column":12},"end":{"line":15,"column":13}},"loc":{"start":{"line":15,"column":29},"end":{"line":17,"column":13}},"line":15}},"branchMap":{"0":{"loc":{"start":{"line":3,"column":4},"end":{"line":24,"column":5}},"type":"if","locations":[{"start":{"line":3,"column":4},"end":{"line":24,"column":5}},{"start":{"line":19,"column":11},"end":{"line":24,"column":5}}],"line":3},"1":{"loc":{"start":{"line":3,"column":8},"end":{"line":3,"column":44}},"type":"binary-expr","locations":[{"start":{"line":3,"column":8},"end":{"line":3,"column":34}},{"start":{"line":3,"column":38},"end":{"line":3,"column":44}}],"line":3},"2":{"loc":{"start":{"line":9,"column":16},"end":{"line":11,"column":17}},"type":"if","locations":[{"start":{"line":9,"column":16},"end":{"line":11,"column":17}},{"start":{},"end":{}}],"line":9}},"s":{"0":7,"1":7,"2":7,"3":7,"4":11,"5":11,"6":0,"7":0,"8":0,"9":0},"f":{"0":11,"1":0},"b":{"0":[7,0],"1":[7,7],"2":[11,0]},"_coverageSchema":"1a1c01bbd47fc00a2c39e90264f33305004495a9","hash":"8c24480d264dfb2b20af377a4205f6d6fc72a34a"}
,"C:\\Users\\SOLAR\\YandexDisk\\Cloud projects\\comics-shop\\src\\components\\UI\\CartButton\\CartButton.tsx": {"path":"C:\\Users\\SOLAR\\YandexDisk\\Cloud projects\\comics-shop\\src\\components\\UI\\CartButton\\CartButton.tsx","statementMap":{"0":{"start":{"line":2,"column":0},"end":{"line":2,"column":45}},"1":{"start":{"line":8,"column":19},"end":{"line":54,"column":1}},"2":{"start":{"line":14,"column":18},"end":{"line":14,"column":57}},"3":{"start":{"line":16,"column":2},"end":{"line":53,"column":null}},"4":{"start":{"line":56,"column":0},"end":{"line":56,"column":null}}},"fnMap":{"0":{"name":"(anonymous_0)","decl":{"start":{"line":8,"column":19},"end":{"line":8,"column":20}},"loc":{"start":{"line":13,"column":23},"end":{"line":54,"column":1}}}},"branchMap":{"0":{"loc":{"start":{"line":19,"column":18},"end":{"line":19,"column":69}},"type":"cond-expr","locations":[{"start":{"line":19,"column":35},"end":{"line":19,"column":53}},{"start":{"line":19,"column":56},"end":{"line":19,"column":69}}]},"1":{"loc":{"start":{"line":47,"column":16},"end":{"line":47,"column":48}},"type":"cond-expr","locations":[{"start":{"line":47,"column":33},"end":{"line":47,"column":39}},{"start":{"line":47,"column":42},"end":{"line":47,"column":48}}]}},"s":{"0":7,"1":7,"2":11,"3":11,"4":7},"f":{"0":11},"b":{"0":[1,10],"1":[1,10]}}
,"C:\\Users\\SOLAR\\YandexDisk\\Cloud projects\\comics-shop\\src\\components\\UI\\Error\\Error.module.scss": {"path":"C:\\Users\\SOLAR\\YandexDisk\\Cloud projects\\comics-shop\\src\\components\\UI\\Error\\Error.module.scss","statementMap":{"0":{"start":{"line":1,"column":13},"end":{"line":1,"column":30}},"1":{"start":{"line":3,"column":4},"end":{"line":24,"column":5}},"2":{"start":{"line":4,"column":8},"end":{"line":6,"column":11}},"3":{"start":{"line":7,"column":8},"end":{"line":18,"column":11}},"4":{"start":{"line":9,"column":16},"end":{"line":11,"column":17}},"5":{"start":{"line":10,"column":20},"end":{"line":10,"column":34}},"6":{"start":{"line":12,"column":16},"end":{"line":12,"column":36}},"7":{"start":{"line":16,"column":16},"end":{"line":16,"column":30}},"8":{"start":{"line":20,"column":8},"end":{"line":22,"column":11}},"9":{"start":{"line":23,"column":8},"end":{"line":23,"column":31}}},"fnMap":{"0":{"name":"(anonymous_0)","decl":{"start":{"line":8,"column":12},"end":{"line":8,"column":13}},"loc":{"start":{"line":8,"column":30},"end":{"line":13,"column":13}},"line":8},"1":{"name":"(anonymous_1)","decl":{"start":{"line":15,"column":12},"end":{"line":15,"column":13}},"loc":{"start":{"line":15,"column":29},"end":{"line":17,"column":13}},"line":15}},"branchMap":{"0":{"loc":{"start":{"line":3,"column":4},"end":{"line":24,"column":5}},"type":"if","locations":[{"start":{"line":3,"column":4},"end":{"line":24,"column":5}},{"start":{"line":19,"column":11},"end":{"line":24,"column":5}}],"line":3},"1":{"loc":{"start":{"line":3,"column":8},"end":{"line":3,"column":44}},"type":"binary-expr","locations":[{"start":{"line":3,"column":8},"end":{"line":3,"column":34}},{"start":{"line":3,"column":38},"end":{"line":3,"column":44}}],"line":3},"2":{"loc":{"start":{"line":9,"column":16},"end":{"line":11,"column":17}},"type":"if","locations":[{"start":{"line":9,"column":16},"end":{"line":11,"column":17}},{"start":{},"end":{}}],"line":9}},"s":{"0":7,"1":7,"2":7,"3":7,"4":0,"5":0,"6":0,"7":0,"8":0,"9":0},"f":{"0":0,"1":0},"b":{"0":[7,0],"1":[7,7],"2":[0,0]},"_coverageSchema":"1a1c01bbd47fc00a2c39e90264f33305004495a9","hash":"ca19ac0a728aa4f6d90d29f7163ba214592a7b2b"}
,"C:\\Users\\SOLAR\\YandexDisk\\Cloud projects\\comics-shop\\src\\components\\UI\\Error\\Error.tsx": {"path":"C:\\Users\\SOLAR\\YandexDisk\\Cloud projects\\comics-shop\\src\\components\\UI\\Error\\Error.tsx","statementMap":{"0":{"start":{"line":1,"column":0},"end":{"line":1,"column":40}},"1":{"start":{"line":6,"column":14},"end":{"line":13,"column":1}},"2":{"start":{"line":7,"column":2},"end":{"line":12,"column":null}},"3":{"start":{"line":15,"column":0},"end":{"line":15,"column":null}}},"fnMap":{"0":{"name":"(anonymous_0)","decl":{"start":{"line":6,"column":14},"end":{"line":6,"column":15}},"loc":{"start":{"line":6,"column":41},"end":{"line":13,"column":1}}}},"branchMap":{},"s":{"0":7,"1":7,"2":0,"3":7},"f":{"0":0},"b":{}}
,"C:\\Users\\SOLAR\\YandexDisk\\Cloud projects\\comics-shop\\src\\components\\UI\\FavoriteButton\\FavoriteButton.module.scss": {"path":"C:\\Users\\SOLAR\\YandexDisk\\Cloud projects\\comics-shop\\src\\components\\UI\\FavoriteButton\\FavoriteButton.module.scss","statementMap":{"0":{"start":{"line":1,"column":13},"end":{"line":1,"column":50}},"1":{"start":{"line":3,"column":4},"end":{"line":24,"column":5}},"2":{"start":{"line":4,"column":8},"end":{"line":6,"column":11}},"3":{"start":{"line":7,"column":8},"end":{"line":18,"column":11}},"4":{"start":{"line":9,"column":16},"end":{"line":11,"column":17}},"5":{"start":{"line":10,"column":20},"end":{"line":10,"column":34}},"6":{"start":{"line":12,"column":16},"end":{"line":12,"column":36}},"7":{"start":{"line":16,"column":16},"end":{"line":16,"column":30}},"8":{"start":{"line":20,"column":8},"end":{"line":22,"column":11}},"9":{"start":{"line":23,"column":8},"end":{"line":23,"column":31}}},"fnMap":{"0":{"name":"(anonymous_0)","decl":{"start":{"line":8,"column":12},"end":{"line":8,"column":13}},"loc":{"start":{"line":8,"column":30},"end":{"line":13,"column":13}},"line":8},"1":{"name":"(anonymous_1)","decl":{"start":{"line":15,"column":12},"end":{"line":15,"column":13}},"loc":{"start":{"line":15,"column":29},"end":{"line":17,"column":13}},"line":15}},"branchMap":{"0":{"loc":{"start":{"line":3,"column":4},"end":{"line":24,"column":5}},"type":"if","locations":[{"start":{"line":3,"column":4},"end":{"line":24,"column":5}},{"start":{"line":19,"column":11},"end":{"line":24,"column":5}}],"line":3},"1":{"loc":{"start":{"line":3,"column":8},"end":{"line":3,"column":44}},"type":"binary-expr","locations":[{"start":{"line":3,"column":8},"end":{"line":3,"column":34}},{"start":{"line":3,"column":38},"end":{"line":3,"column":44}}],"line":3},"2":{"loc":{"start":{"line":9,"column":16},"end":{"line":11,"column":17}},"type":"if","locations":[{"start":{"line":9,"column":16},"end":{"line":11,"column":17}},{"start":{},"end":{}}],"line":9}},"s":{"0":7,"1":7,"2":7,"3":7,"4":17,"5":17,"6":0,"7":0,"8":0,"9":0},"f":{"0":17,"1":0},"b":{"0":[7,0],"1":[7,7],"2":[17,0]},"_coverageSchema":"1a1c01bbd47fc00a2c39e90264f33305004495a9","hash":"d55652ed170c7e997f6820a225e0cc9c82152c6c"}
,"C:\\Users\\SOLAR\\YandexDisk\\Cloud projects\\comics-shop\\src\\components\\UI\\FavoriteButton\\FavoriteButton.tsx": {"path":"C:\\Users\\SOLAR\\YandexDisk\\Cloud projects\\comics-shop\\src\\components\\UI\\FavoriteButton\\FavoriteButton.tsx","statementMap":{"0":{"start":{"line":2,"column":0},"end":{"line":2,"column":49}},"1":{"start":{"line":8,"column":23},"end":{"line":40,"column":1}},"2":{"start":{"line":14,"column":18},"end":{"line":14,"column":61}},"3":{"start":{"line":16,"column":2},"end":{"line":39,"column":null}},"4":{"start":{"line":42,"column":0},"end":{"line":42,"column":null}}},"fnMap":{"0":{"name":"(anonymous_0)","decl":{"start":{"line":8,"column":23},"end":{"line":8,"column":24}},"loc":{"start":{"line":13,"column":27},"end":{"line":40,"column":1}}}},"branchMap":{"0":{"loc":{"start":{"line":19,"column":18},"end":{"line":19,"column":73}},"type":"cond-expr","locations":[{"start":{"line":19,"column":31},"end":{"line":19,"column":53}},{"start":{"line":19,"column":56},"end":{"line":19,"column":73}}]},"1":{"loc":{"start":{"line":34,"column":23},"end":{"line":34,"column":41}},"type":"cond-expr","locations":[{"start":{"line":34,"column":36},"end":{"line":34,"column":37}},{"start":{"line":34,"column":40},"end":{"line":34,"column":41}}]}},"s":{"0":7,"1":7,"2":17,"3":17,"4":7},"f":{"0":17},"b":{"0":[2,15],"1":[2,15]}}
,"C:\\Users\\SOLAR\\YandexDisk\\Cloud projects\\comics-shop\\src\\components\\UI\\Input\\Input.module.scss": {"path":"C:\\Users\\SOLAR\\YandexDisk\\Cloud projects\\comics-shop\\src\\components\\UI\\Input\\Input.module.scss","statementMap":{"0":{"start":{"line":1,"column":13},"end":{"line":1,"column":30}},"1":{"start":{"line":3,"column":4},"end":{"line":24,"column":5}},"2":{"start":{"line":4,"column":8},"end":{"line":6,"column":11}},"3":{"start":{"line":7,"column":8},"end":{"line":18,"column":11}},"4":{"start":{"line":9,"column":16},"end":{"line":11,"column":17}},"5":{"start":{"line":10,"column":20},"end":{"line":10,"column":34}},"6":{"start":{"line":12,"column":16},"end":{"line":12,"column":36}},"7":{"start":{"line":16,"column":16},"end":{"line":16,"column":30}},"8":{"start":{"line":20,"column":8},"end":{"line":22,"column":11}},"9":{"start":{"line":23,"column":8},"end":{"line":23,"column":31}}},"fnMap":{"0":{"name":"(anonymous_0)","decl":{"start":{"line":8,"column":12},"end":{"line":8,"column":13}},"loc":{"start":{"line":8,"column":30},"end":{"line":13,"column":13}},"line":8},"1":{"name":"(anonymous_1)","decl":{"start":{"line":15,"column":12},"end":{"line":15,"column":13}},"loc":{"start":{"line":15,"column":29},"end":{"line":17,"column":13}},"line":15}},"branchMap":{"0":{"loc":{"start":{"line":3,"column":4},"end":{"line":24,"column":5}},"type":"if","locations":[{"start":{"line":3,"column":4},"end":{"line":24,"column":5}},{"start":{"line":19,"column":11},"end":{"line":24,"column":5}}],"line":3},"1":{"loc":{"start":{"line":3,"column":8},"end":{"line":3,"column":44}},"type":"binary-expr","locations":[{"start":{"line":3,"column":8},"end":{"line":3,"column":34}},{"start":{"line":3,"column":38},"end":{"line":3,"column":44}}],"line":3},"2":{"loc":{"start":{"line":9,"column":16},"end":{"line":11,"column":17}},"type":"if","locations":[{"start":{"line":9,"column":16},"end":{"line":11,"column":17}},{"start":{},"end":{}}],"line":9}},"s":{"0":9,"1":9,"2":9,"3":9,"4":11,"5":11,"6":0,"7":0,"8":0,"9":0},"f":{"0":11,"1":0},"b":{"0":[9,0],"1":[9,9],"2":[11,0]},"_coverageSchema":"1a1c01bbd47fc00a2c39e90264f33305004495a9","hash":"1533f01e68bbac341166456c6869714a9d6ac04b"}
,"C:\\Users\\SOLAR\\YandexDisk\\Cloud projects\\comics-shop\\src\\components\\UI\\Input\\Input.tsx": {"path":"C:\\Users\\SOLAR\\YandexDisk\\Cloud projects\\comics-shop\\src\\components\\UI\\Input\\Input.tsx","statementMap":{"0":{"start":{"line":1,"column":0},"end":{"line":1,"column":79}},"1":{"start":{"line":2,"column":0},"end":{"line":2,"column":40}},"2":{"start":{"line":6,"column":14},"end":{"line":14,"column":null}},"3":{"start":{"line":8,"column":21},"end":{"line":8,"column":51}},"4":{"start":{"line":9,"column":4},"end":{"line":9,"column":null}},"5":{"start":{"line":9,"column":35},"end":{"line":9,"column":52}},"6":{"start":{"line":11,"column":20},"end":{"line":11,"column":50}},"7":{"start":{"line":13,"column":4},"end":{"line":13,"column":null}},"8":{"start":{"line":17,"column":0},"end":{"line":17,"column":null}}},"fnMap":{"0":{"name":"(anonymous_0)","decl":{"start":{"line":7,"column":2},"end":{"line":7,"column":3}},"loc":{"start":{"line":7,"column":35},"end":{"line":14,"column":3}}},"1":{"name":"(anonymous_1)","decl":{"start":{"line":9,"column":29},"end":{"line":9,"column":32}},"loc":{"start":{"line":9,"column":35},"end":{"line":9,"column":52}}}},"branchMap":{},"s":{"0":9,"1":9,"2":9,"3":11,"4":11,"5":0,"6":11,"7":11,"8":9},"f":{"0":11,"1":0},"b":{}}
,"C:\\Users\\SOLAR\\YandexDisk\\Cloud projects\\comics-shop\\src\\components\\UI\\Loader\\Loader.module.scss": {"path":"C:\\Users\\SOLAR\\YandexDisk\\Cloud projects\\comics-shop\\src\\components\\UI\\Loader\\Loader.module.scss","statementMap":{"0":{"start":{"line":1,"column":13},"end":{"line":1,"column":32}},"1":{"start":{"line":3,"column":4},"end":{"line":24,"column":5}},"2":{"start":{"line":4,"column":8},"end":{"line":6,"column":11}},"3":{"start":{"line":7,"column":8},"end":{"line":18,"column":11}},"4":{"start":{"line":9,"column":16},"end":{"line":11,"column":17}},"5":{"start":{"line":10,"column":20},"end":{"line":10,"column":34}},"6":{"start":{"line":12,"column":16},"end":{"line":12,"column":36}},"7":{"start":{"line":16,"column":16},"end":{"line":16,"column":30}},"8":{"start":{"line":20,"column":8},"end":{"line":22,"column":11}},"9":{"start":{"line":23,"column":8},"end":{"line":23,"column":31}}},"fnMap":{"0":{"name":"(anonymous_0)","decl":{"start":{"line":8,"column":12},"end":{"line":8,"column":13}},"loc":{"start":{"line":8,"column":30},"end":{"line":13,"column":13}},"line":8},"1":{"name":"(anonymous_1)","decl":{"start":{"line":15,"column":12},"end":{"line":15,"column":13}},"loc":{"start":{"line":15,"column":29},"end":{"line":17,"column":13}},"line":15}},"branchMap":{"0":{"loc":{"start":{"line":3,"column":4},"end":{"line":24,"column":5}},"type":"if","locations":[{"start":{"line":3,"column":4},"end":{"line":24,"column":5}},{"start":{"line":19,"column":11},"end":{"line":24,"column":5}}],"line":3},"1":{"loc":{"start":{"line":3,"column":8},"end":{"line":3,"column":44}},"type":"binary-expr","locations":[{"start":{"line":3,"column":8},"end":{"line":3,"column":34}},{"start":{"line":3,"column":38},"end":{"line":3,"column":44}}],"line":3},"2":{"loc":{"start":{"line":9,"column":16},"end":{"line":11,"column":17}},"type":"if","locations":[{"start":{"line":9,"column":16},"end":{"line":11,"column":17}},{"start":{},"end":{}}],"line":9}},"s":{"0":7,"1":7,"2":7,"3":7,"4":3,"5":3,"6":0,"7":0,"8":0,"9":0},"f":{"0":3,"1":0},"b":{"0":[7,0],"1":[7,7],"2":[3,0]},"_coverageSchema":"1a1c01bbd47fc00a2c39e90264f33305004495a9","hash":"af3ddb4231eec2d32a89754a039a799e6503bb47"}
,"C:\\Users\\SOLAR\\YandexDisk\\Cloud projects\\comics-shop\\src\\components\\UI\\Loader\\Loader.tsx": {"path":"C:\\Users\\SOLAR\\YandexDisk\\Cloud projects\\comics-shop\\src\\components\\UI\\Loader\\Loader.tsx","statementMap":{"0":{"start":{"line":1,"column":0},"end":{"line":1,"column":41}},"1":{"start":{"line":3,"column":15},"end":{"line":14,"column":1}},"2":{"start":{"line":4,"column":2},"end":{"line":13,"column":null}},"3":{"start":{"line":16,"column":0},"end":{"line":16,"column":null}}},"fnMap":{"0":{"name":"(anonymous_0)","decl":{"start":{"line":3,"column":15},"end":{"line":3,"column":18}},"loc":{"start":{"line":3,"column":20},"end":{"line":14,"column":1}}}},"branchMap":{},"s":{"0":7,"1":7,"2":3,"3":7},"f":{"0":3},"b":{}}
,"C:\\Users\\SOLAR\\YandexDisk\\Cloud projects\\comics-shop\\src\\components\\UI\\NextButton\\NextButton.module.scss": {"path":"C:\\Users\\SOLAR\\YandexDisk\\Cloud projects\\comics-shop\\src\\components\\UI\\NextButton\\NextButton.module.scss","statementMap":{"0":{"start":{"line":1,"column":13},"end":{"line":1,"column":94}},"1":{"start":{"line":3,"column":4},"end":{"line":24,"column":5}},"2":{"start":{"line":4,"column":8},"end":{"line":6,"column":11}},"3":{"start":{"line":7,"column":8},"end":{"line":18,"column":11}},"4":{"start":{"line":9,"column":16},"end":{"line":11,"column":17}},"5":{"start":{"line":10,"column":20},"end":{"line":10,"column":34}},"6":{"start":{"line":12,"column":16},"end":{"line":12,"column":36}},"7":{"start":{"line":16,"column":16},"end":{"line":16,"column":30}},"8":{"start":{"line":20,"column":8},"end":{"line":22,"column":11}},"9":{"start":{"line":23,"column":8},"end":{"line":23,"column":31}}},"fnMap":{"0":{"name":"(anonymous_0)","decl":{"start":{"line":8,"column":12},"end":{"line":8,"column":13}},"loc":{"start":{"line":8,"column":30},"end":{"line":13,"column":13}},"line":8},"1":{"name":"(anonymous_1)","decl":{"start":{"line":15,"column":12},"end":{"line":15,"column":13}},"loc":{"start":{"line":15,"column":29},"end":{"line":17,"column":13}},"line":15}},"branchMap":{"0":{"loc":{"start":{"line":3,"column":4},"end":{"line":24,"column":5}},"type":"if","locations":[{"start":{"line":3,"column":4},"end":{"line":24,"column":5}},{"start":{"line":19,"column":11},"end":{"line":24,"column":5}}],"line":3},"1":{"loc":{"start":{"line":3,"column":8},"end":{"line":3,"column":44}},"type":"binary-expr","locations":[{"start":{"line":3,"column":8},"end":{"line":3,"column":34}},{"start":{"line":3,"column":38},"end":{"line":3,"column":44}}],"line":3},"2":{"loc":{"start":{"line":9,"column":16},"end":{"line":11,"column":17}},"type":"if","locations":[{"start":{"line":9,"column":16},"end":{"line":11,"column":17}},{"start":{},"end":{}}],"line":9}},"s":{"0":7,"1":7,"2":7,"3":7,"4":56,"5":56,"6":0,"7":0,"8":0,"9":0},"f":{"0":56,"1":0},"b":{"0":[7,0],"1":[7,7],"2":[56,0]},"_coverageSchema":"1a1c01bbd47fc00a2c39e90264f33305004495a9","hash":"e0af3ef400004b4a06af81092c5eb68eafb165db"}
,"C:\\Users\\SOLAR\\YandexDisk\\Cloud projects\\comics-shop\\src\\components\\UI\\NextButton\\NextButton.tsx": {"path":"C:\\Users\\SOLAR\\YandexDisk\\Cloud projects\\comics-shop\\src\\components\\UI\\NextButton\\NextButton.tsx","statementMap":{"0":{"start":{"line":2,"column":0},"end":{"line":2,"column":45}},"1":{"start":{"line":8,"column":19},"end":{"line":20,"column":1}},"2":{"start":{"line":13,"column":18},"end":{"line":13,"column":57}},"3":{"start":{"line":15,"column":2},"end":{"line":19,"column":null}},"4":{"start":{"line":22,"column":0},"end":{"line":22,"column":null}}},"fnMap":{"0":{"name":"(anonymous_0)","decl":{"start":{"line":8,"column":19},"end":{"line":8,"column":20}},"loc":{"start":{"line":12,"column":23},"end":{"line":20,"column":1}}}},"branchMap":{},"s":{"0":7,"1":7,"2":28,"3":28,"4":7},"f":{"0":28},"b":{}}
,"C:\\Users\\SOLAR\\YandexDisk\\Cloud projects\\comics-shop\\src\\components\\UI\\PrevButton\\PrevButton.module.scss": {"path":"C:\\Users\\SOLAR\\YandexDisk\\Cloud projects\\comics-shop\\src\\components\\UI\\PrevButton\\PrevButton.module.scss","statementMap":{"0":{"start":{"line":1,"column":13},"end":{"line":1,"column":94}},"1":{"start":{"line":3,"column":4},"end":{"line":24,"column":5}},"2":{"start":{"line":4,"column":8},"end":{"line":6,"column":11}},"3":{"start":{"line":7,"column":8},"end":{"line":18,"column":11}},"4":{"start":{"line":9,"column":16},"end":{"line":11,"column":17}},"5":{"start":{"line":10,"column":20},"end":{"line":10,"column":34}},"6":{"start":{"line":12,"column":16},"end":{"line":12,"column":36}},"7":{"start":{"line":16,"column":16},"end":{"line":16,"column":30}},"8":{"start":{"line":20,"column":8},"end":{"line":22,"column":11}},"9":{"start":{"line":23,"column":8},"end":{"line":23,"column":31}}},"fnMap":{"0":{"name":"(anonymous_0)","decl":{"start":{"line":8,"column":12},"end":{"line":8,"column":13}},"loc":{"start":{"line":8,"column":30},"end":{"line":13,"column":13}},"line":8},"1":{"name":"(anonymous_1)","decl":{"start":{"line":15,"column":12},"end":{"line":15,"column":13}},"loc":{"start":{"line":15,"column":29},"end":{"line":17,"column":13}},"line":15}},"branchMap":{"0":{"loc":{"start":{"line":3,"column":4},"end":{"line":24,"column":5}},"type":"if","locations":[{"start":{"line":3,"column":4},"end":{"line":24,"column":5}},{"start":{"line":19,"column":11},"end":{"line":24,"column":5}}],"line":3},"1":{"loc":{"start":{"line":3,"column":8},"end":{"line":3,"column":44}},"type":"binary-expr","locations":[{"start":{"line":3,"column":8},"end":{"line":3,"column":34}},{"start":{"line":3,"column":38},"end":{"line":3,"column":44}}],"line":3},"2":{"loc":{"start":{"line":9,"column":16},"end":{"line":11,"column":17}},"type":"if","locations":[{"start":{"line":9,"column":16},"end":{"line":11,"column":17}},{"start":{},"end":{}}],"line":9}},"s":{"0":7,"1":7,"2":7,"3":7,"4":56,"5":56,"6":0,"7":0,"8":0,"9":0},"f":{"0":56,"1":0},"b":{"0":[7,0],"1":[7,7],"2":[56,0]},"_coverageSchema":"1a1c01bbd47fc00a2c39e90264f33305004495a9","hash":"a3b6455978e3a2dc48bc3be696de2a846d809521"}
,"C:\\Users\\SOLAR\\YandexDisk\\Cloud projects\\comics-shop\\src\\components\\UI\\PrevButton\\PrevButton.tsx": {"path":"C:\\Users\\SOLAR\\YandexDisk\\Cloud projects\\comics-shop\\src\\components\\UI\\PrevButton\\PrevButton.tsx","statementMap":{"0":{"start":{"line":2,"column":0},"end":{"line":2,"column":45}},"1":{"start":{"line":8,"column":19},"end":{"line":20,"column":1}},"2":{"start":{"line":13,"column":18},"end":{"line":13,"column":57}},"3":{"start":{"line":15,"column":2},"end":{"line":19,"column":null}},"4":{"start":{"line":22,"column":0},"end":{"line":22,"column":null}}},"fnMap":{"0":{"name":"(anonymous_0)","decl":{"start":{"line":8,"column":19},"end":{"line":8,"column":20}},"loc":{"start":{"line":12,"column":23},"end":{"line":20,"column":1}}}},"branchMap":{},"s":{"0":7,"1":7,"2":28,"3":28,"4":7},"f":{"0":28},"b":{}}
,"C:\\Users\\SOLAR\\YandexDisk\\Cloud projects\\comics-shop\\src\\components\\UI\\Select\\Select.module.scss": {"path":"C:\\Users\\SOLAR\\YandexDisk\\Cloud projects\\comics-shop\\src\\components\\UI\\Select\\Select.module.scss","statementMap":{"0":{"start":{"line":1,"column":13},"end":{"line":1,"column":66}},"1":{"start":{"line":3,"column":4},"end":{"line":24,"column":5}},"2":{"start":{"line":4,"column":8},"end":{"line":6,"column":11}},"3":{"start":{"line":7,"column":8},"end":{"line":18,"column":11}},"4":{"start":{"line":9,"column":16},"end":{"line":11,"column":17}},"5":{"start":{"line":10,"column":20},"end":{"line":10,"column":34}},"6":{"start":{"line":12,"column":16},"end":{"line":12,"column":36}},"7":{"start":{"line":16,"column":16},"end":{"line":16,"column":30}},"8":{"start":{"line":20,"column":8},"end":{"line":22,"column":11}},"9":{"start":{"line":23,"column":8},"end":{"line":23,"column":31}}},"fnMap":{"0":{"name":"(anonymous_0)","decl":{"start":{"line":8,"column":12},"end":{"line":8,"column":13}},"loc":{"start":{"line":8,"column":30},"end":{"line":13,"column":13}},"line":8},"1":{"name":"(anonymous_1)","decl":{"start":{"line":15,"column":12},"end":{"line":15,"column":13}},"loc":{"start":{"line":15,"column":29},"end":{"line":17,"column":13}},"line":15}},"branchMap":{"0":{"loc":{"start":{"line":3,"column":4},"end":{"line":24,"column":5}},"type":"if","locations":[{"start":{"line":3,"column":4},"end":{"line":24,"column":5}},{"start":{"line":19,"column":11},"end":{"line":24,"column":5}}],"line":3},"1":{"loc":{"start":{"line":3,"column":8},"end":{"line":3,"column":44}},"type":"binary-expr","locations":[{"start":{"line":3,"column":8},"end":{"line":3,"column":34}},{"start":{"line":3,"column":38},"end":{"line":3,"column":44}}],"line":3},"2":{"loc":{"start":{"line":9,"column":16},"end":{"line":11,"column":17}},"type":"if","locations":[{"start":{"line":9,"column":16},"end":{"line":11,"column":17}},{"start":{},"end":{}}],"line":9}},"s":{"0":9,"1":9,"2":9,"3":9,"4":56,"5":56,"6":0,"7":0,"8":0,"9":0},"f":{"0":56,"1":0},"b":{"0":[9,0],"1":[9,9],"2":[56,0]},"_coverageSchema":"1a1c01bbd47fc00a2c39e90264f33305004495a9","hash":"d9c59ce4f58e7bbfe8668959a49217408ceac398"}
[...]
,"C:\\Users\\SOLAR\\YandexDisk\\Cloud projects\\comics-shop\\src\\pages\\Page404\\Page404.module.scss": {"path":"C:\\Users\\SOLAR\\YandexDisk\\Cloud projects\\comics-shop\\src\\pages\\Page404\\Page404.module.scss","statementMap":{"0":{"start":{"line":1,"column":13},"end":{"line":1,"column":68}},"1":{"start":{"line":3,"column":4},"end":{"line":24,"column":5}},"2":{"start":{"line":4,"column":8},"end":{"line":6,"column":11}},"3":{"start":{"line":7,"column":8},"end":{"line":18,"column":11}},"4":{"start":{"line":9,"column":16},"end":{"line":11,"column":17}},"5":{"start":{"line":10,"column":20},"end":{"line":10,"column":34}},"6":{"start":{"line":12,"column":16},"end":{"line":12,"column":36}},"7":{"start":{"line":16,"column":16},"end":{"line":16,"column":30}},"8":{"start":{"line":20,"column":8},"end":{"line":22,"column":11}},"9":{"start":{"line":23,"column":8},"end":{"line":23,"column":31}}},"fnMap":{"0":{"name":"(anonymous_0)","decl":{"start":{"line":8,"column":12},"end":{"line":8,"column":13}},"loc":{"start":{"line":8,"column":30},"end":{"line":13,"column":13}},"line":8},"1":{"name":"(anonymous_1)","decl":{"start":{"line":15,"column":12},"end":{"line":15,"column":13}},"loc":{"start":{"line":15,"column":29},"end":{"line":17,"column":13}},"line":15}},"branchMap":{"0":{"loc":{"start":{"line":3,"column":4},"end":{"line":24,"column":5}},"type":"if","locations":[{"start":{"line":3,"column":4},"end":{"line":24,"column":5}},{"start":{"line":19,"column":11},"end":{"line":24,"column":5}}],"line":3},"1":{"loc":{"start":{"line":3,"column":8},"end":{"line":3,"column":44}},"type":"binary-expr","locations":[{"start":{"line":3,"column":8},"end":{"line":3,"column":34}},{"start":{"line":3,"column":38},"end":{"line":3,"column":44}}],"line":3},"2":{"loc":{"start":{"line":9,"column":16},"end":{"line":11,"column":17}},"type":"if","locations":[{"start":{"line":9,"column":16},"end":{"line":11,"column":17}},{"start":{},"end":{}}],"line":9}},"s":{"0":7,"1":7,"2":7,"3":7,"4":8,"5":8,"6":0,"7":0,"8":0,"9":0},"f":{"0":8,"1":0},"b":{"0":[7,0],"1":[7,7],"2":[8,0]},"_coverageSchema":"1a1c01bbd47fc00a2c39e90264f33305004495a9","hash":"33e2041fbc69939b10a2e8b1fe90b4a63708bd01"}
,"C:\\Users\\SOLAR\\YandexDisk\\Cloud projects\\comics-shop\\src\\pages\\Page404\\Page404.tsx": {"path":"C:\\Users\\SOLAR\\YandexDisk\\Cloud projects\\comics-shop\\src\\pages\\Page404\\Page404.tsx","statementMap":{"0":{"start":{"line":1,"column":0},"end":{"line":1,"column":48}},"1":{"start":{"line":2,"column":0},"end":{"line":2,"column":42}},"2":{"start":{"line":4,"column":16},"end":{"line":15,"column":1}},"3":{"start":{"line":5,"column":2},"end":{"line":14,"column":null}},"4":{"start":{"line":17,"column":0},"end":{"line":17,"column":null}}},"fnMap":{"0":{"name":"(anonymous_0)","decl":{"start":{"line":4,"column":16},"end":{"line":4,"column":19}},"loc":{"start":{"line":4,"column":21},"end":{"line":15,"column":1}}}},"branchMap":{},"s":{"0":7,"1":7,"2":7,"3":4,"4":7},"f":{"0":4},"b":{}}
,"C:\\Users\\SOLAR\\YandexDisk\\Cloud projects\\comics-shop\\src\\router\\AppRouter.tsx": {"path":"C:\\Users\\SOLAR\\YandexDisk\\Cloud projects\\comics-shop\\src\\router\\AppRouter.tsx","statementMap":{"0":{"start":{"line":1,"column":0},"end":{"line":1,"column":48}},"1":{"start":{"line":2,"column":0},"end":{"line":2,"column":32}},"2":{"start":{"line":3,"column":0},"end":{"line":3,"column":55}},"3":{"start":{"line":4,"column":0},"end":{"line":4,"column":81}},"4":{"start":{"line":5,"column":0},"end":{"line":5,"column":43}},"5":{"start":{"line":6,"column":0},"end":{"line":6,"column":74}},"6":{"start":{"line":7,"column":0},"end":{"line":7,"column":65}},"7":{"start":{"line":8,"column":0},"end":{"line":8,"column":32}},"8":{"start":{"line":9,"column":0},"end":{"line":9,"column":48}},"9":{"start":{"line":10,"column":0},"end":{"line":10,"column":46}},"10":{"start":{"line":12,"column":18},"end":{"line":26,"column":1}},"11":{"start":{"line":13,"column":2},"end":{"line":25,"column":null}},"12":{"start":{"line":28,"column":0},"end":{"line":28,"column":null}}},"fnMap":{"0":{"name":"(anonymous_0)","decl":{"start":{"line":12,"column":18},"end":{"line":12,"column":21}},"loc":{"start":{"line":12,"column":23},"end":{"line":26,"column":1}}}},"branchMap":{},"s":{"0":7,"1":7,"2":7,"3":7,"4":7,"5":7,"6":7,"7":7,"8":7,"9":7,"10":7,"11":24,"12":7},"f":{"0":24},"b":{}}
,"C:\\Users\\SOLAR\\YandexDisk\\Cloud projects\\comics-shop\\src\\services\\ComicsService.ts": {"path":"C:\\Users\\SOLAR\\YandexDisk\\Cloud projects\\comics-shop\\src\\services\\ComicsService.ts","statementMap":{"0":{"start":{"line":1,"column":0},"end":{"line":1,"column":25}},"1":{"start":{"line":9,"column":19},"end":{"line":9,"column":58}},"2":{"start":{"line":17,"column":21},"end":{"line":25,"column":6}},"3":{"start":{"line":27,"column":4},"end":{"line":27,"column":null}},"4":{"start":{"line":30,"column":21},"end":{"line":37,"column":null}},"5":{"start":{"line":39,"column":4},"end":{"line":39,"column":null}},"6":{"start":{"line":43,"column":21},"end":{"line":53,"column":null}},"7":{"start":{"line":55,"column":4},"end":{"line":55,"column":null}},"8":{"start":{"line":58,"column":21},"end":{"line":65,"column":null}},"9":{"start":{"line":67,"column":4},"end":{"line":67,"column":null}},"10":{"start":{"line":75,"column":21},"end":{"line":85,"column":null}},"11":{"start":{"line":87,"column":4},"end":{"line":87,"column":null}},"12":{"start":{"line":91,"column":21},"end":{"line":100,"column":null}},"13":{"start":{"line":102,"column":4},"end":{"line":102,"column":null}},"14":{"start":{"line":11,"column":0},"end":{"line":11,"column":21}}},"fnMap":{"0":{"name":"(anonymous_0)","decl":{"start":{"line":12,"column":2},"end":{"line":12,"column":8}},"loc":{"start":{"line":15,"column":34},"end":{"line":28,"column":3}}},"1":{"name":"(anonymous_1)","decl":{"start":{"line":29,"column":2},"end":{"line":29,"column":8}},"loc":{"start":{"line":29,"column":43},"end":{"line":40,"column":3}}},"2":{"name":"(anonymous_2)","decl":{"start":{"line":42,"column":2},"end":{"line":42,"column":8}},"loc":{"start":{"line":42,"column":54},"end":{"line":56,"column":3}}},"3":{"name":"(anonymous_3)","decl":{"start":{"line":57,"column":2},"end":{"line":57,"column":8}},"loc":{"start":{"line":57,"column":51},"end":{"line":68,"column":3}}},"4":{"name":"(anonymous_4)","decl":{"start":{"line":70,"column":2},"end":{"line":70,"column":8}},"loc":{"start":{"line":73,"column":39},"end":{"line":88,"column":3}}},"5":{"name":"(anonymous_5)","decl":{"start":{"line":90,"column":2},"end":{"line":90,"column":8}},"loc":{"start":{"line":90,"column":58},"end":{"line":103,"column":3}}}},"branchMap":{"0":{"loc":{"start":{"line":13,"column":4},"end":{"line":13,"column":14}},"type":"default-arg","locations":[{"start":{"line":13,"column":12},"end":{"line":13,"column":14}}]},"1":{"loc":{"start":{"line":14,"column":4},"end":{"line":14,"column":14}},"type":"default-arg","locations":[{"start":{"line":14,"column":13},"end":{"line":14,"column":14}}]},"2":{"loc":{"start":{"line":15,"column":4},"end":{"line":15,"column":34}},"type":"default-arg","locations":[{"start":{"line":15,"column":24},"end":{"line":15,"column":34}}]},"3":{"loc":{"start":{"line":71,"column":4},"end":{"line":71,"column":14}},"type":"default-arg","locations":[{"start":{"line":71,"column":12},"end":{"line":71,"column":14}}]},"4":{"loc":{"start":{"line":72,"column":4},"end":{"line":72,"column":14}},"type":"default-arg","locations":[{"start":{"line":72,"column":13},"end":{"line":72,"column":14}}]},"5":{"loc":{"start":{"line":73,"column":4},"end":{"line":73,"column":39}},"type":"default-arg","locations":[{"start":{"line":73,"column":33},"end":{"line":73,"column":39}}]}},"s":{"0":7,"1":7,"2":1,"3":0,"4":1,"5":0,"6":0,"7":0,"8":0,"9":0,"10":1,"11":0,"12":0,"13":0,"14":7},"f":{"0":1,"1":1,"2":0,"3":0,"4":1,"5":0},"b":{"0":[0],"1":[0],"2":[0],"3":[0],"4":[0],"5":[0]}}
,"C:\\Users\\SOLAR\\YandexDisk\\Cloud projects\\comics-shop\\src\\test\\helpers\\renderWithRouter.tsx": {"path":"C:\\Users\\SOLAR\\YandexDisk\\Cloud projects\\comics-shop\\src\\test\\helpers\\renderWithRouter.tsx","statementMap":{"0":{"start":{"line":1,"column":0},"end":{"line":1,"column":47}},"1":{"start":{"line":2,"column":0},"end":{"line":2,"column":47}},"2":{"start":{"line":3,"column":0},"end":{"line":3,"column":46}},"3":{"start":{"line":9,"column":2},"end":{"line":14,"column":null}},"4":{"start":{"line":5,"column":0},"end":{"line":5,"column":24}}},"fnMap":{"0":{"name":"renderWithRouter","decl":{"start":{"line":5,"column":24},"end":{"line":5,"column":40}},"loc":{"start":{"line":7,"column":28},"end":{"line":15,"column":1}}}},"branchMap":{"0":{"loc":{"start":{"line":7,"column":2},"end":{"line":7,"column":28}},"type":"default-arg","locations":[{"start":{"line":7,"column":25},"end":{"line":7,"column":28}}]}},"s":{"0":7,"1":7,"2":7,"3":24,"4":7},"f":{"0":24},"b":{"0":[20]}}
,"C:\\Users\\SOLAR\\YandexDisk\\Cloud projects\\comics-shop\\src\\utils\\getErrorMessage.ts": {"path":"C:\\Users\\SOLAR\\YandexDisk\\Cloud projects\\comics-shop\\src\\utils\\getErrorMessage.ts","statementMap":{"0":{"start":{"line":1,"column":0},"end":{"line":1,"column":25}},"1":{"start":{"line":3,"column":31},"end":{"line":9,"column":1}},"2":{"start":{"line":4,"column":2},"end":{"line":5,"column":null}},"3":{"start":{"line":5,"column":4},"end":{"line":5,"column":null}},"4":{"start":{"line":7,"column":2},"end":{"line":7,"column":null}},"5":{"start":{"line":7,"column":30},"end":{"line":7,"column":null}},"6":{"start":{"line":8,"column":2},"end":{"line":8,"column":null}},"7":{"start":{"line":3,"column":13},"end":{"line":3,"column":31}}},"fnMap":{"0":{"name":"(anonymous_0)","decl":{"start":{"line":3,"column":31},"end":{"line":3,"column":32}},"loc":{"start":{"line":3,"column":58},"end":{"line":9,"column":1}}}},"branchMap":{"0":{"loc":{"start":{"line":4,"column":2},"end":{"line":5,"column":null}},"type":"if","locations":[{"start":{"line":4,"column":2},"end":{"line":5,"column":null}}]},"1":{"loc":{"start":{"line":4,"column":6},"end":{"line":4,"column":49}},"type":"binary-expr","locations":[{"start":{"line":4,"column":6},"end":{"line":4,"column":31}},{"start":{"line":4,"column":35},"end":{"line":4,"column":49}}]},"2":{"loc":{"start":{"line":7,"column":2},"end":{"line":7,"column":null}},"type":"if","locations":[{"start":{"line":7,"column":2},"end":{"line":7,"column":null}}]}},"s":{"0":8,"1":8,"2":0,"3":0,"4":0,"5":0,"6":0,"7":8},"f":{"0":0},"b":{"0":[0],"1":[0,0],"2":[0]}}
,"C:\\Users\\SOLAR\\YandexDisk\\Cloud projects\\comics-shop\\src\\utils\\navigateToNextAndPrevById.ts": {"path":"C:\\Users\\SOLAR\\YandexDisk\\Cloud projects\\comics-shop\\src\\utils\\navigateToNextAndPrevById.ts","statementMap":{"0":{"start":{"line":1,"column":41},"end":{"line":14,"column":1}},"1":{"start":{"line":4,"column":22},"end":{"line":4,"column":24}},"2":{"start":{"line":6,"column":2},"end":{"line":12,"column":null}},"3":{"start":{"line":7,"column":19},"end":{"line":7,"column":31}},"4":{"start":{"line":8,"column":17},"end":{"line":8,"column":45}},"5":{"start":{"line":9,"column":17},"end":{"line":9,"column":45}},"6":{"start":{"line":11,"column":4},"end":{"line":11,"column":null}},"7":{"start":{"line":11,"column":26},"end":{"line":11,"column":null}},"8":{"start":{"line":13,"column":2},"end":{"line":13,"column":null}},"9":{"start":{"line":1,"column":13},"end":{"line":1,"column":41}}},"fnMap":{"0":{"name":"(anonymous_0)","decl":{"start":{"line":1,"column":41},"end":{"line":1,"column":null}},"loc":{"start":{"line":3,"column":28},"end":{"line":14,"column":1}}},"1":{"name":"(anonymous_1)","decl":{"start":{"line":6,"column":16},"end":{"line":6,"column":17}},"loc":{"start":{"line":6,"column":26},"end":{"line":12,"column":3}}}},"branchMap":{"0":{"loc":{"start":{"line":8,"column":17},"end":{"line":8,"column":45}},"type":"cond-expr","locations":[{"start":{"line":8,"column":27},"end":{"line":8,"column":37}},{"start":{"line":8,"column":40},"end":{"line":8,"column":45}}]},"1":{"loc":{"start":{"line":9,"column":17},"end":{"line":9,"column":45}},"type":"cond-expr","locations":[{"start":{"line":9,"column":36},"end":{"line":9,"column":37}},{"start":{"line":9,"column":40},"end":{"line":9,"column":45}}]},"2":{"loc":{"start":{"line":11,"column":4},"end":{"line":11,"column":null}},"type":"if","locations":[{"start":{"line":11,"column":4},"end":{"line":11,"column":null}}]}},"s":{"0":7,"1":4,"2":4,"3":0,"4":0,"5":0,"6":0,"7":0,"8":4,"9":7},"f":{"0":4,"1":0},"b":{"0":[0,0],"1":[0,0],"2":[0]}}
,"C:\\Users\\SOLAR\\YandexDisk\\Cloud projects\\comics-shop\\src\\utils\\valueFormatted.ts": {"path":"C:\\Users\\SOLAR\\YandexDisk\\Cloud projects\\comics-shop\\src\\utils\\valueFormatted.ts","statementMap":{"0":{"start":{"line":3,"column":16},"end":{"line":3,"column":26}},"1":{"start":{"line":4,"column":35},"end":{"line":11,"column":23}},"2":{"start":{"line":5,"column":2},"end":{"line":11,"column":23}},"3":{"start":{"line":4,"column":13},"end":{"line":4,"column":35}},"4":{"start":{"line":13,"column":30},"end":{"line":19,"column":22}},"5":{"start":{"line":14,"column":2},"end":{"line":19,"column":22}},"6":{"start":{"line":13,"column":13},"end":{"line":13,"column":30}},"7":{"start":{"line":20,"column":36},"end":{"line":21,"column":74}},"8":{"start":{"line":21,"column":2},"end":{"line":21,"column":74}},"9":{"start":{"line":20,"column":13},"end":{"line":20,"column":36}},"10":{"start":{"line":23,"column":29},"end":{"line":24,"column":46}},"11":{"start":{"line":24,"column":2},"end":{"line":24,"column":46}},"12":{"start":{"line":23,"column":13},"end":{"line":23,"column":29}},"13":{"start":{"line":26,"column":32},"end":{"line":45,"column":1}},"14":{"start":{"line":31,"column":26},"end":{"line":35,"column":77}},"15":{"start":{"line":32,"column":4},"end":{"line":35,"column":77}},"16":{"start":{"line":35,"column":29},"end":{"line":35,"column":72}},"17":{"start":{"line":36,"column":23},"end":{"line":41,"column":null}},"18":{"start":{"line":37,"column":49},"end":{"line":40,"column":6}},"19":{"start":{"line":44,"column":2},"end":{"line":44,"column":null}},"20":{"start":{"line":26,"column":13},"end":{"line":26,"column":32}},"21":{"start":{"line":47,"column":35},"end":{"line":68,"column":1}},"22":{"start":{"line":51,"column":2},"end":{"line":67,"column":null}},"23":{"start":{"line":51,"column":40},"end":{"line":67,"column":4}},"24":{"start":{"line":58,"column":51},"end":{"line":61,"column":6}},"25":{"start":{"line":62,"column":52},"end":{"line":65,"column":6}},"26":{"start":{"line":47,"column":13},"end":{"line":47,"column":35}}},"fnMap":{"0":{"name":"(anonymous_0)","decl":{"start":{"line":4,"column":35},"end":{"line":4,"column":36}},"loc":{"start":{"line":5,"column":2},"end":{"line":11,"column":23}}},"1":{"name":"(anonymous_1)","decl":{"start":{"line":13,"column":30},"end":{"line":13,"column":31}},"loc":{"start":{"line":14,"column":2},"end":{"line":19,"column":22}}},"2":{"name":"(anonymous_2)","decl":{"start":{"line":20,"column":36},"end":{"line":20,"column":37}},"loc":{"start":{"line":21,"column":2},"end":{"line":21,"column":74}}},"3":{"name":"(anonymous_3)","decl":{"start":{"line":23,"column":29},"end":{"line":23,"column":30}},"loc":{"start":{"line":24,"column":2},"end":{"line":24,"column":46}}},"4":{"name":"(anonymous_4)","decl":{"start":{"line":26,"column":32},"end":{"line":26,"column":null}},"loc":{"start":{"line":30,"column":4},"end":{"line":45,"column":1}}},"5":{"name":"(anonymous_5)","decl":{"start":{"line":31,"column":26},"end":{"line":31,"column":27}},"loc":{"start":{"line":32,"column":4},"end":{"line":35,"column":77}}},"6":{"name":"(anonymous_6)","decl":{"start":{"line":35,"column":14},"end":{"line":35,"column":15}},"loc":{"start":{"line":35,"column":29},"end":{"line":35,"column":72}}},"7":{"name":"(anonymous_7)","decl":{"start":{"line":37,"column":4},"end":{"line":37,"column":5}},"loc":{"start":{"line":37,"column":49},"end":{"line":40,"column":6}}},"8":{"name":"(anonymous_8)","decl":{"start":{"line":47,"column":35},"end":{"line":47,"column":null}},"loc":{"start":{"line":49,"column":29},"end":{"line":68,"column":1}}},"9":{"name":"(anonymous_9)","decl":{"start":{"line":51,"column":24},"end":{"line":51,"column":25}},"loc":{"start":{"line":51,"column":40},"end":{"line":67,"column":4}}},"10":{"name":"(anonymous_10)","decl":{"start":{"line":58,"column":39},"end":{"line":58,"column":40}},"loc":{"start":{"line":58,"column":51},"end":{"line":61,"column":6}}},"11":{"name":"(anonymous_11)","decl":{"start":{"line":62,"column":39},"end":{"line":62,"column":40}},"loc":{"start":{"line":62,"column":52},"end":{"line":65,"column":6}}}},"branchMap":{"0":{"loc":{"start":{"line":5,"column":2},"end":{"line":11,"column":23}},"type":"cond-expr","locations":[{"start":{"line":6,"column":6},"end":{"line":10,"column":8}},{"start":{"line":11,"column":6},"end":{"line":11,"column":23}}]},"1":{"loc":{"start":{"line":13,"column":31},"end":{"line":13,"column":48}},"type":"default-arg","locations":[{"start":{"line":13,"column":47},"end":{"line":13,"column":48}}]},"2":{"loc":{"start":{"line":14,"column":2},"end":{"line":19,"column":22}},"type":"cond-expr","locations":[{"start":{"line":15,"column":6},"end":{"line":15,"column":12}},{"start":{"line":16,"column":6},"end":{"line":19,"column":22}}]},"3":{"loc":{"start":{"line":21,"column":2},"end":{"line":21,"column":74}},"type":"cond-expr","locations":[{"start":{"line":21,"column":16},"end":{"line":21,"column":55}},{"start":{"line":21,"column":58},"end":{"line":21,"column":74}}]},"4":{"loc":{"start":{"line":55,"column":15},"end":{"line":57,"column":35}},"type":"cond-expr","locations":[{"start":{"line":56,"column":8},"end":{"line":56,"column":70}},{"start":{"line":57,"column":8},"end":{"line":57,"column":35}}]},"5":{"loc":{"start":{"line":59,"column":22},"end":{"line":59,"column":63}},"type":"binary-expr","locations":[{"start":{"line":59,"column":22},"end":{"line":59,"column":58}},{"start":{"line":59,"column":62},"end":{"line":59,"column":63}}]},"6":{"loc":{"start":{"line":63,"column":23},"end":{"line":63,"column":65}},"type":"binary-expr","locations":[{"start":{"line":63,"column":23},"end":{"line":63,"column":60}},{"start":{"line":63,"column":64},"end":{"line":63,"column":65}}]},"7":{"loc":{"start":{"line":66,"column":13},"end":{"line":66,"column":30}},"type":"binary-expr","locations":[{"start":{"line":66,"column":13},"end":{"line":66,"column":20}},{"start":{"line":66,"column":24},"end":{"line":66,"column":30}}]}},"s":{"0":8,"1":8,"2":4,"3":8,"4":8,"5":11,"6":8,"7":8,"8":9,"9":8,"10":8,"11":1,"12":8,"13":8,"14":14,"15":98,"16":154,"17":14,"18":98,"19":14,"20":8,"21":8,"22":0,"23":0,"24":0,"25":0,"26":8},"f":{"0":4,"1":11,"2":9,"3":1,"4":14,"5":98,"6":154,"7":98,"8":0,"9":0,"10":0,"11":0},"b":{"0":[0,4],"1":[2],"2":[2,9],"3":[9,0],"4":[0,0],"5":[0,0],"6":[0,0],"7":[0,0]}}
}
