TN:
SF:src\components\Characters\CharacterCard\CharacterCard.module.scss
FN:8,(anonymous_0)
FN:15,(anonymous_1)
FNF:2
FNH:1
FNDA:39,(anonymous_0)
FNDA:0,(anonymous_1)
DA:1,7
DA:3,7
DA:4,7
DA:7,7
DA:9,39
DA:10,39
DA:12,0
DA:16,0
DA:20,0
DA:23,0
LF:10
LH:6
BRDA:3,0,0,7
BRDA:3,0,1,0
BRDA:3,1,0,7
BRDA:3,1,1,7
BRDA:9,2,0,39
BRDA:9,2,1,0
BRF:6
BRH:4
end_of_record
TN:
SF:src\components\Characters\CharacterCard\CharacterCard.tsx
FN:10,(anonymous_0)
FN:14,(anonymous_1)
FNF:2
FNH:2
FNDA:6,(anonymous_0)
FNDA:2,(anonymous_1)
DA:1,7
DA:2,7
DA:4,7
DA:5,7
DA:10,7
DA:11,6
DA:12,6
DA:14,6
DA:15,2
DA:16,2
DA:19,6
DA:49,7
LF:12
LH:12
BRF:0
BRH:0
end_of_record
TN:
SF:src\components\Characters\CharacterFilter\CharacterFilter.module.scss
FN:8,(anonymous_0)
FN:15,(anonymous_1)
FNF:2
FNH:1
FNDA:10,(anonymous_0)
FNDA:0,(anonymous_1)
DA:1,8
DA:3,8
DA:4,8
DA:7,8
DA:9,10
DA:10,10
DA:12,0
DA:16,0
DA:20,0
DA:23,0
LF:10
LH:6
BRDA:3,0,0,8
BRDA:3,0,1,0
BRDA:3,1,0,8
BRDA:3,1,1,8
BRDA:9,2,0,10
BRDA:9,2,1,0
BRF:6
BRH:4
end_of_record
TN:
SF:src\components\Characters\CharacterFilter\CharacterFilter.tsx
FN:13,(anonymous_0)
FN:23,(anonymous_1)
FN:24,(anonymous_2)
FN:37,(anonymous_3)
FN:39,(anonymous_4)
FN:58,(anonymous_5)
FN:59,(anonymous_6)
FNF:7
FNH:7
FNDA:5,(anonymous_0)
FNDA:2,(anonymous_1)
FNDA:2,(anonymous_2)
FNDA:2,(anonymous_3)
FNDA:2,(anonymous_4)
FNDA:1,(anonymous_5)
FNDA:1,(anonymous_6)
DA:2,8
DA:3,8
DA:4,8
DA:5,8
DA:13,8
DA:18,5
DA:24,2
DA:38,2
DA:39,2
DA:59,1
DA:69,8
LF:11
LH:11
BRF:0
BRH:0
end_of_record
TN:
SF:src\components\Characters\CharactersList\CharactersList.module.scss
FN:8,(anonymous_0)
FN:15,(anonymous_1)
FNF:2
FNH:1
FNDA:6,(anonymous_0)
FNDA:0,(anonymous_1)
DA:1,7
DA:3,7
DA:4,7
DA:7,7
DA:9,6
DA:10,6
DA:12,0
DA:16,0
DA:20,0
DA:23,0
LF:10
LH:6
BRDA:3,0,0,7
BRDA:3,0,1,0
BRDA:3,1,0,7
BRDA:3,1,1,7
BRDA:9,2,0,6
BRDA:9,2,1,0
BRF:6
BRH:4
end_of_record
TN:
SF:src\components\Characters\CharactersList\CharactersList.tsx
FN:10,(anonymous_0)
FN:34,(anonymous_1)
FNF:2
FNH:2
FNDA:4,(anonymous_0)
FNDA:1,(anonymous_1)
DA:2,7
DA:3,7
DA:4,7
DA:10,7
DA:14,4
DA:15,2
DA:26,2
DA:35,1
DA:45,7
LF:9
LH:9
BRDA:14,0,0,2
BRDA:14,1,0,4
BRDA:14,1,1,3
BRF:3
BRH:3
end_of_record
TN:
SF:src\components\Characters\CharactersSmallList\CharactersSmallList.module.scss
FN:8,(anonymous_0)
FN:15,(anonymous_1)
FNF:2
FNH:1
FNDA:13,(anonymous_0)
FNDA:0,(anonymous_1)
DA:1,7
DA:3,7
DA:4,7
DA:7,7
DA:9,13
DA:10,13
DA:12,0
DA:16,0
DA:20,0
DA:23,0
LF:10
LH:6
BRDA:3,0,0,7
BRDA:3,0,1,0
BRDA:3,1,0,7
BRDA:3,1,1,7
BRDA:9,2,0,13
BRDA:9,2,1,0
BRF:6
BRH:4
end_of_record
TN:
SF:src\components\Characters\CharactersSmallList\CharactersSmallList.tsx
FN:11,(anonymous_0)
FN:50,(anonymous_1)
FNF:2
FNH:2
FNDA:5,(anonymous_0)
FNDA:2,(anonymous_1)
DA:2,7
DA:4,7
DA:5,7
DA:11,7
DA:15,5
DA:16,5
DA:18,5
DA:28,5
DA:30,5
DA:51,2
DA:70,7
LF:11
LH:11
BRDA:28,0,0,0
BRDA:31,1,0,5
BRDA:31,1,1,2
BRDA:44,2,0,2
BRDA:44,2,1,0
BRF:5
BRH:3
end_of_record
TN:
SF:src\components\Comics\ComicCard\ComicCard.module.scss
FN:8,(anonymous_0)
FN:15,(anonymous_1)
FNF:2
FNH:1
FNDA:132,(anonymous_0)
FNDA:0,(anonymous_1)
DA:1,7
DA:3,7
DA:4,7
DA:7,7
DA:9,132
DA:10,132
DA:12,0
DA:16,0
DA:20,0
DA:23,0
LF:10
LH:6
BRDA:3,0,0,7
BRDA:3,0,1,0
BRDA:3,1,0,7
BRDA:3,1,1,7
BRDA:9,2,0,132
BRDA:9,2,1,0
BRF:6
BRH:4
end_of_record
TN:
SF:src\components\Comics\ComicCard\ComicCard.tsx
FN:17,(anonymous_0)
FN:32,(anonymous_1)
FN:37,(anonymous_2)
FNF:3
FNH:3
FNDA:9,(anonymous_0)
FNDA:2,(anonymous_1)
FNDA:2,(anonymous_2)
DA:1,7
DA:2,7
DA:4,7
DA:9,7
DA:10,7
DA:11,7
DA:17,7
DA:18,9
DA:19,9
DA:20,9
DA:22,9
DA:32,9
DA:33,2
DA:34,2
DA:37,9
DA:38,2
DA:39,2
DA:42,9
DA:100,7
LF:19
LH:19
BRDA:78,0,0,9
BRDA:78,0,1,9
BRF:2
BRH:2
end_of_record
TN:
SF:src\components\Comics\ComicFilter\ComicFilter.module.scss
FN:8,(anonymous_0)
FN:15,(anonymous_1)
FNF:2
FNH:1
FNDA:12,(anonymous_0)
FNDA:0,(anonymous_1)
DA:1,8
DA:3,8
DA:4,8
DA:7,8
DA:9,12
DA:10,12
DA:12,0
DA:16,0
DA:20,0
DA:23,0
LF:10
LH:6
BRDA:3,0,0,8
BRDA:3,0,1,0
BRDA:3,1,0,8
BRDA:3,1,1,8
BRDA:9,2,0,12
BRDA:9,2,1,0
BRF:6
BRH:4
end_of_record
TN:
SF:src\components\Comics\ComicFilter\ComicFilter.tsx
FN:13,(anonymous_0)
FN:18,(anonymous_1)
FN:19,(anonymous_2)
FN:32,(anonymous_3)
FN:33,(anonymous_4)
FN:46,(anonymous_5)
FN:48,(anonymous_6)
FN:67,(anonymous_7)
FN:68,(anonymous_8)
FNF:9
FNH:9
FNDA:6,(anonymous_0)
FNDA:2,(anonymous_1)
FNDA:2,(anonymous_2)
FNDA:2,(anonymous_3)
FNDA:2,(anonymous_4)
FNDA:2,(anonymous_5)
FNDA:2,(anonymous_6)
FNDA:1,(anonymous_7)
FNDA:1,(anonymous_8)
DA:2,8
DA:3,8
DA:4,8
DA:5,8
DA:13,8
DA:14,6
DA:19,2
DA:33,2
DA:47,2
DA:48,2
DA:68,1
DA:75,8
LF:12
LH:12
BRF:0
BRH:0
end_of_record
TN:
SF:src\components\Comics\ComicList\ComicsList.module.scss
FN:8,(anonymous_0)
FN:15,(anonymous_1)
FNF:2
FNH:1
FNDA:6,(anonymous_0)
FNDA:0,(anonymous_1)
DA:1,7
DA:3,7
DA:4,7
DA:7,7
DA:9,6
DA:10,6
DA:12,0
DA:16,0
DA:20,0
DA:23,0
LF:10
LH:6
BRDA:3,0,0,7
BRDA:3,0,1,0
BRDA:3,1,0,7
BRDA:3,1,1,7
BRDA:9,2,0,6
BRDA:9,2,1,0
BRF:6
BRH:4
end_of_record
TN:
SF:src\components\Comics\ComicList\ComicsList.tsx
FN:12,(anonymous_0)
FN:36,(anonymous_1)
FNF:2
FNH:2
FNDA:4,(anonymous_0)
FNDA:1,(anonymous_1)
DA:2,7
DA:3,7
DA:4,7
DA:12,7
DA:17,4
DA:18,2
DA:26,2
DA:37,1
DA:43,7
LF:9
LH:9
BRDA:15,0,0,4
BRDA:17,1,0,2
BRDA:17,2,0,4
BRDA:17,2,1,3
BRDA:28,3,0,2
BRDA:28,3,1,2
BRF:6
BRH:6
end_of_record
TN:
SF:src\components\Creators\CreatorsList\CreatorsList.module.scss
FN:8,(anonymous_0)
FN:15,(anonymous_1)
FNF:2
FNH:1
FNDA:7,(anonymous_0)
FNDA:0,(anonymous_1)
DA:1,8
DA:3,8
DA:4,8
DA:7,8
DA:9,7
DA:10,7
DA:12,0
DA:16,0
DA:20,0
DA:23,0
LF:10
LH:6
BRDA:3,0,0,8
BRDA:3,0,1,0
BRDA:3,1,0,8
BRDA:3,1,1,8
BRDA:9,2,0,7
BRDA:9,2,1,0
BRF:6
BRH:4
end_of_record
TN:
SF:src\components\Creators\CreatorsList\CreatorsList.tsx
FN:8,(anonymous_0)
FN:46,(anonymous_1)
FNF:2
FNH:2
FNDA:4,(anonymous_0)
FNDA:1,(anonymous_1)
DA:2,8
DA:3,8
DA:8,8
DA:9,4
DA:10,4
DA:12,4
DA:22,4
DA:24,4
DA:47,1
DA:57,8
LF:10
LH:10
BRDA:22,0,0,0
BRDA:25,1,0,4
BRDA:25,1,1,1
BRDA:40,2,0,1
BRDA:40,2,1,0
BRF:5
BRH:3
end_of_record
TN:
SF:src\components\Layout\Navbar\Navbar.module.scss
FN:8,(anonymous_0)
FN:15,(anonymous_1)
FNF:2
FNH:1
FNDA:37,(anonymous_0)
FNDA:0,(anonymous_1)
DA:1,1
DA:3,1
DA:4,1
DA:7,1
DA:9,37
DA:10,37
DA:12,0
DA:16,0
DA:20,0
DA:23,0
LF:10
LH:6
BRDA:3,0,0,1
BRDA:3,0,1,0
BRDA:3,1,0,1
BRDA:3,1,1,1
BRDA:9,2,0,37
BRDA:9,2,1,0
BRF:6
BRH:4
end_of_record
TN:
SF:src\components\Layout\Navbar\Navbar.tsx
FN:4,(anonymous_0)
FN:20,(anonymous_1)
FN:34,(anonymous_2)
FN:48,(anonymous_3)
FNF:4
FNH:4
FNDA:5,(anonymous_0)
FNDA:8,(anonymous_1)
FNDA:8,(anonymous_2)
FNDA:8,(anonymous_3)
DA:1,1
DA:2,1
DA:4,1
DA:5,5
DA:21,8
DA:35,8
DA:49,8
DA:65,1
LF:8
LH:8
BRDA:21,0,0,1
BRDA:21,0,1,7
BRDA:35,1,0,1
BRDA:35,1,1,7
BRDA:49,2,0,1
BRDA:49,2,1,7
BRF:6
BRH:6
end_of_record
TN:
SF:src\components\UI\Card\Card.module.scss
FN:8,(anonymous_0)
FN:15,(anonymous_1)
FNF:2
FNH:1
FNDA:21,(anonymous_0)
FNDA:0,(anonymous_1)
DA:1,9
DA:3,9
DA:4,9
DA:7,9
DA:9,21
DA:10,21
DA:12,0
DA:16,0
DA:20,0
DA:23,0
LF:10
LH:6
BRDA:3,0,0,9
BRDA:3,0,1,0
BRDA:3,1,0,9
BRDA:3,1,1,9
BRDA:9,2,0,21
BRDA:9,2,1,0
BRF:6
BRH:4
end_of_record
TN:
SF:src\components\UI\Card\Card.tsx
FN:10,(anonymous_0)
FNF:1
FNH:1
FNDA:21,(anonymous_0)
DA:2,9
DA:10,9
DA:11,21
DA:13,21
DA:20,9
LF:5
LH:5
BRF:0
BRH:0
end_of_record
TN:
SF:src\components\UI\Carousel\Carousel.module.scss
FN:8,(anonymous_0)
FN:15,(anonymous_1)
FNF:2
FNH:1
FNDA:130,(anonymous_0)
FNDA:0,(anonymous_1)
DA:1,7
DA:3,7
DA:4,7
DA:7,7
DA:9,130
DA:10,130
DA:12,0
DA:16,0
DA:20,0
DA:23,0
LF:10
LH:6
BRDA:3,0,0,7
BRDA:3,0,1,0
BRDA:3,1,0,7
BRDA:3,1,1,7
BRDA:9,2,0,130
BRDA:9,2,1,0
BRF:6
BRH:4
end_of_record
TN:
SF:src\components\UI\Carousel\Carousel.tsx
FN:16,(anonymous_0)
FN:26,(anonymous_1)
FN:27,(anonymous_2)
FN:32,(anonymous_3)
FN:33,(anonymous_4)
FN:38,(anonymous_5)
FN:43,(anonymous_6)
FN:55,(anonymous_7)
FNF:8
FNH:8
FNDA:26,(anonymous_0)
FNDA:1,(anonymous_1)
FNDA:1,(anonymous_2)
FNDA:2,(anonymous_3)
FNDA:2,(anonymous_4)
FNDA:23,(anonymous_5)
FNDA:23,(anonymous_6)
FNDA:78,(anonymous_7)
DA:1,7
DA:3,7
DA:4,7
DA:5,7
DA:6,7
DA:16,7
DA:23,26
DA:24,26
DA:26,26
DA:27,1
DA:28,1
DA:32,26
DA:33,2
DA:34,2
DA:38,26
DA:39,23
DA:43,23
DA:46,26
DA:56,78
DA:81,7
LF:20
LH:20
BRDA:18,0,0,26
BRDA:19,1,0,21
BRDA:20,2,0,26
BRDA:21,3,0,26
BRDA:28,4,0,1
BRDA:28,4,1,0
BRDA:34,5,0,0
BRDA:34,5,1,2
BRDA:39,6,0,20
BRDA:39,6,1,3
BRF:10
BRH:8
end_of_record
TN:
SF:src\components\UI\Carousel\CarouselSlide.module.scss
FN:8,(anonymous_0)
FN:15,(anonymous_1)
FNF:2
FNH:1
FNDA:624,(anonymous_0)
FNDA:0,(anonymous_1)
DA:1,7
DA:3,7
DA:4,7
DA:7,7
DA:9,624
DA:10,624
DA:12,0
DA:16,0
DA:20,0
DA:23,0
LF:10
LH:6
BRDA:3,0,0,7
BRDA:3,0,1,0
BRDA:3,1,0,7
BRDA:3,1,1,7
BRDA:9,2,0,624
BRDA:9,2,1,0
BRF:6
BRH:4
end_of_record
TN:
SF:src\components\UI\Carousel\CarouselSlide.tsx
FN:13,(anonymous_0)
FN:53,(anonymous_1)
FNF:2
FNH:2
FNDA:78,(anonymous_0)
FNDA:312,(anonymous_1)
DA:2,7
DA:4,7
DA:13,7
DA:20,78
DA:23,78
DA:30,78
DA:32,78
DA:54,312
DA:64,7
LF:9
LH:9
BRF:0
BRH:0
end_of_record
TN:
SF:src\components\UI\Carousel\images.ts
FNF:0
FNH:0
DA:3,7
LF:1
LH:1
BRF:0
BRH:0
end_of_record
TN:
SF:src\components\UI\CartButton\CartButton.module.scss
FN:8,(anonymous_0)
FN:15,(anonymous_1)
FNF:2
FNH:1
FNDA:11,(anonymous_0)
FNDA:0,(anonymous_1)
DA:1,7
DA:3,7
DA:4,7
DA:7,7
DA:9,11
DA:10,11
DA:12,0
DA:16,0
DA:20,0
DA:23,0
LF:10
LH:6
BRDA:3,0,0,7
BRDA:3,0,1,0
BRDA:3,1,0,7
BRDA:3,1,1,7
BRDA:9,2,0,11
BRDA:9,2,1,0
BRF:6
BRH:4
end_of_record
TN:
SF:src\components\UI\CartButton\CartButton.tsx
FN:8,(anonymous_0)
FNF:1
FNH:1
FNDA:11,(anonymous_0)
DA:2,7
DA:8,7
DA:14,11
DA:16,11
DA:56,7
LF:5
LH:5
BRDA:19,0,0,1
BRDA:19,0,1,10
BRDA:47,1,0,1
BRDA:47,1,1,10
BRF:4
BRH:4
end_of_record
TN:
SF:src\components\UI\Error\Error.module.scss
FN:8,(anonymous_0)
FN:15,(anonymous_1)
FNF:2
FNH:0
FNDA:0,(anonymous_0)
FNDA:0,(anonymous_1)
DA:1,7
DA:3,7
DA:4,7
DA:7,7
DA:9,0
DA:10,0
DA:12,0
DA:16,0
DA:20,0
DA:23,0
LF:10
LH:4
BRDA:3,0,0,7
BRDA:3,0,1,0
BRDA:3,1,0,7
BRDA:3,1,1,7
BRDA:9,2,0,0
BRDA:9,2,1,0
BRF:6
BRH:3
end_of_record
TN:
SF:src\components\UI\Error\Error.tsx
FN:6,(anonymous_0)
FNF:1
FNH:0
FNDA:0,(anonymous_0)
DA:1,7
DA:6,7
DA:7,0
DA:15,7
LF:4
LH:3
BRF:0
BRH:0
end_of_record
TN:
SF:src\components\UI\FavoriteButton\FavoriteButton.module.scss
FN:8,(anonymous_0)
FN:15,(anonymous_1)
FNF:2
FNH:1
FNDA:17,(anonymous_0)
FNDA:0,(anonymous_1)
DA:1,7
DA:3,7
DA:4,7
DA:7,7
DA:9,17
DA:10,17
DA:12,0
DA:16,0
DA:20,0
DA:23,0
LF:10
LH:6
BRDA:3,0,0,7
BRDA:3,0,1,0
BRDA:3,1,0,7
BRDA:3,1,1,7
BRDA:9,2,0,17
BRDA:9,2,1,0
BRF:6
BRH:4
end_of_record
TN:
SF:src\components\UI\FavoriteButton\FavoriteButton.tsx
FN:8,(anonymous_0)
FNF:1
FNH:1
FNDA:17,(anonymous_0)
DA:2,7
DA:8,7
DA:14,17
DA:16,17
DA:42,7
LF:5
LH:5
BRDA:19,0,0,2
BRDA:19,0,1,15
BRDA:34,1,0,2
BRDA:34,1,1,15
BRF:4
BRH:4
end_of_record
TN:
SF:src\components\UI\Input\Input.module.scss
FN:8,(anonymous_0)
FN:15,(anonymous_1)
FNF:2
FNH:1
FNDA:11,(anonymous_0)
FNDA:0,(anonymous_1)
DA:1,9
DA:3,9
DA:4,9
DA:7,9
DA:9,11
DA:10,11
DA:12,0
DA:16,0
DA:20,0
DA:23,0
LF:10
LH:6
BRDA:3,0,0,9
BRDA:3,0,1,0
BRDA:3,1,0,9
BRDA:3,1,1,9
BRDA:9,2,0,11
BRDA:9,2,1,0
BRF:6
BRH:4
end_of_record
TN:
SF:src\components\UI\Input\Input.tsx
FN:7,(anonymous_0)
FN:9,(anonymous_1)
FNF:2
FNH:1
FNDA:11,(anonymous_0)
FNDA:0,(anonymous_1)
DA:1,9
DA:2,9
DA:6,9
DA:8,11
DA:9,11
DA:11,11
DA:13,11
DA:17,9
LF:8
LH:8
BRF:0
BRH:0
end_of_record
TN:
SF:src\components\UI\Loader\Loader.module.scss
FN:8,(anonymous_0)
FN:15,(anonymous_1)
FNF:2
FNH:1
FNDA:3,(anonymous_0)
FNDA:0,(anonymous_1)
DA:1,7
DA:3,7
DA:4,7
DA:7,7
DA:9,3
DA:10,3
DA:12,0
DA:16,0
DA:20,0
DA:23,0
LF:10
LH:6
BRDA:3,0,0,7
BRDA:3,0,1,0
BRDA:3,1,0,7
BRDA:3,1,1,7
BRDA:9,2,0,3
BRDA:9,2,1,0
BRF:6
BRH:4
end_of_record
TN:
SF:src\components\UI\Loader\Loader.tsx
FN:3,(anonymous_0)
FNF:1
FNH:1
FNDA:3,(anonymous_0)
DA:1,7
DA:3,7
DA:4,3
DA:16,7
LF:4
LH:4
BRF:0
BRH:0
end_of_record
TN:
SF:src\components\UI\NextButton\NextButton.module.scss
FN:8,(anonymous_0)
FN:15,(anonymous_1)
FNF:2
FNH:1
FNDA:56,(anonymous_0)
FNDA:0,(anonymous_1)
DA:1,7
DA:3,7
DA:4,7
DA:7,7
DA:9,56
DA:10,56
DA:12,0
DA:16,0
DA:20,0
DA:23,0
LF:10
LH:6
BRDA:3,0,0,7
BRDA:3,0,1,0
BRDA:3,1,0,7
BRDA:3,1,1,7
BRDA:9,2,0,56
BRDA:9,2,1,0
BRF:6
BRH:4
end_of_record
TN:
SF:src\components\UI\NextButton\NextButton.tsx
FN:8,(anonymous_0)
FNF:1
FNH:1
FNDA:28,(anonymous_0)
DA:2,7
DA:8,7
DA:13,28
DA:15,28
DA:22,7
LF:5
LH:5
BRF:0
BRH:0
end_of_record
TN:
SF:src\components\UI\PrevButton\PrevButton.module.scss
FN:8,(anonymous_0)
FN:15,(anonymous_1)
FNF:2
FNH:1
FNDA:56,(anonymous_0)
FNDA:0,(anonymous_1)
DA:1,7
DA:3,7
DA:4,7
DA:7,7
DA:9,56
DA:10,56
DA:12,0
DA:16,0
DA:20,0
DA:23,0
LF:10
LH:6
BRDA:3,0,0,7
BRDA:3,0,1,0
BRDA:3,1,0,7
BRDA:3,1,1,7
BRDA:9,2,0,56
BRDA:9,2,1,0
BRF:6
BRH:4
end_of_record
TN:
SF:src\components\UI\PrevButton\PrevButton.tsx
FN:8,(anonymous_0)
FNF:1
FNH:1
FNDA:28,(anonymous_0)
DA:2,7
DA:8,7
DA:13,28
DA:15,28
DA:22,7
LF:5
LH:5
BRF:0
BRH:0
end_of_record
TN:
SF:src\components\UI\Select\Select.module.scss
FN:8,(anonymous_0)
FN:15,(anonymous_1)
FNF:2
FNH:1
FNDA:56,(anonymous_0)
FNDA:0,(anonymous_1)
DA:1,9
DA:3,9
DA:4,9
DA:7,9
DA:9,56
DA:10,56
DA:12,0
DA:16,0
DA:20,0
DA:23,0
LF:10
LH:6
BRDA:3,0,0,9
BRDA:3,0,1,0
BRDA:3,1,0,9
BRDA:3,1,1,9
BRDA:9,2,0,56
BRDA:9,2,1,0
BRF:6
BRH:4
end_of_record
TN:
SF:src\components\UI\Select\Select.tsx
FN:16,(anonymous_0)
FN:27,(anonymous_1)
FN:42,(anonymous_2)
FN:49,(anonymous_3)
FNF:4
FNH:4
FNDA:28,(anonymous_0)
FNDA:23,(anonymous_1)
FNDA:10,(anonymous_2)
FNDA:130,(anonymous_3)
DA:1,9
DA:2,9
DA:16,9
DA:24,28
DA:25,28
DA:27,28
DA:28,23
DA:29,23
DA:36,28
DA:43,10
DA:50,130
DA:59,9
LF:12
LH:12
BRDA:28,0,0,23
BRDA:31,1,0,18
BRDA:31,1,1,5
BRF:3
BRH:3
end_of_record
TN:
SF:src\hooks\useDebounce.ts
FN:9,(anonymous_0)
FN:16,(anonymous_1)
FN:20,(anonymous_2)
FNF:3
FNH:3
FNDA:4,(anonymous_0)
FNDA:2,(anonymous_1)
FNDA:2,(anonymous_2)
DA:1,8
DA:9,8
DA:13,4
DA:15,4
DA:17,2
DA:18,0
DA:20,2
DA:21,2
DA:26,4
DA:29,8
LF:10
LH:9
BRDA:11,0,0,1
BRDA:17,1,0,0
BRF:2
BRH:1
end_of_record
TN:
SF:src\hooks\useFetching.ts
FN:12,(anonymous_0)
FN:19,(anonymous_1)
FNF:2
FNH:2
FNDA:13,(anonymous_0)
FNDA:5,(anonymous_1)
DA:2,8
DA:3,8
DA:12,8
DA:15,13
DA:16,13
DA:18,13
DA:20,5
DA:21,5
DA:22,5
DA:23,5
DA:25,0
DA:26,0
DA:28,2
DA:34,13
LF:14
LH:12
BRF:0
BRH:0
end_of_record
TN:
SF:src\hooks\useInput.ts
FN:14,(anonymous_0)
FN:20,(anonymous_1)
FN:22,(anonymous_2)
FN:23,(anonymous_3)
FNF:4
FNH:4
FNDA:9,(anonymous_0)
FNDA:3,(anonymous_1)
FNDA:2,(anonymous_2)
FNDA:1,(anonymous_3)
DA:1,1
DA:14,1
DA:15,9
DA:16,9
DA:18,9
DA:19,9
DA:20,9
DA:21,3
DA:22,9
DA:23,9
DA:24,1
DA:25,1
DA:27,9
DA:36,1
LF:14
LH:14
BRDA:19,0,0,9
BRDA:19,0,1,7
BRF:2
BRH:2
end_of_record
TN:
SF:src\hooks\useObserver.ts
FN:23,(anonymous_0)
FN:33,(anonymous_1)
FN:37,(anonymous_2)
FN:48,(anonymous_3)
FNF:4
FNH:4
FNDA:10,(anonymous_0)
FNDA:10,(anonymous_1)
FNDA:5,(anonymous_2)
FNDA:7,(anonymous_3)
DA:1,8
DA:23,8
DA:30,10
DA:31,10
DA:33,10
DA:34,10
DA:36,7
DA:38,5
DA:46,7
DA:48,7
DA:49,7
DA:53,10
LF:12
LH:12
BRDA:25,0,0,4
BRDA:26,1,0,5
BRDA:27,2,0,5
BRDA:28,3,0,9
BRDA:34,4,0,3
BRDA:38,5,0,3
BRDA:38,6,0,5
BRDA:38,6,1,3
BRDA:46,7,0,2
BRDA:49,8,0,7
BRF:10
BRH:10
end_of_record
TN:
SF:src\hooks\useSortingAndSearching.ts
FN:9,(anonymous_0)
FN:13,(anonymous_1)
FN:15,(anonymous_2)
FN:41,(anonymous_3)
FN:46,(anonymous_4)
FN:47,(anonymous_5)
FNF:6
FNH:6
FNDA:11,(anonymous_0)
FNDA:9,(anonymous_1)
FNDA:19,(anonymous_2)
FNDA:7,(anonymous_3)
FNDA:5,(anonymous_4)
FNDA:9,(anonymous_5)
DA:1,8
DA:9,8
DA:13,11
DA:14,9
DA:15,6
DA:16,19
DA:18,13
DA:20,4
DA:22,2
DA:27,3
DA:30,11
DA:41,8
DA:44,7
DA:46,7
DA:47,5
DA:48,9
DA:49,6
DA:50,6
DA:56,7
LF:19
LH:19
BRDA:14,0,0,6
BRDA:16,1,0,13
BRDA:16,1,1,4
BRDA:16,1,2,2
BRDA:17,2,0,19
BRDA:17,2,1,13
BRDA:19,3,0,6
BRDA:19,3,1,4
BRDA:48,4,0,3
BRDA:49,5,0,6
BRDA:49,6,0,6
BRDA:49,6,1,6
BRF:12
BRH:12
end_of_record
TN:
SF:src\pages\Cart.tsx
FN:1,(anonymous_0)
FNF:1
FNH:0
FNDA:0,(anonymous_0)
DA:1,7
DA:2,0
DA:5,7
LF:3
LH:2
BRF:0
BRH:0
end_of_record
TN:
SF:src\pages\Home.tsx
FN:4,(anonymous_0)
FNF:1
FNH:1
FNDA:20,(anonymous_0)
DA:1,7
DA:2,7
DA:4,7
DA:5,20
DA:12,7
LF:5
LH:5
BRF:0
BRH:0
end_of_record
TN:
SF:src\pages\MyComicsZone.tsx
FN:1,(anonymous_0)
FNF:1
FNH:1
FNDA:1,(anonymous_0)
DA:1,7
DA:2,1
DA:5,7
LF:3
LH:3
BRF:0
BRH:0
end_of_record
TN:
SF:src\pages\Characters\Characters.tsx
FN:18,(anonymous_0)
FN:43,(anonymous_1)
FN:56,(anonymous_2)
FN:62,(anonymous_3)
FN:62,(anonymous_4)
FN:68,(anonymous_5)
FN:68,(anonymous_6)
FN:74,(anonymous_7)
FN:80,(anonymous_8)
FN:94,(anonymous_9)
FNF:10
FNH:4
FNDA:2,(anonymous_0)
FNDA:1,(anonymous_1)
FNDA:0,(anonymous_2)
FNDA:0,(anonymous_3)
FNDA:0,(anonymous_4)
FNDA:0,(anonymous_5)
FNDA:0,(anonymous_6)
FNDA:1,(anonymous_7)
FNDA:0,(anonymous_8)
FNDA:1,(anonymous_9)
DA:1,7
DA:2,7
DA:3,7
DA:4,7
DA:5,7
DA:6,7
DA:7,7
DA:8,7
DA:9,7
DA:10,7
DA:16,7
DA:18,7
DA:19,2
DA:20,2
DA:21,2
DA:23,2
DA:28,2
DA:32,2
DA:39,2
DA:44,1
DA:49,0
DA:50,0
DA:51,0
DA:56,0
DA:58,0
DA:61,0
DA:62,0
DA:67,2
DA:68,0
DA:74,2
DA:75,1
DA:76,1
DA:80,2
DA:81,0
DA:82,0
DA:86,0
DA:89,2
DA:94,2
DA:95,1
DA:96,0
DA:99,2
DA:129,7
LF:42
LH:30
BRDA:58,0,0,0
BRDA:70,1,0,2
BRDA:70,1,1,0
BRDA:75,2,0,1
BRDA:95,3,0,0
BRDA:95,4,0,1
BRDA:95,4,1,0
BRDA:101,5,0,2
BRDA:101,5,1,0
BRDA:102,6,0,2
BRDA:102,6,1,0
BRDA:108,7,0,2
BRDA:108,7,1,2
BRDA:111,8,0,0
BRDA:111,8,1,2
BRDA:111,9,0,2
BRDA:111,9,1,0
BRDA:116,10,0,0
BRDA:116,10,1,2
BRDA:116,11,0,2
BRDA:116,11,1,0
BRDA:122,12,0,2
BRDA:122,12,1,1
BRDA:123,13,0,2
BRDA:123,13,1,0
BRF:25
BRH:14
end_of_record
TN:
SF:src\pages\Characters\SingleCharacter\SingleCharacter.tsx
FN:1,(anonymous_0)
FNF:1
FNH:1
FNDA:2,(anonymous_0)
DA:1,7
DA:2,2
DA:5,7
LF:3
LH:3
BRF:0
BRH:0
end_of_record
TN:
SF:src\pages\Comics\Comics.tsx
FN:12,(anonymous_0)
FN:34,(anonymous_1)
FN:39,(anonymous_2)
FN:53,(anonymous_3)
FN:59,(anonymous_4)
FN:59,(anonymous_5)
FN:65,(anonymous_6)
FN:65,(anonymous_7)
FN:71,(anonymous_8)
FNF:9
FNH:3
FNDA:2,(anonymous_0)
FNDA:1,(anonymous_1)
FNDA:0,(anonymous_2)
FNDA:0,(anonymous_3)
FNDA:0,(anonymous_4)
FNDA:0,(anonymous_5)
FNDA:0,(anonymous_6)
FNDA:0,(anonymous_7)
FNDA:1,(anonymous_8)
DA:1,7
DA:2,7
DA:3,7
DA:4,7
DA:5,7
DA:6,7
DA:7,7
DA:8,7
DA:9,7
DA:12,7
DA:13,2
DA:14,2
DA:15,2
DA:17,2
DA:23,2
DA:30,2
DA:35,1
DA:36,0
DA:37,0
DA:39,0
DA:53,0
DA:55,0
DA:58,0
DA:59,0
DA:64,2
DA:65,0
DA:71,2
DA:72,1
DA:75,2
DA:95,7
LF:30
LH:22
BRDA:43,0,0,0
BRDA:43,0,1,0
BRDA:44,1,0,0
BRDA:44,1,1,0
BRDA:50,2,0,0
BRDA:50,2,1,0
BRDA:55,3,0,0
BRDA:67,4,0,2
BRDA:67,4,1,0
BRDA:77,5,0,2
BRDA:77,5,1,0
BRDA:83,6,0,2
BRDA:83,6,1,2
BRDA:89,7,0,2
BRDA:89,7,1,1
BRF:15
BRH:6
end_of_record
TN:
SF:src\pages\Comics\ComicsBySeries\ComicsBySeries.module.scss
FN:8,(anonymous_0)
FN:15,(anonymous_1)
FNF:2
FNH:0
FNDA:0,(anonymous_0)
FNDA:0,(anonymous_1)
DA:1,7
DA:3,7
DA:4,7
DA:7,7
DA:9,0
DA:10,0
DA:12,0
DA:16,0
DA:20,0
DA:23,0
LF:10
LH:4
BRDA:3,0,0,7
BRDA:3,0,1,0
BRDA:3,1,0,7
BRDA:3,1,1,7
BRDA:9,2,0,0
BRDA:9,2,1,0
BRF:6
BRH:3
end_of_record
TN:
SF:src\pages\Comics\ComicsBySeries\ComicsBySeries.tsx
FN:15,(anonymous_0)
FN:19,(anonymous_1)
FN:24,(anonymous_2)
FN:45,(anonymous_3)
FNF:4
FNH:0
FNDA:0,(anonymous_0)
FNDA:0,(anonymous_1)
FNDA:0,(anonymous_2)
FNDA:0,(anonymous_3)
DA:1,7
DA:2,7
DA:3,7
DA:4,7
DA:5,7
DA:6,7
DA:7,7
DA:8,7
DA:10,7
DA:15,7
DA:16,0
DA:17,0
DA:19,0
DA:20,0
DA:23,0
DA:24,0
DA:42,0
DA:45,0
DA:46,0
DA:49,0
DA:72,7
LF:21
LH:11
BRDA:16,0,0,0
BRDA:29,1,0,0
BRDA:29,1,1,0
BRDA:30,2,0,0
BRDA:30,2,1,0
BRDA:51,3,0,0
BRDA:51,3,1,0
BRDA:52,4,0,0
BRDA:52,4,1,0
BRDA:67,5,0,0
BRDA:67,5,1,0
BRF:11
BRH:0
end_of_record
TN:
SF:src\pages\Comics\SingleComic\SingleComic.module.scss
FN:8,(anonymous_0)
FN:15,(anonymous_1)
FNF:2
FNH:1
FNDA:30,(anonymous_0)
FNDA:0,(anonymous_1)
DA:1,7
DA:3,7
DA:4,7
DA:7,7
DA:9,30
DA:10,30
DA:12,0
DA:16,0
DA:20,0
DA:23,0
LF:10
LH:6
BRDA:3,0,0,7
BRDA:3,0,1,0
BRDA:3,1,0,7
BRDA:3,1,1,7
BRDA:9,2,0,30
BRDA:9,2,1,0
BRF:6
BRH:4
end_of_record
TN:
SF:src\pages\Comics\SingleComic\SingleComic.tsx
FN:27,(anonymous_0)
FN:35,(anonymous_1)
FN:57,(anonymous_2)
FN:62,(anonymous_3)
FN:73,(anonymous_4)
FN:92,(anonymous_5)
FN:108,(anonymous_6)
FN:113,(anonymous_7)
FN:171,(anonymous_8)
FN:178,(anonymous_9)
FNF:10
FNH:3
FNDA:2,(anonymous_0)
FNDA:1,(anonymous_1)
FNDA:0,(anonymous_2)
FNDA:0,(anonymous_3)
FNDA:0,(anonymous_4)
FNDA:1,(anonymous_5)
FNDA:0,(anonymous_6)
FNDA:0,(anonymous_7)
FNDA:0,(anonymous_8)
FNDA:0,(anonymous_9)
DA:1,7
DA:2,7
DA:3,7
DA:4,7
DA:5,7
DA:6,7
DA:7,7
DA:8,7
DA:9,7
DA:10,7
DA:11,7
DA:12,7
DA:13,7
DA:15,7
DA:16,7
DA:22,7
DA:27,7
DA:28,2
DA:29,2
DA:30,2
DA:31,2
DA:32,2
DA:33,2
DA:34,2
DA:36,1
DA:37,0
DA:57,0
DA:62,0
DA:68,0
DA:69,0
DA:72,0
DA:73,0
DA:87,0
DA:88,0
DA:92,2
DA:93,1
DA:106,2
DA:108,2
DA:109,0
DA:111,0
DA:113,2
DA:114,0
DA:116,0
DA:119,2
DA:128,2
DA:134,2
DA:171,0
DA:179,0
DA:238,7
LF:49
LH:34
BRDA:33,0,0,0
BRDA:42,1,0,0
BRDA:42,1,1,0
BRDA:43,2,0,0
BRDA:43,2,1,0
BRDA:78,3,0,0
BRDA:78,3,1,0
BRDA:79,4,0,0
BRDA:79,4,1,0
BRDA:109,5,0,0
BRDA:109,5,1,0
BRDA:114,6,0,0
BRDA:114,6,1,0
BRDA:129,7,0,0
BRDA:129,7,1,2
BRDA:136,8,0,2
BRDA:136,8,1,0
BRDA:137,9,0,2
BRDA:137,9,1,1
BRDA:138,10,0,2
BRDA:138,10,1,2
BRDA:183,11,0,2
BRDA:183,11,1,0
BRDA:187,12,0,0
BRDA:187,12,1,0
BRDA:196,13,0,2
BRDA:196,13,1,0
BRDA:200,14,0,2
BRDA:200,14,1,2
BRDA:215,15,0,2
BRDA:215,15,1,2
BRDA:225,16,0,2
BRDA:225,16,1,2
BRF:33
BRH:14
end_of_record
TN:
SF:src\pages\Page404\Page404.module.scss
FN:8,(anonymous_0)
FN:15,(anonymous_1)
FNF:2
FNH:1
FNDA:8,(anonymous_0)
FNDA:0,(anonymous_1)
DA:1,7
DA:3,7
DA:4,7
DA:7,7
DA:9,8
DA:10,8
DA:12,0
DA:16,0
DA:20,0
DA:23,0
LF:10
LH:6
BRDA:3,0,0,7
BRDA:3,0,1,0
BRDA:3,1,0,7
BRDA:3,1,1,7
BRDA:9,2,0,8
BRDA:9,2,1,0
BRF:6
BRH:4
end_of_record
TN:
SF:src\pages\Page404\Page404.tsx
FN:4,(anonymous_0)
FNF:1
FNH:1
FNDA:4,(anonymous_0)
DA:1,7
DA:2,7
DA:4,7
DA:5,4
DA:17,7
LF:5
LH:5
BRF:0
BRH:0
end_of_record
TN:
SF:src\router\AppRouter.tsx
FN:12,(anonymous_0)
FNF:1
FNH:1
FNDA:24,(anonymous_0)
DA:1,7
DA:2,7
DA:3,7
DA:4,7
DA:5,7
DA:6,7
DA:7,7
DA:8,7
DA:9,7
DA:10,7
DA:12,7
DA:13,24
DA:28,7
LF:13
LH:13
BRF:0
BRH:0
end_of_record
TN:
SF:src\services\ComicsService.ts
FN:12,(anonymous_0)
FN:29,(anonymous_1)
FN:42,(anonymous_2)
FN:57,(anonymous_3)
FN:70,(anonymous_4)
FN:90,(anonymous_5)
FNF:6
FNH:3
FNDA:1,(anonymous_0)
FNDA:1,(anonymous_1)
FNDA:0,(anonymous_2)
FNDA:0,(anonymous_3)
FNDA:1,(anonymous_4)
FNDA:0,(anonymous_5)
DA:1,7
DA:9,7
DA:11,7
DA:17,1
DA:27,0
DA:30,1
DA:39,0
DA:43,0
DA:55,0
DA:58,0
DA:67,0
DA:75,1
DA:87,0
DA:91,0
DA:102,0
LF:15
LH:6
BRDA:13,0,0,0
BRDA:14,1,0,0
BRDA:15,2,0,0
BRDA:71,3,0,0
BRDA:72,4,0,0
BRDA:73,5,0,0
BRF:6
BRH:0
end_of_record
TN:
SF:src\test\helpers\renderWithRouter.tsx
FN:5,renderWithRouter
FNF:1
FNH:1
FNDA:24,renderWithRouter
DA:1,7
DA:2,7
DA:3,7
DA:5,7
DA:9,24
LF:5
LH:5
BRDA:7,0,0,20
BRF:1
BRH:1
end_of_record
TN:
SF:src\utils\getErrorMessage.ts
FN:3,(anonymous_0)
FNF:1
FNH:0
FNDA:0,(anonymous_0)
DA:1,8
DA:3,8
DA:4,0
DA:5,0
DA:7,0
DA:8,0
LF:6
LH:2
BRDA:4,0,0,0
BRDA:4,1,0,0
BRDA:4,1,1,0
BRDA:7,2,0,0
BRF:4
BRH:0
end_of_record
TN:
SF:src\utils\navigateToNextAndPrevById.ts
FN:1,(anonymous_0)
FN:6,(anonymous_1)
FNF:2
FNH:1
FNDA:4,(anonymous_0)
FNDA:0,(anonymous_1)
DA:1,7
DA:4,4
DA:6,4
DA:7,0
DA:8,0
DA:9,0
DA:11,0
DA:13,4
LF:8
LH:4
BRDA:8,0,0,0
BRDA:8,0,1,0
BRDA:9,1,0,0
BRDA:9,1,1,0
BRDA:11,2,0,0
BRF:5
BRH:0
end_of_record
TN:
SF:src\utils\valueFormatted.ts
FN:4,(anonymous_0)
FN:13,(anonymous_1)
FN:20,(anonymous_2)
FN:23,(anonymous_3)
FN:26,(anonymous_4)
FN:31,(anonymous_5)
FN:35,(anonymous_6)
FN:37,(anonymous_7)
FN:47,(anonymous_8)
FN:51,(anonymous_9)
FN:58,(anonymous_10)
FN:62,(anonymous_11)
FNF:12
FNH:8
FNDA:4,(anonymous_0)
FNDA:11,(anonymous_1)
FNDA:9,(anonymous_2)
FNDA:1,(anonymous_3)
FNDA:14,(anonymous_4)
FNDA:98,(anonymous_5)
FNDA:154,(anonymous_6)
FNDA:98,(anonymous_7)
FNDA:0,(anonymous_8)
FNDA:0,(anonymous_9)
FNDA:0,(anonymous_10)
FNDA:0,(anonymous_11)
DA:3,8
DA:4,8
DA:5,4
DA:13,8
DA:14,11
DA:20,8
DA:21,9
DA:23,8
DA:24,1
DA:26,8
DA:31,14
DA:32,98
DA:35,154
DA:36,14
DA:37,98
DA:44,14
DA:47,8
DA:51,0
DA:58,0
DA:62,0
LF:20
LH:17
BRDA:5,0,0,0
BRDA:5,0,1,4
BRDA:13,1,0,2
BRDA:14,2,0,2
BRDA:14,2,1,9
BRDA:21,3,0,9
BRDA:21,3,1,0
BRDA:55,4,0,0
BRDA:55,4,1,0
BRDA:59,5,0,0
BRDA:59,5,1,0
BRDA:63,6,0,0
BRDA:63,6,1,0
BRDA:66,7,0,0
BRDA:66,7,1,0
BRF:15
BRH:5
end_of_record
