TN:
SF:src\components\Comics\ComicCard\ComicCard.module.scss
FN:8,(anonymous_0)
FN:15,(anonymous_1)
FNF:2
FNH:1
FNDA:150,(anonymous_0)
FNDA:0,(anonymous_1)
DA:1,4
DA:3,4
DA:4,4
DA:7,4
DA:9,150
DA:10,150
DA:12,0
DA:16,0
DA:20,0
DA:23,0
LF:10
LH:6
BRDA:3,0,0,4
BRDA:3,0,1,0
BRDA:3,1,0,4
BRDA:3,1,1,4
BRDA:9,2,0,150
BRDA:9,2,1,0
BRF:6
BRH:4
end_of_record
TN:
SF:src\components\Comics\ComicCard\ComicCard.tsx
FN:9,(anonymous_0)
FN:48,(anonymous_1)
FN:50,(anonymous_2)
FNF:3
FNH:3
FNDA:8,(anonymous_0)
FNDA:2,(anonymous_1)
FNDA:2,(anonymous_2)
DA:1,4
DA:3,4
DA:9,4
DA:10,8
DA:11,8
DA:21,8
DA:23,8
DA:25,8
DA:33,8
DA:37,8
DA:39,8
DA:48,8
DA:50,8
DA:51,2
DA:53,8
DA:151,4
LF:16
LH:16
BRDA:25,0,0,8
BRDA:25,0,1,0
BRDA:77,1,0,1
BRDA:77,1,1,7
BRDA:91,2,0,1
BRDA:91,2,1,7
BRDA:97,3,0,0
BRDA:97,3,1,8
BRDA:99,4,0,8
BRDA:99,4,1,8
BRDA:104,5,0,1
BRDA:104,5,1,7
BRDA:131,6,0,1
BRDA:131,6,1,7
BRDA:143,7,0,8
BRDA:143,7,1,0
BRDA:144,8,0,8
BRDA:144,8,1,8
BRF:18
BRH:15
end_of_record
TN:
SF:src\components\Comics\ComicFilter\ComicFilter.module.scss
FN:8,(anonymous_0)
FN:15,(anonymous_1)
FNF:2
FNH:1
FNDA:18,(anonymous_0)
FNDA:0,(anonymous_1)
DA:1,3
DA:3,3
DA:4,3
DA:7,3
DA:9,18
DA:10,18
DA:12,0
DA:16,0
DA:20,0
DA:23,0
LF:10
LH:6
BRDA:3,0,0,3
BRDA:3,0,1,0
BRDA:3,1,0,3
BRDA:3,1,1,3
BRDA:9,2,0,18
BRDA:9,2,1,0
BRF:6
BRH:4
end_of_record
TN:
SF:src\components\Comics\ComicFilter\ComicFilter.tsx
FN:12,(anonymous_0)
FN:18,(anonymous_1)
FN:19,(anonymous_2)
FN:32,(anonymous_3)
FN:33,(anonymous_4)
FN:46,(anonymous_5)
FN:47,(anonymous_6)
FN:66,(anonymous_7)
FN:67,(anonymous_8)
FNF:9
FNH:9
FNDA:6,(anonymous_0)
FNDA:2,(anonymous_1)
FNDA:2,(anonymous_2)
FNDA:2,(anonymous_3)
FNDA:2,(anonymous_4)
FNDA:2,(anonymous_5)
FNDA:2,(anonymous_6)
FNDA:1,(anonymous_7)
FNDA:1,(anonymous_8)
DA:2,3
DA:3,3
DA:4,3
DA:5,3
DA:12,3
DA:13,6
DA:19,2
DA:33,2
DA:47,2
DA:67,1
DA:74,3
LF:11
LH:11
BRF:0
BRH:0
end_of_record
TN:
SF:src\components\Comics\ComicList\ComicsList.module.scss
FN:8,(anonymous_0)
FN:15,(anonymous_1)
FNF:2
FNH:1
FNDA:6,(anonymous_0)
FNDA:0,(anonymous_1)
DA:1,3
DA:3,3
DA:4,3
DA:7,3
DA:9,6
DA:10,6
DA:12,0
DA:16,0
DA:20,0
DA:23,0
LF:10
LH:6
BRDA:3,0,0,3
BRDA:3,0,1,0
BRDA:3,1,0,3
BRDA:3,1,1,3
BRDA:9,2,0,6
BRDA:9,2,1,0
BRF:6
BRH:4
end_of_record
TN:
SF:src\components\Comics\ComicList\ComicsList.tsx
FN:11,(anonymous_0)
FN:26,(anonymous_1)
FNF:2
FNH:2
FNDA:4,(anonymous_0)
FNDA:1,(anonymous_1)
DA:2,3
DA:3,3
DA:4,3
DA:11,3
DA:12,4
DA:13,2
DA:21,2
DA:27,1
DA:33,3
LF:9
LH:9
BRDA:12,0,0,2
BRDA:12,1,0,4
BRDA:12,1,1,3
BRF:3
BRH:3
end_of_record
TN:
SF:src\components\Layout\Navbar\Navbar.module.scss
FN:8,(anonymous_0)
FN:15,(anonymous_1)
FNF:2
FNH:1
FNDA:37,(anonymous_0)
FNDA:0,(anonymous_1)
DA:1,1
DA:3,1
DA:4,1
DA:7,1
DA:9,37
DA:10,37
DA:12,0
DA:16,0
DA:20,0
DA:23,0
LF:10
LH:6
BRDA:3,0,0,1
BRDA:3,0,1,0
BRDA:3,1,0,1
BRDA:3,1,1,1
BRDA:9,2,0,37
BRDA:9,2,1,0
BRF:6
BRH:4
end_of_record
TN:
SF:src\components\Layout\Navbar\Navbar.tsx
FN:4,(anonymous_0)
FN:20,(anonymous_1)
FN:34,(anonymous_2)
FN:48,(anonymous_3)
FNF:4
FNH:4
FNDA:5,(anonymous_0)
FNDA:8,(anonymous_1)
FNDA:8,(anonymous_2)
FNDA:8,(anonymous_3)
DA:1,1
DA:2,1
DA:4,1
DA:5,5
DA:21,8
DA:35,8
DA:49,8
DA:65,1
LF:8
LH:8
BRDA:21,0,0,1
BRDA:21,0,1,7
BRDA:35,1,0,1
BRDA:35,1,1,7
BRDA:49,2,0,1
BRDA:49,2,1,7
BRF:6
BRH:6
end_of_record
TN:
SF:src\components\UI\Card\Card.module.scss
FN:8,(anonymous_0)
FN:15,(anonymous_1)
FNF:2
FNH:1
FNDA:12,(anonymous_0)
FNDA:0,(anonymous_1)
DA:1,4
DA:3,4
DA:4,4
DA:7,4
DA:9,12
DA:10,12
DA:12,0
DA:16,0
DA:20,0
DA:23,0
LF:10
LH:6
BRDA:3,0,0,4
BRDA:3,0,1,0
BRDA:3,1,0,4
BRDA:3,1,1,4
BRDA:9,2,0,12
BRDA:9,2,1,0
BRF:6
BRH:4
end_of_record
TN:
SF:src\components\UI\Card\Card.tsx
FN:10,(anonymous_0)
FNF:1
FNH:1
FNDA:12,(anonymous_0)
DA:2,4
DA:10,4
DA:11,12
DA:13,12
DA:20,4
LF:5
LH:5
BRF:0
BRH:0
end_of_record
TN:
SF:src\components\UI\Carousel\Carousel.module.scss
FN:8,(anonymous_0)
FN:15,(anonymous_1)
FNF:2
FNH:1
FNDA:84,(anonymous_0)
FNDA:0,(anonymous_1)
DA:1,2
DA:3,2
DA:4,2
DA:7,2
DA:9,84
DA:10,84
DA:12,0
DA:16,0
DA:20,0
DA:23,0
LF:10
LH:6
BRDA:3,0,0,2
BRDA:3,0,1,0
BRDA:3,1,0,2
BRDA:3,1,1,2
BRDA:9,2,0,84
BRDA:9,2,1,0
BRF:6
BRH:4
end_of_record
TN:
SF:src\components\UI\Carousel\Carousel.tsx
FN:14,(anonymous_0)
FN:24,(anonymous_1)
FN:25,(anonymous_2)
FN:30,(anonymous_3)
FN:31,(anonymous_4)
FN:36,(anonymous_5)
FN:41,(anonymous_6)
FN:53,(anonymous_7)
FNF:8
FNH:8
FNDA:12,(anonymous_0)
FNDA:1,(anonymous_1)
FNDA:1,(anonymous_2)
FNDA:2,(anonymous_3)
FNDA:2,(anonymous_4)
FNDA:9,(anonymous_5)
FNDA:9,(anonymous_6)
FNDA:36,(anonymous_7)
DA:1,2
DA:3,2
DA:4,2
DA:14,2
DA:21,12
DA:22,12
DA:24,12
DA:25,1
DA:26,1
DA:30,12
DA:31,2
DA:32,2
DA:36,12
DA:37,9
DA:41,9
DA:44,12
DA:54,36
DA:81,2
LF:18
LH:18
BRDA:16,0,0,12
BRDA:17,1,0,7
BRDA:18,2,0,12
BRDA:19,3,0,12
BRDA:26,4,0,1
BRDA:26,4,1,0
BRDA:32,5,0,0
BRDA:32,5,1,2
BRDA:37,6,0,6
BRDA:37,6,1,3
BRF:10
BRH:8
end_of_record
TN:
SF:src\components\UI\Carousel\CarouselSlide.module.scss
FN:8,(anonymous_0)
FN:15,(anonymous_1)
FNF:2
FNH:1
FNDA:288,(anonymous_0)
FNDA:0,(anonymous_1)
DA:1,2
DA:3,2
DA:4,2
DA:7,2
DA:9,288
DA:10,288
DA:12,0
DA:16,0
DA:20,0
DA:23,0
LF:10
LH:6
BRDA:3,0,0,2
BRDA:3,0,1,0
BRDA:3,1,0,2
BRDA:3,1,1,2
BRDA:9,2,0,288
BRDA:9,2,1,0
BRF:6
BRH:4
end_of_record
TN:
SF:src\components\UI\Carousel\CarouselSlide.tsx
FN:13,(anonymous_0)
FN:53,(anonymous_1)
FNF:2
FNH:2
FNDA:36,(anonymous_0)
FNDA:144,(anonymous_1)
DA:2,2
DA:4,2
DA:13,2
DA:20,36
DA:23,36
DA:30,36
DA:32,36
DA:54,144
DA:64,2
LF:9
LH:9
BRF:0
BRH:0
end_of_record
TN:
SF:src\components\UI\Carousel\images.ts
FNF:0
FNH:0
DA:3,2
LF:1
LH:1
BRF:0
BRH:0
end_of_record
TN:
SF:src\components\UI\Error\Error.module.scss
FN:8,(anonymous_0)
FN:15,(anonymous_1)
FNF:2
FNH:0
FNDA:0,(anonymous_0)
FNDA:0,(anonymous_1)
DA:1,2
DA:3,2
DA:4,2
DA:7,2
DA:9,0
DA:10,0
DA:12,0
DA:16,0
DA:20,0
DA:23,0
LF:10
LH:4
BRDA:3,0,0,2
BRDA:3,0,1,0
BRDA:3,1,0,2
BRDA:3,1,1,2
BRDA:9,2,0,0
BRDA:9,2,1,0
BRF:6
BRH:3
end_of_record
TN:
SF:src\components\UI\Error\Error.tsx
FN:6,(anonymous_0)
FNF:1
FNH:0
FNDA:0,(anonymous_0)
DA:1,2
DA:6,2
DA:7,0
DA:15,2
LF:4
LH:3
BRF:0
BRH:0
end_of_record
TN:
SF:src\components\UI\Input\Input.module.scss
FN:8,(anonymous_0)
FN:15,(anonymous_1)
FNF:2
FNH:1
FNDA:6,(anonymous_0)
FNDA:0,(anonymous_1)
DA:1,3
DA:3,3
DA:4,3
DA:7,3
DA:9,6
DA:10,6
DA:12,0
DA:16,0
DA:20,0
DA:23,0
LF:10
LH:6
BRDA:3,0,0,3
BRDA:3,0,1,0
BRDA:3,1,0,3
BRDA:3,1,1,3
BRDA:9,2,0,6
BRDA:9,2,1,0
BRF:6
BRH:4
end_of_record
TN:
SF:src\components\UI\Input\Input.tsx
FN:7,(anonymous_0)
FN:9,(anonymous_1)
FNF:2
FNH:1
FNDA:6,(anonymous_0)
FNDA:0,(anonymous_1)
DA:1,3
DA:2,3
DA:6,3
DA:8,6
DA:9,6
DA:11,6
DA:13,6
DA:17,3
LF:8
LH:8
BRF:0
BRH:0
end_of_record
TN:
SF:src\components\UI\Loader\Loader.module.scss
FN:8,(anonymous_0)
FN:15,(anonymous_1)
FNF:2
FNH:1
FNDA:1,(anonymous_0)
FNDA:0,(anonymous_1)
DA:1,2
DA:3,2
DA:4,2
DA:7,2
DA:9,1
DA:10,1
DA:12,0
DA:16,0
DA:20,0
DA:23,0
LF:10
LH:6
BRDA:3,0,0,2
BRDA:3,0,1,0
BRDA:3,1,0,2
BRDA:3,1,1,2
BRDA:9,2,0,1
BRDA:9,2,1,0
BRF:6
BRH:4
end_of_record
TN:
SF:src\components\UI\Loader\Loader.tsx
FN:3,(anonymous_0)
FNF:1
FNH:1
FNDA:1,(anonymous_0)
DA:1,2
DA:3,2
DA:4,1
DA:16,2
LF:4
LH:4
BRF:0
BRH:0
end_of_record
TN:
SF:src\components\UI\Select\Select.module.scss
FN:8,(anonymous_0)
FN:15,(anonymous_1)
FNF:2
FNH:1
FNDA:36,(anonymous_0)
FNDA:0,(anonymous_1)
DA:1,3
DA:3,3
DA:4,3
DA:7,3
DA:9,36
DA:10,36
DA:12,0
DA:16,0
DA:20,0
DA:23,0
LF:10
LH:6
BRDA:3,0,0,3
BRDA:3,0,1,0
BRDA:3,1,0,3
BRDA:3,1,1,3
BRDA:9,2,0,36
BRDA:9,2,1,0
BRF:6
BRH:4
end_of_record
TN:
SF:src\components\UI\Select\Select.tsx
FN:16,(anonymous_0)
FN:27,(anonymous_1)
FN:42,(anonymous_2)
FN:49,(anonymous_3)
FNF:4
FNH:4
FNDA:18,(anonymous_0)
FNDA:15,(anonymous_1)
FNDA:6,(anonymous_2)
FNDA:90,(anonymous_3)
DA:1,3
DA:2,3
DA:16,3
DA:24,18
DA:25,18
DA:27,18
DA:28,15
DA:29,15
DA:36,18
DA:43,6
DA:50,90
DA:59,3
LF:12
LH:12
BRDA:28,0,0,15
BRDA:31,1,0,10
BRDA:31,1,1,5
BRF:3
BRH:3
end_of_record
TN:
SF:src\hooks\useFetching.ts
FN:12,(anonymous_0)
FN:19,(anonymous_1)
FNF:2
FNH:2
FNDA:7,(anonymous_0)
FNDA:3,(anonymous_1)
DA:2,3
DA:3,3
DA:12,3
DA:15,7
DA:16,7
DA:18,7
DA:20,3
DA:21,3
DA:22,3
DA:23,3
DA:25,0
DA:26,0
DA:28,2
DA:34,7
LF:14
LH:12
BRF:0
BRH:0
end_of_record
TN:
SF:src\hooks\useInput.ts
FN:14,(anonymous_0)
FN:20,(anonymous_1)
FN:22,(anonymous_2)
FN:23,(anonymous_3)
FNF:4
FNH:4
FNDA:9,(anonymous_0)
FNDA:3,(anonymous_1)
FNDA:2,(anonymous_2)
FNDA:1,(anonymous_3)
DA:1,1
DA:14,1
DA:15,9
DA:16,9
DA:18,9
DA:19,9
DA:20,9
DA:21,3
DA:22,9
DA:23,9
DA:24,1
DA:25,1
DA:27,9
DA:36,1
LF:14
LH:14
BRDA:19,0,0,9
BRDA:19,0,1,7
BRF:2
BRH:2
end_of_record
TN:
SF:src\hooks\useObserver.ts
FN:23,(anonymous_0)
FN:33,(anonymous_1)
FN:37,(anonymous_2)
FN:48,(anonymous_3)
FNF:4
FNH:4
FNDA:8,(anonymous_0)
FNDA:8,(anonymous_1)
FNDA:5,(anonymous_2)
FNDA:6,(anonymous_3)
DA:1,3
DA:23,3
DA:30,8
DA:31,8
DA:33,8
DA:34,8
DA:36,6
DA:38,5
DA:46,6
DA:48,6
DA:49,6
DA:53,8
LF:12
LH:12
BRDA:25,0,0,4
BRDA:26,1,0,5
BRDA:27,2,0,5
BRDA:28,3,0,7
BRDA:34,4,0,2
BRDA:38,5,0,3
BRDA:38,6,0,5
BRDA:38,6,1,3
BRDA:46,7,0,1
BRDA:49,8,0,6
BRF:10
BRH:10
end_of_record
TN:
SF:src\hooks\useSortingAndSearching.ts
FN:9,(anonymous_0)
FN:13,(anonymous_1)
FN:15,(anonymous_2)
FN:41,(anonymous_3)
FN:46,(anonymous_4)
FN:47,(anonymous_5)
FNF:6
FNH:6
FNDA:9,(anonymous_0)
FNDA:8,(anonymous_1)
FNDA:19,(anonymous_2)
FNDA:5,(anonymous_3)
FNDA:4,(anonymous_4)
FNDA:9,(anonymous_5)
DA:1,3
DA:9,3
DA:13,9
DA:14,8
DA:15,6
DA:16,19
DA:18,13
DA:20,4
DA:22,2
DA:27,2
DA:30,9
DA:41,3
DA:44,5
DA:46,5
DA:47,4
DA:48,9
DA:49,6
DA:50,6
DA:56,5
LF:19
LH:19
BRDA:14,0,0,6
BRDA:16,1,0,13
BRDA:16,1,1,4
BRDA:16,1,2,2
BRDA:17,2,0,19
BRDA:17,2,1,13
BRDA:19,3,0,6
BRDA:19,3,1,4
BRDA:48,4,0,3
BRDA:49,5,0,6
BRDA:49,6,0,6
BRDA:49,6,1,6
BRF:12
BRH:12
end_of_record
TN:
SF:src\pages\Cart.tsx
FN:1,(anonymous_0)
FNF:1
FNH:0
FNDA:0,(anonymous_0)
DA:1,2
DA:2,0
DA:5,2
LF:3
LH:2
BRF:0
BRH:0
end_of_record
TN:
SF:src\pages\Characters.tsx
FN:1,(anonymous_0)
FNF:1
FNH:1
FNDA:1,(anonymous_0)
DA:1,2
DA:2,1
DA:5,2
LF:3
LH:3
BRF:0
BRH:0
end_of_record
TN:
SF:src\pages\Home.tsx
FN:4,(anonymous_0)
FNF:1
FNH:1
FNDA:6,(anonymous_0)
DA:1,2
DA:2,2
DA:4,2
DA:5,6
DA:12,2
LF:5
LH:5
BRF:0
BRH:0
end_of_record
TN:
SF:src\pages\MyComicsZone.tsx
FN:1,(anonymous_0)
FNF:1
FNH:1
FNDA:1,(anonymous_0)
DA:1,2
DA:2,1
DA:5,2
LF:3
LH:3
BRF:0
BRH:0
end_of_record
TN:
SF:src\pages\Comics\Comics.tsx
FN:13,(anonymous_0)
FN:35,(anonymous_1)
FN:40,(anonymous_2)
FN:53,(anonymous_3)
FN:56,(anonymous_4)
FN:56,(anonymous_5)
FN:62,(anonymous_6)
FN:62,(anonymous_7)
FN:68,(anonymous_8)
FNF:9
FNH:3
FNDA:2,(anonymous_0)
FNDA:1,(anonymous_1)
FNDA:0,(anonymous_2)
FNDA:0,(anonymous_3)
FNDA:0,(anonymous_4)
FNDA:0,(anonymous_5)
FNDA:0,(anonymous_6)
FNDA:0,(anonymous_7)
FNDA:1,(anonymous_8)
DA:1,2
DA:2,2
DA:3,2
DA:4,2
DA:5,2
DA:6,2
DA:7,2
DA:8,2
DA:9,2
DA:11,2
DA:13,2
DA:14,2
DA:15,2
DA:16,2
DA:18,2
DA:24,2
DA:31,2
DA:36,1
DA:37,0
DA:38,0
DA:40,0
DA:53,0
DA:55,0
DA:56,0
DA:61,2
DA:62,0
DA:68,2
DA:69,1
DA:72,2
DA:91,2
LF:30
LH:23
BRDA:44,0,0,0
BRDA:44,0,1,0
BRDA:45,1,0,0
BRDA:45,1,1,0
BRDA:64,2,0,2
BRDA:64,2,1,0
BRDA:74,3,0,2
BRDA:74,3,1,0
BRDA:79,4,0,2
BRDA:79,4,1,2
BRDA:85,5,0,2
BRDA:85,5,1,1
BRF:12
BRH:6
end_of_record
TN:
SF:src\pages\Page404\Page404.module.scss
FN:8,(anonymous_0)
FN:15,(anonymous_1)
FNF:2
FNH:1
FNDA:8,(anonymous_0)
FNDA:0,(anonymous_1)
DA:1,2
DA:3,2
DA:4,2
DA:7,2
DA:9,8
DA:10,8
DA:12,0
DA:16,0
DA:20,0
DA:23,0
LF:10
LH:6
BRDA:3,0,0,2
BRDA:3,0,1,0
BRDA:3,1,0,2
BRDA:3,1,1,2
BRDA:9,2,0,8
BRDA:9,2,1,0
BRF:6
BRH:4
end_of_record
TN:
SF:src\pages\Page404\Page404.tsx
FN:4,(anonymous_0)
FNF:1
FNH:1
FNDA:4,(anonymous_0)
DA:1,2
DA:2,2
DA:4,2
DA:5,4
DA:17,2
LF:5
LH:5
BRF:0
BRH:0
end_of_record
TN:
SF:src\router\AppRouter.tsx
FN:9,(anonymous_0)
FNF:1
FNH:1
FNDA:10,(anonymous_0)
DA:1,2
DA:2,2
DA:3,2
DA:4,2
DA:5,2
DA:6,2
DA:7,2
DA:9,2
DA:10,10
DA:22,2
LF:10
LH:10
BRF:0
BRH:0
end_of_record
TN:
SF:src\services\ComicsService.ts
FN:7,(anonymous_0)
FNF:1
FNH:1
FNDA:1,(anonymous_0)
DA:1,2
DA:4,2
DA:6,2
DA:12,1
DA:22,0
LF:5
LH:4
BRDA:8,0,0,0
BRDA:9,1,0,0
BRDA:10,2,0,0
BRF:3
BRH:0
end_of_record
TN:
SF:src\test\helpers\renderWithRouter.tsx
FN:5,renderWithRouter
FNF:1
FNH:1
FNDA:10,renderWithRouter
DA:1,2
DA:2,2
DA:3,2
DA:5,2
DA:9,10
LF:5
LH:5
BRDA:7,0,0,6
BRF:1
BRH:1
end_of_record
TN:
SF:src\utils\getErrorMessage.ts
FN:3,(anonymous_0)
FNF:1
FNH:0
FNDA:0,(anonymous_0)
DA:1,3
DA:3,3
DA:4,0
DA:5,0
DA:7,0
DA:8,0
LF:6
LH:2
BRDA:4,0,0,0
BRDA:4,1,0,0
BRDA:4,1,1,0
BRDA:7,2,0,0
BRF:4
BRH:0
end_of_record
TN:
SF:src\utils\getTotalCount.ts
FN:1,(anonymous_0)
FNF:1
FNH:0
FNDA:0,(anonymous_0)
DA:1,2
DA:2,0
LF:2
LH:1
BRF:0
BRH:0
end_of_record
